Reading timing models for corner nom_tt_025C_1v80…
Reading cell library for the 'nom_tt_025C_1v80' corner at '/nc/pdk/ciel/sky130/versions/0fe599b2afb6708d281543108caf8310912f54af/sky130A/libs.ref/sky130_fd_sc_hd/lib/sky130_fd_sc_hd__tt_025C_1v80.lib'…
Reading cell library for the 'nom_tt_025C_1v80' corner at '/nc/ip/CF_SRAM_1024x32/v2.2.0-nc/lib/CF_SRAM_1024x32_tt_180V_25C.lib'…
Warning: /nc/ip/CF_SRAM_1024x32/v2.2.0-nc/lib/CF_SRAM_1024x32_tt_180V_25C.lib line 62, default_fanout_load is 0.0.
Reading explicitly-specified extra libs for nom_tt_025C_1v80…
Reading extra timing library for the 'nom_tt_025C_1v80' corner at '/nc/ip/CF_SRAM_1024x32/v2.2.0-nc/lib/CF_SRAM_1024x32_ff_195V_100C.lib'…
Warning: /nc/ip/CF_SRAM_1024x32/v2.2.0-nc/lib/CF_SRAM_1024x32_ff_195V_100C.lib line 76, default_fanout_load is 0.0.
Reading extra timing library for the 'nom_tt_025C_1v80' corner at '/nc/ip/CF_SRAM_1024x32/v2.2.0-nc/lib/CF_SRAM_1024x32_ss_160V_100C.lib'…
Warning: /nc/ip/CF_SRAM_1024x32/v2.2.0-nc/lib/CF_SRAM_1024x32_ss_160V_100C.lib line 76, default_fanout_load is 0.0.
Reading extra timing library for the 'nom_tt_025C_1v80' corner at '/nc/ip/CF_SRAM_1024x32/v2.2.0-nc/lib/CF_SRAM_1024x32_tt_180V_25C.lib'…
Warning: /nc/ip/CF_SRAM_1024x32/v2.2.0-nc/lib/CF_SRAM_1024x32_tt_180V_25C.lib line 29, library CF_SRAM_1024x32_tt_180V_25C already exists.
Warning: /nc/ip/CF_SRAM_1024x32/v2.2.0-nc/lib/CF_SRAM_1024x32_tt_180V_25C.lib line 62, default_fanout_load is 0.0.
Reading Verilog model at '/nc/ip/CF_SRAM_1024x32/v2.2.0-nc/hdl/CF_SRAM_1024x32_stub.v'…
Warning: /nc/ip/CF_SRAM_1024x32/v2.2.0-nc/hdl/CF_SRAM_1024x32_stub.v line 48, signal vpwra previously declared on line 46.
Warning: /nc/ip/CF_SRAM_1024x32/v2.2.0-nc/hdl/CF_SRAM_1024x32_stub.v line 55, signal vpwrp previously declared on line 53.
Reading top-level netlist at '/workspace/nc-project-20260529-210526/mspm33c321a_derivative_mcu/openlane/mspm33c321a_derivative_mcu_wrapper/runs/pnr_run_v4/02-yosys-synthesis/mspm33c321a_derivative_mcu_wrapper.nl.v'…
Linking design 'mspm33c321a_derivative_mcu_wrapper' from netlist…
Reading design constraints file at '/workspace/nc-project-20260529-210526/mspm33c321a_derivative_mcu/openlane/mspm33c321a_derivative_mcu_wrapper/mspm33c321a_derivative_mcu_wrapper.sdc'…
[INFO] Using clock clk_in…
[INFO] Setting output delay to: 5.0
[INFO] Setting input delay to: 5.0
Warning: base.sdc line 45, set_output_delay relative to a clock defined on the same port/pin not allowed.
[INFO] Setting load to: 0.033442
[INFO] Setting clock uncertainty to: 0.25
[INFO] Setting clock transition to: 0.1499999999999999944488848768742172978818416595458984375
[INFO] Setting timing derate to: 5%
Warning: mspm33c321a_derivative_mcu_wrapper.sdc line 48, set_output_delay relative to a clock defined on the same port/pin not allowed.
[INFO] No information on clock propagation in input SDC file-- propagating all clocks.
