37 Yosys check errors found.
[STA-1173] /nc/ip/CF_SRAM_1024x32/v2.2.0-nc/lib/CF_SRAM_1024x32_tt_180V_25C.lib line 62, default_fanout_load is 0.0.
[STA-1140] /nc/ip/CF_SRAM_1024x32/v2.2.0-nc/lib/CF_SRAM_1024x32_tt_180V_25C.lib line 29, library CF_SRAM_1024x32_tt_180V_25C already exists.
[STA-1173] /nc/ip/CF_SRAM_1024x32/v2.2.0-nc/lib/CF_SRAM_1024x32_tt_180V_25C.lib line 62, default_fanout_load is 0.0.
[STA-1173] /nc/ip/CF_SRAM_1024x32/v2.2.0-nc/lib/CF_SRAM_1024x32_ff_195V_100C.lib line 76, default_fanout_load is 0.0.
[STA-1173] /nc/ip/CF_SRAM_1024x32/v2.2.0-nc/lib/CF_SRAM_1024x32_ss_160V_100C.lib line 76, default_fanout_load is 0.0.
[STA-1140] /nc/ip/CF_SRAM_1024x32/v2.2.0-nc/lib/CF_SRAM_1024x32_tt_180V_25C.lib line 29, library CF_SRAM_1024x32_tt_180V_25C already exists.
[STA-1173] /nc/ip/CF_SRAM_1024x32/v2.2.0-nc/lib/CF_SRAM_1024x32_tt_180V_25C.lib line 62, default_fanout_load is 0.0.
[ODB-0229] Error: library (CF_SRAM_1024x32) already exists
[STA-0441] set_output_delay relative to a clock defined on the same port/pin not allowed.
[STA-0441] set_output_delay relative to a clock defined on the same port/pin not allowed.
[IFP-0028] Core area lower left (275.000, 275.000) snapped to (275.080, 277.440).
Cell 'CF_SRAM_1024x32' has (86) input pin(s) without antenna gate information. They might not be connected to a gate.
Cell 'CF_SRAM_1024x32' has (33) output pin(s) without antenna diffusion information. They might not be driven.
Using 'MACRO_PLACEMENT_CFG' is deprecated. It is recommended to use the new 'MACROS' configuration variable.
[STA-1173] /nc/ip/CF_SRAM_1024x32/v2.2.0-nc/lib/CF_SRAM_1024x32_tt_180V_25C.lib line 62, default_fanout_load is 0.0.
[STA-1140] /nc/ip/CF_SRAM_1024x32/v2.2.0-nc/lib/CF_SRAM_1024x32_tt_180V_25C.lib line 29, library CF_SRAM_1024x32_tt_180V_25C already exists.
[STA-1173] /nc/ip/CF_SRAM_1024x32/v2.2.0-nc/lib/CF_SRAM_1024x32_tt_180V_25C.lib line 62, default_fanout_load is 0.0.
[STA-1173] /nc/ip/CF_SRAM_1024x32/v2.2.0-nc/lib/CF_SRAM_1024x32_ff_195V_100C.lib line 76, default_fanout_load is 0.0.
[STA-1173] /nc/ip/CF_SRAM_1024x32/v2.2.0-nc/lib/CF_SRAM_1024x32_ss_160V_100C.lib line 76, default_fanout_load is 0.0.
[STA-1140] /nc/ip/CF_SRAM_1024x32/v2.2.0-nc/lib/CF_SRAM_1024x32_tt_180V_25C.lib line 29, library CF_SRAM_1024x32_tt_180V_25C already exists.
[STA-1173] /nc/ip/CF_SRAM_1024x32/v2.2.0-nc/lib/CF_SRAM_1024x32_tt_180V_25C.lib line 62, default_fanout_load is 0.0.
[STA-0441] set_output_delay relative to a clock defined on the same port/pin not allowed.
[STA-0441] set_output_delay relative to a clock defined on the same port/pin not allowed.
