Reading timing models for corner max_tt_025C_1v80…
Reading timing library for the 'max_tt_025C_1v80' corner at '/nc/pdk/ciel/sky130/versions/0fe599b2afb6708d281543108caf8310912f54af/sky130A/libs.ref/sky130_fd_sc_hd/lib/sky130_fd_sc_hd__tt_025C_1v80.lib'…
Reading timing library for the 'max_tt_025C_1v80' corner at '/nc/ip/CF_SRAM_1024x32/v2.2.0-nc/lib/CF_SRAM_1024x32_ff_195V_100C.lib'…
[WARNING STA-1173] /nc/ip/CF_SRAM_1024x32/v2.2.0-nc/lib/CF_SRAM_1024x32_ff_195V_100C.lib line 76, default_fanout_load is 0.0.
Reading explicitly-specified extra libs for max_tt_025C_1v80…
Reading extra timing library for the 'max_tt_025C_1v80' corner at '/nc/ip/CF_SRAM_1024x32/v2.2.0-nc/lib/CF_SRAM_1024x32_ff_195V_100C.lib'…
[WARNING STA-1140] /nc/ip/CF_SRAM_1024x32/v2.2.0-nc/lib/CF_SRAM_1024x32_ff_195V_100C.lib line 43, library CF_SRAM_1024x32_ff_195V_100C already exists.
[WARNING STA-1173] /nc/ip/CF_SRAM_1024x32/v2.2.0-nc/lib/CF_SRAM_1024x32_ff_195V_100C.lib line 76, default_fanout_load is 0.0.
Reading extra timing library for the 'max_tt_025C_1v80' corner at '/nc/ip/CF_SRAM_1024x32/v2.2.0-nc/lib/CF_SRAM_1024x32_ss_160V_100C.lib'…
[WARNING STA-1173] /nc/ip/CF_SRAM_1024x32/v2.2.0-nc/lib/CF_SRAM_1024x32_ss_160V_100C.lib line 76, default_fanout_load is 0.0.
Reading extra timing library for the 'max_tt_025C_1v80' corner at '/nc/ip/CF_SRAM_1024x32/v2.2.0-nc/lib/CF_SRAM_1024x32_tt_180V_25C.lib'…
[WARNING STA-1173] /nc/ip/CF_SRAM_1024x32/v2.2.0-nc/lib/CF_SRAM_1024x32_tt_180V_25C.lib line 62, default_fanout_load is 0.0.
Reading timing models for corner min_ss_100C_1v60…
Reading timing library for the 'min_ss_100C_1v60' corner at '/nc/pdk/ciel/sky130/versions/0fe599b2afb6708d281543108caf8310912f54af/sky130A/libs.ref/sky130_fd_sc_hd/lib/sky130_fd_sc_hd__ss_100C_1v60.lib'…
Reading timing library for the 'min_ss_100C_1v60' corner at '/nc/ip/CF_SRAM_1024x32/v2.2.0-nc/lib/CF_SRAM_1024x32_ss_160V_100C.lib'…
[WARNING STA-1140] /nc/ip/CF_SRAM_1024x32/v2.2.0-nc/lib/CF_SRAM_1024x32_ss_160V_100C.lib line 43, library CF_SRAM_1024x32_ss_160V_100C already exists.
[WARNING STA-1173] /nc/ip/CF_SRAM_1024x32/v2.2.0-nc/lib/CF_SRAM_1024x32_ss_160V_100C.lib line 76, default_fanout_load is 0.0.
Reading explicitly-specified extra libs for min_ss_100C_1v60…
Reading extra timing library for the 'min_ss_100C_1v60' corner at '/nc/ip/CF_SRAM_1024x32/v2.2.0-nc/lib/CF_SRAM_1024x32_ff_195V_100C.lib'…
[WARNING STA-1140] /nc/ip/CF_SRAM_1024x32/v2.2.0-nc/lib/CF_SRAM_1024x32_ff_195V_100C.lib line 43, library CF_SRAM_1024x32_ff_195V_100C already exists.
[WARNING STA-1173] /nc/ip/CF_SRAM_1024x32/v2.2.0-nc/lib/CF_SRAM_1024x32_ff_195V_100C.lib line 76, default_fanout_load is 0.0.
Reading extra timing library for the 'min_ss_100C_1v60' corner at '/nc/ip/CF_SRAM_1024x32/v2.2.0-nc/lib/CF_SRAM_1024x32_ss_160V_100C.lib'…
[WARNING STA-1140] /nc/ip/CF_SRAM_1024x32/v2.2.0-nc/lib/CF_SRAM_1024x32_ss_160V_100C.lib line 43, library CF_SRAM_1024x32_ss_160V_100C already exists.
[WARNING STA-1173] /nc/ip/CF_SRAM_1024x32/v2.2.0-nc/lib/CF_SRAM_1024x32_ss_160V_100C.lib line 76, default_fanout_load is 0.0.
Reading extra timing library for the 'min_ss_100C_1v60' corner at '/nc/ip/CF_SRAM_1024x32/v2.2.0-nc/lib/CF_SRAM_1024x32_tt_180V_25C.lib'…
[WARNING STA-1140] /nc/ip/CF_SRAM_1024x32/v2.2.0-nc/lib/CF_SRAM_1024x32_tt_180V_25C.lib line 29, library CF_SRAM_1024x32_tt_180V_25C already exists.
[WARNING STA-1173] /nc/ip/CF_SRAM_1024x32/v2.2.0-nc/lib/CF_SRAM_1024x32_tt_180V_25C.lib line 62, default_fanout_load is 0.0.
Reading timing models for corner nom_tt_025C_1v80…
Reading timing library for the 'nom_tt_025C_1v80' corner at '/nc/pdk/ciel/sky130/versions/0fe599b2afb6708d281543108caf8310912f54af/sky130A/libs.ref/sky130_fd_sc_hd/lib/sky130_fd_sc_hd__tt_025C_1v80.lib'…
[WARNING STA-1140] /nc/pdk/ciel/sky130/versions/0fe599b2afb6708d281543108caf8310912f54af/sky130A/libs.ref/sky130_fd_sc_hd/lib/sky130_fd_sc_hd__tt_025C_1v80.lib line 1, library sky130_fd_sc_hd__tt_025C_1v80 already exists.
Reading timing library for the 'nom_tt_025C_1v80' corner at '/nc/ip/CF_SRAM_1024x32/v2.2.0-nc/lib/CF_SRAM_1024x32_tt_180V_25C.lib'…
[WARNING STA-1140] /nc/ip/CF_SRAM_1024x32/v2.2.0-nc/lib/CF_SRAM_1024x32_tt_180V_25C.lib line 29, library CF_SRAM_1024x32_tt_180V_25C already exists.
[WARNING STA-1173] /nc/ip/CF_SRAM_1024x32/v2.2.0-nc/lib/CF_SRAM_1024x32_tt_180V_25C.lib line 62, default_fanout_load is 0.0.
Reading explicitly-specified extra libs for nom_tt_025C_1v80…
Reading extra timing library for the 'nom_tt_025C_1v80' corner at '/nc/ip/CF_SRAM_1024x32/v2.2.0-nc/lib/CF_SRAM_1024x32_ff_195V_100C.lib'…
[WARNING STA-1140] /nc/ip/CF_SRAM_1024x32/v2.2.0-nc/lib/CF_SRAM_1024x32_ff_195V_100C.lib line 43, library CF_SRAM_1024x32_ff_195V_100C already exists.
[WARNING STA-1173] /nc/ip/CF_SRAM_1024x32/v2.2.0-nc/lib/CF_SRAM_1024x32_ff_195V_100C.lib line 76, default_fanout_load is 0.0.
Reading extra timing library for the 'nom_tt_025C_1v80' corner at '/nc/ip/CF_SRAM_1024x32/v2.2.0-nc/lib/CF_SRAM_1024x32_ss_160V_100C.lib'…
[WARNING STA-1140] /nc/ip/CF_SRAM_1024x32/v2.2.0-nc/lib/CF_SRAM_1024x32_ss_160V_100C.lib line 43, library CF_SRAM_1024x32_ss_160V_100C already exists.
[WARNING STA-1173] /nc/ip/CF_SRAM_1024x32/v2.2.0-nc/lib/CF_SRAM_1024x32_ss_160V_100C.lib line 76, default_fanout_load is 0.0.
Reading extra timing library for the 'nom_tt_025C_1v80' corner at '/nc/ip/CF_SRAM_1024x32/v2.2.0-nc/lib/CF_SRAM_1024x32_tt_180V_25C.lib'…
[WARNING STA-1140] /nc/ip/CF_SRAM_1024x32/v2.2.0-nc/lib/CF_SRAM_1024x32_tt_180V_25C.lib line 29, library CF_SRAM_1024x32_tt_180V_25C already exists.
[WARNING STA-1173] /nc/ip/CF_SRAM_1024x32/v2.2.0-nc/lib/CF_SRAM_1024x32_tt_180V_25C.lib line 62, default_fanout_load is 0.0.
Reading timing models for corner max_ff_n40C_1v95…
Reading timing library for the 'max_ff_n40C_1v95' corner at '/nc/pdk/ciel/sky130/versions/0fe599b2afb6708d281543108caf8310912f54af/sky130A/libs.ref/sky130_fd_sc_hd/lib/sky130_fd_sc_hd__ff_n40C_1v95.lib'…
Reading timing library for the 'max_ff_n40C_1v95' corner at '/nc/ip/CF_SRAM_1024x32/v2.2.0-nc/lib/CF_SRAM_1024x32_ff_195V_100C.lib'…
[WARNING STA-1140] /nc/ip/CF_SRAM_1024x32/v2.2.0-nc/lib/CF_SRAM_1024x32_ff_195V_100C.lib line 43, library CF_SRAM_1024x32_ff_195V_100C already exists.
[WARNING STA-1173] /nc/ip/CF_SRAM_1024x32/v2.2.0-nc/lib/CF_SRAM_1024x32_ff_195V_100C.lib line 76, default_fanout_load is 0.0.
Reading explicitly-specified extra libs for max_ff_n40C_1v95…
Reading extra timing library for the 'max_ff_n40C_1v95' corner at '/nc/ip/CF_SRAM_1024x32/v2.2.0-nc/lib/CF_SRAM_1024x32_ff_195V_100C.lib'…
[WARNING STA-1140] /nc/ip/CF_SRAM_1024x32/v2.2.0-nc/lib/CF_SRAM_1024x32_ff_195V_100C.lib line 43, library CF_SRAM_1024x32_ff_195V_100C already exists.
[WARNING STA-1173] /nc/ip/CF_SRAM_1024x32/v2.2.0-nc/lib/CF_SRAM_1024x32_ff_195V_100C.lib line 76, default_fanout_load is 0.0.
Reading extra timing library for the 'max_ff_n40C_1v95' corner at '/nc/ip/CF_SRAM_1024x32/v2.2.0-nc/lib/CF_SRAM_1024x32_ss_160V_100C.lib'…
[WARNING STA-1140] /nc/ip/CF_SRAM_1024x32/v2.2.0-nc/lib/CF_SRAM_1024x32_ss_160V_100C.lib line 43, library CF_SRAM_1024x32_ss_160V_100C already exists.
[WARNING STA-1173] /nc/ip/CF_SRAM_1024x32/v2.2.0-nc/lib/CF_SRAM_1024x32_ss_160V_100C.lib line 76, default_fanout_load is 0.0.
Reading extra timing library for the 'max_ff_n40C_1v95' corner at '/nc/ip/CF_SRAM_1024x32/v2.2.0-nc/lib/CF_SRAM_1024x32_tt_180V_25C.lib'…
[WARNING STA-1140] /nc/ip/CF_SRAM_1024x32/v2.2.0-nc/lib/CF_SRAM_1024x32_tt_180V_25C.lib line 29, library CF_SRAM_1024x32_tt_180V_25C already exists.
[WARNING STA-1173] /nc/ip/CF_SRAM_1024x32/v2.2.0-nc/lib/CF_SRAM_1024x32_tt_180V_25C.lib line 62, default_fanout_load is 0.0.
Reading timing models for corner nom_ff_n40C_1v95…
Reading timing library for the 'nom_ff_n40C_1v95' corner at '/nc/pdk/ciel/sky130/versions/0fe599b2afb6708d281543108caf8310912f54af/sky130A/libs.ref/sky130_fd_sc_hd/lib/sky130_fd_sc_hd__ff_n40C_1v95.lib'…
[WARNING STA-1140] /nc/pdk/ciel/sky130/versions/0fe599b2afb6708d281543108caf8310912f54af/sky130A/libs.ref/sky130_fd_sc_hd/lib/sky130_fd_sc_hd__ff_n40C_1v95.lib line 1, library sky130_fd_sc_hd__ff_n40C_1v95 already exists.
Reading timing library for the 'nom_ff_n40C_1v95' corner at '/nc/ip/CF_SRAM_1024x32/v2.2.0-nc/lib/CF_SRAM_1024x32_tt_180V_25C.lib'…
[WARNING STA-1140] /nc/ip/CF_SRAM_1024x32/v2.2.0-nc/lib/CF_SRAM_1024x32_tt_180V_25C.lib line 29, library CF_SRAM_1024x32_tt_180V_25C already exists.
[WARNING STA-1173] /nc/ip/CF_SRAM_1024x32/v2.2.0-nc/lib/CF_SRAM_1024x32_tt_180V_25C.lib line 62, default_fanout_load is 0.0.
Reading explicitly-specified extra libs for nom_ff_n40C_1v95…
Reading extra timing library for the 'nom_ff_n40C_1v95' corner at '/nc/ip/CF_SRAM_1024x32/v2.2.0-nc/lib/CF_SRAM_1024x32_ff_195V_100C.lib'…
[WARNING STA-1140] /nc/ip/CF_SRAM_1024x32/v2.2.0-nc/lib/CF_SRAM_1024x32_ff_195V_100C.lib line 43, library CF_SRAM_1024x32_ff_195V_100C already exists.
[WARNING STA-1173] /nc/ip/CF_SRAM_1024x32/v2.2.0-nc/lib/CF_SRAM_1024x32_ff_195V_100C.lib line 76, default_fanout_load is 0.0.
Reading extra timing library for the 'nom_ff_n40C_1v95' corner at '/nc/ip/CF_SRAM_1024x32/v2.2.0-nc/lib/CF_SRAM_1024x32_ss_160V_100C.lib'…
[WARNING STA-1140] /nc/ip/CF_SRAM_1024x32/v2.2.0-nc/lib/CF_SRAM_1024x32_ss_160V_100C.lib line 43, library CF_SRAM_1024x32_ss_160V_100C already exists.
[WARNING STA-1173] /nc/ip/CF_SRAM_1024x32/v2.2.0-nc/lib/CF_SRAM_1024x32_ss_160V_100C.lib line 76, default_fanout_load is 0.0.
Reading extra timing library for the 'nom_ff_n40C_1v95' corner at '/nc/ip/CF_SRAM_1024x32/v2.2.0-nc/lib/CF_SRAM_1024x32_tt_180V_25C.lib'…
[WARNING STA-1140] /nc/ip/CF_SRAM_1024x32/v2.2.0-nc/lib/CF_SRAM_1024x32_tt_180V_25C.lib line 29, library CF_SRAM_1024x32_tt_180V_25C already exists.
[WARNING STA-1173] /nc/ip/CF_SRAM_1024x32/v2.2.0-nc/lib/CF_SRAM_1024x32_tt_180V_25C.lib line 62, default_fanout_load is 0.0.
Reading timing models for corner max_ss_100C_1v60…
Reading timing library for the 'max_ss_100C_1v60' corner at '/nc/pdk/ciel/sky130/versions/0fe599b2afb6708d281543108caf8310912f54af/sky130A/libs.ref/sky130_fd_sc_hd/lib/sky130_fd_sc_hd__ss_100C_1v60.lib'…
[WARNING STA-1140] /nc/pdk/ciel/sky130/versions/0fe599b2afb6708d281543108caf8310912f54af/sky130A/libs.ref/sky130_fd_sc_hd/lib/sky130_fd_sc_hd__ss_100C_1v60.lib line 1, library sky130_fd_sc_hd__ss_100C_1v60 already exists.
Reading timing library for the 'max_ss_100C_1v60' corner at '/nc/ip/CF_SRAM_1024x32/v2.2.0-nc/lib/CF_SRAM_1024x32_ff_195V_100C.lib'…
[WARNING STA-1140] /nc/ip/CF_SRAM_1024x32/v2.2.0-nc/lib/CF_SRAM_1024x32_ff_195V_100C.lib line 43, library CF_SRAM_1024x32_ff_195V_100C already exists.
[WARNING STA-1173] /nc/ip/CF_SRAM_1024x32/v2.2.0-nc/lib/CF_SRAM_1024x32_ff_195V_100C.lib line 76, default_fanout_load is 0.0.
Reading explicitly-specified extra libs for max_ss_100C_1v60…
Reading extra timing library for the 'max_ss_100C_1v60' corner at '/nc/ip/CF_SRAM_1024x32/v2.2.0-nc/lib/CF_SRAM_1024x32_ff_195V_100C.lib'…
[WARNING STA-1140] /nc/ip/CF_SRAM_1024x32/v2.2.0-nc/lib/CF_SRAM_1024x32_ff_195V_100C.lib line 43, library CF_SRAM_1024x32_ff_195V_100C already exists.
[WARNING STA-1173] /nc/ip/CF_SRAM_1024x32/v2.2.0-nc/lib/CF_SRAM_1024x32_ff_195V_100C.lib line 76, default_fanout_load is 0.0.
Reading extra timing library for the 'max_ss_100C_1v60' corner at '/nc/ip/CF_SRAM_1024x32/v2.2.0-nc/lib/CF_SRAM_1024x32_ss_160V_100C.lib'…
[WARNING STA-1140] /nc/ip/CF_SRAM_1024x32/v2.2.0-nc/lib/CF_SRAM_1024x32_ss_160V_100C.lib line 43, library CF_SRAM_1024x32_ss_160V_100C already exists.
[WARNING STA-1173] /nc/ip/CF_SRAM_1024x32/v2.2.0-nc/lib/CF_SRAM_1024x32_ss_160V_100C.lib line 76, default_fanout_load is 0.0.
Reading extra timing library for the 'max_ss_100C_1v60' corner at '/nc/ip/CF_SRAM_1024x32/v2.2.0-nc/lib/CF_SRAM_1024x32_tt_180V_25C.lib'…
[WARNING STA-1140] /nc/ip/CF_SRAM_1024x32/v2.2.0-nc/lib/CF_SRAM_1024x32_tt_180V_25C.lib line 29, library CF_SRAM_1024x32_tt_180V_25C already exists.
[WARNING STA-1173] /nc/ip/CF_SRAM_1024x32/v2.2.0-nc/lib/CF_SRAM_1024x32_tt_180V_25C.lib line 62, default_fanout_load is 0.0.
Reading timing models for corner min_tt_025C_1v80…
Reading timing library for the 'min_tt_025C_1v80' corner at '/nc/pdk/ciel/sky130/versions/0fe599b2afb6708d281543108caf8310912f54af/sky130A/libs.ref/sky130_fd_sc_hd/lib/sky130_fd_sc_hd__tt_025C_1v80.lib'…
[WARNING STA-1140] /nc/pdk/ciel/sky130/versions/0fe599b2afb6708d281543108caf8310912f54af/sky130A/libs.ref/sky130_fd_sc_hd/lib/sky130_fd_sc_hd__tt_025C_1v80.lib line 1, library sky130_fd_sc_hd__tt_025C_1v80 already exists.
Reading timing library for the 'min_tt_025C_1v80' corner at '/nc/ip/CF_SRAM_1024x32/v2.2.0-nc/lib/CF_SRAM_1024x32_ss_160V_100C.lib'…
[WARNING STA-1140] /nc/ip/CF_SRAM_1024x32/v2.2.0-nc/lib/CF_SRAM_1024x32_ss_160V_100C.lib line 43, library CF_SRAM_1024x32_ss_160V_100C already exists.
[WARNING STA-1173] /nc/ip/CF_SRAM_1024x32/v2.2.0-nc/lib/CF_SRAM_1024x32_ss_160V_100C.lib line 76, default_fanout_load is 0.0.
Reading explicitly-specified extra libs for min_tt_025C_1v80…
Reading extra timing library for the 'min_tt_025C_1v80' corner at '/nc/ip/CF_SRAM_1024x32/v2.2.0-nc/lib/CF_SRAM_1024x32_ff_195V_100C.lib'…
[WARNING STA-1140] /nc/ip/CF_SRAM_1024x32/v2.2.0-nc/lib/CF_SRAM_1024x32_ff_195V_100C.lib line 43, library CF_SRAM_1024x32_ff_195V_100C already exists.
[WARNING STA-1173] /nc/ip/CF_SRAM_1024x32/v2.2.0-nc/lib/CF_SRAM_1024x32_ff_195V_100C.lib line 76, default_fanout_load is 0.0.
Reading extra timing library for the 'min_tt_025C_1v80' corner at '/nc/ip/CF_SRAM_1024x32/v2.2.0-nc/lib/CF_SRAM_1024x32_ss_160V_100C.lib'…
[WARNING STA-1140] /nc/ip/CF_SRAM_1024x32/v2.2.0-nc/lib/CF_SRAM_1024x32_ss_160V_100C.lib line 43, library CF_SRAM_1024x32_ss_160V_100C already exists.
[WARNING STA-1173] /nc/ip/CF_SRAM_1024x32/v2.2.0-nc/lib/CF_SRAM_1024x32_ss_160V_100C.lib line 76, default_fanout_load is 0.0.
Reading extra timing library for the 'min_tt_025C_1v80' corner at '/nc/ip/CF_SRAM_1024x32/v2.2.0-nc/lib/CF_SRAM_1024x32_tt_180V_25C.lib'…
[WARNING STA-1140] /nc/ip/CF_SRAM_1024x32/v2.2.0-nc/lib/CF_SRAM_1024x32_tt_180V_25C.lib line 29, library CF_SRAM_1024x32_tt_180V_25C already exists.
[WARNING STA-1173] /nc/ip/CF_SRAM_1024x32/v2.2.0-nc/lib/CF_SRAM_1024x32_tt_180V_25C.lib line 62, default_fanout_load is 0.0.
Reading timing models for corner nom_ss_100C_1v60…
Reading timing library for the 'nom_ss_100C_1v60' corner at '/nc/pdk/ciel/sky130/versions/0fe599b2afb6708d281543108caf8310912f54af/sky130A/libs.ref/sky130_fd_sc_hd/lib/sky130_fd_sc_hd__ss_100C_1v60.lib'…
[WARNING STA-1140] /nc/pdk/ciel/sky130/versions/0fe599b2afb6708d281543108caf8310912f54af/sky130A/libs.ref/sky130_fd_sc_hd/lib/sky130_fd_sc_hd__ss_100C_1v60.lib line 1, library sky130_fd_sc_hd__ss_100C_1v60 already exists.
Reading timing library for the 'nom_ss_100C_1v60' corner at '/nc/ip/CF_SRAM_1024x32/v2.2.0-nc/lib/CF_SRAM_1024x32_tt_180V_25C.lib'…
[WARNING STA-1140] /nc/ip/CF_SRAM_1024x32/v2.2.0-nc/lib/CF_SRAM_1024x32_tt_180V_25C.lib line 29, library CF_SRAM_1024x32_tt_180V_25C already exists.
[WARNING STA-1173] /nc/ip/CF_SRAM_1024x32/v2.2.0-nc/lib/CF_SRAM_1024x32_tt_180V_25C.lib line 62, default_fanout_load is 0.0.
Reading explicitly-specified extra libs for nom_ss_100C_1v60…
Reading extra timing library for the 'nom_ss_100C_1v60' corner at '/nc/ip/CF_SRAM_1024x32/v2.2.0-nc/lib/CF_SRAM_1024x32_ff_195V_100C.lib'…
[WARNING STA-1140] /nc/ip/CF_SRAM_1024x32/v2.2.0-nc/lib/CF_SRAM_1024x32_ff_195V_100C.lib line 43, library CF_SRAM_1024x32_ff_195V_100C already exists.
[WARNING STA-1173] /nc/ip/CF_SRAM_1024x32/v2.2.0-nc/lib/CF_SRAM_1024x32_ff_195V_100C.lib line 76, default_fanout_load is 0.0.
Reading extra timing library for the 'nom_ss_100C_1v60' corner at '/nc/ip/CF_SRAM_1024x32/v2.2.0-nc/lib/CF_SRAM_1024x32_ss_160V_100C.lib'…
[WARNING STA-1140] /nc/ip/CF_SRAM_1024x32/v2.2.0-nc/lib/CF_SRAM_1024x32_ss_160V_100C.lib line 43, library CF_SRAM_1024x32_ss_160V_100C already exists.
[WARNING STA-1173] /nc/ip/CF_SRAM_1024x32/v2.2.0-nc/lib/CF_SRAM_1024x32_ss_160V_100C.lib line 76, default_fanout_load is 0.0.
Reading extra timing library for the 'nom_ss_100C_1v60' corner at '/nc/ip/CF_SRAM_1024x32/v2.2.0-nc/lib/CF_SRAM_1024x32_tt_180V_25C.lib'…
[WARNING STA-1140] /nc/ip/CF_SRAM_1024x32/v2.2.0-nc/lib/CF_SRAM_1024x32_tt_180V_25C.lib line 29, library CF_SRAM_1024x32_tt_180V_25C already exists.
[WARNING STA-1173] /nc/ip/CF_SRAM_1024x32/v2.2.0-nc/lib/CF_SRAM_1024x32_tt_180V_25C.lib line 62, default_fanout_load is 0.0.
Reading timing models for corner min_ff_n40C_1v95…
Reading timing library for the 'min_ff_n40C_1v95' corner at '/nc/pdk/ciel/sky130/versions/0fe599b2afb6708d281543108caf8310912f54af/sky130A/libs.ref/sky130_fd_sc_hd/lib/sky130_fd_sc_hd__ff_n40C_1v95.lib'…
[WARNING STA-1140] /nc/pdk/ciel/sky130/versions/0fe599b2afb6708d281543108caf8310912f54af/sky130A/libs.ref/sky130_fd_sc_hd/lib/sky130_fd_sc_hd__ff_n40C_1v95.lib line 1, library sky130_fd_sc_hd__ff_n40C_1v95 already exists.
Reading timing library for the 'min_ff_n40C_1v95' corner at '/nc/ip/CF_SRAM_1024x32/v2.2.0-nc/lib/CF_SRAM_1024x32_ss_160V_100C.lib'…
[WARNING STA-1140] /nc/ip/CF_SRAM_1024x32/v2.2.0-nc/lib/CF_SRAM_1024x32_ss_160V_100C.lib line 43, library CF_SRAM_1024x32_ss_160V_100C already exists.
[WARNING STA-1173] /nc/ip/CF_SRAM_1024x32/v2.2.0-nc/lib/CF_SRAM_1024x32_ss_160V_100C.lib line 76, default_fanout_load is 0.0.
Reading explicitly-specified extra libs for min_ff_n40C_1v95…
Reading extra timing library for the 'min_ff_n40C_1v95' corner at '/nc/ip/CF_SRAM_1024x32/v2.2.0-nc/lib/CF_SRAM_1024x32_ff_195V_100C.lib'…
[WARNING STA-1140] /nc/ip/CF_SRAM_1024x32/v2.2.0-nc/lib/CF_SRAM_1024x32_ff_195V_100C.lib line 43, library CF_SRAM_1024x32_ff_195V_100C already exists.
[WARNING STA-1173] /nc/ip/CF_SRAM_1024x32/v2.2.0-nc/lib/CF_SRAM_1024x32_ff_195V_100C.lib line 76, default_fanout_load is 0.0.
Reading extra timing library for the 'min_ff_n40C_1v95' corner at '/nc/ip/CF_SRAM_1024x32/v2.2.0-nc/lib/CF_SRAM_1024x32_ss_160V_100C.lib'…
[WARNING STA-1140] /nc/ip/CF_SRAM_1024x32/v2.2.0-nc/lib/CF_SRAM_1024x32_ss_160V_100C.lib line 43, library CF_SRAM_1024x32_ss_160V_100C already exists.
[WARNING STA-1173] /nc/ip/CF_SRAM_1024x32/v2.2.0-nc/lib/CF_SRAM_1024x32_ss_160V_100C.lib line 76, default_fanout_load is 0.0.
Reading extra timing library for the 'min_ff_n40C_1v95' corner at '/nc/ip/CF_SRAM_1024x32/v2.2.0-nc/lib/CF_SRAM_1024x32_tt_180V_25C.lib'…
[WARNING STA-1140] /nc/ip/CF_SRAM_1024x32/v2.2.0-nc/lib/CF_SRAM_1024x32_tt_180V_25C.lib line 29, library CF_SRAM_1024x32_tt_180V_25C already exists.
[WARNING STA-1173] /nc/ip/CF_SRAM_1024x32/v2.2.0-nc/lib/CF_SRAM_1024x32_tt_180V_25C.lib line 62, default_fanout_load is 0.0.
Reading OpenROAD database at '/workspace/nc-project-20260529-210526/mspm33c321a_derivative_mcu/openlane/mspm33c321a_derivative_mcu_wrapper/runs/pnr_run_v4/23-openroad-globalplacement/mspm33c321a_derivative_mcu_wrapper.odb'…
Reading design constraints file at '/workspace/nc-project-20260529-210526/mspm33c321a_derivative_mcu/openlane/mspm33c321a_derivative_mcu_wrapper/mspm33c321a_derivative_mcu_wrapper.sdc'…
[INFO] Using clock clk_in…
[INFO] Setting output delay to: 5.0
[INFO] Setting input delay to: 5.0
[WARNING STA-0441] set_output_delay relative to a clock defined on the same port/pin not allowed.
[INFO] Setting load to: 0.033442
[INFO] Setting clock uncertainty to: 0.25
[INFO] Setting clock transition to: 0.1499999999999999944488848768742172978818416595458984375
[INFO] Setting timing derate to: 5%
[WARNING STA-0441] set_output_delay relative to a clock defined on the same port/pin not allowed.
[INFO] No information on clock propagation in input SDC file-- propagating all clocks.
[INFO] Setting RC values…
[INFO RSZ-0058] Using max wire length 6335um.
Iteration | Resized | Buffers | Nets repaired | Remaining
---------------------------------------------------------
        0 |       0 |       0 |             0 |     96597
      100 |      72 |       0 |             0 |     96497
      200 |     155 |     216 |             5 |     96397
      300 |     253 |     235 |            24 |     96297
      400 |     338 |     235 |            24 |     96197
      500 |     366 |     235 |            24 |     96097
      600 |     425 |     248 |            25 |     95997
      700 |     466 |     250 |            27 |     95897
      800 |     497 |     250 |            27 |     95797
      900 |     497 |     250 |            27 |     95697
     1000 |     508 |     252 |            28 |     95597
     1100 |     544 |     254 |            29 |     95497
     1200 |     642 |     256 |            36 |     95397
     1300 |     678 |     256 |            36 |     95297
     1400 |     678 |     256 |            36 |     95197
     1500 |     678 |     256 |            36 |     95097
     1600 |     678 |     256 |            36 |     94997
     1700 |     678 |     256 |            36 |     94897
     1800 |     716 |     258 |            37 |     94797
     1900 |     760 |     260 |            38 |     94697
     2000 |     823 |     268 |            40 |     94597
     2100 |     912 |     408 |            50 |     94497
     2200 |    1089 |     496 |            53 |     94397
     2300 |    1144 |     498 |            54 |     94297
     2400 |    1237 |     514 |            61 |     94197
     2500 |    1274 |     514 |            61 |     94097
     2600 |    1362 |     568 |            67 |     93997
     2700 |    1442 |     573 |            69 |     93897
     2800 |    1542 |     576 |            72 |     93797
     2900 |    1594 |     577 |            73 |     93697
     3000 |    1594 |     577 |            73 |     93597
     3100 |    1594 |     577 |            73 |     93497
     3200 |    1689 |     590 |            76 |     93397
     3300 |    1786 |     594 |            78 |     93297
     3400 |    1886 |     594 |            78 |     93197
     3500 |    1985 |     594 |            78 |     93097
     3600 |    2040 |     602 |            84 |     92997
     3700 |    2040 |     602 |            84 |     92897
     3800 |    2040 |     602 |            84 |     92797
     3900 |    2040 |     602 |            84 |     92697
     4000 |    2040 |     602 |            84 |     92597
     4100 |    2083 |     626 |            90 |     92497
     4200 |    2140 |     626 |            91 |     92397
     4300 |    2384 |     807 |           116 |     92297
     4400 |    2457 |     815 |           119 |     92197
     4500 |    2533 |     859 |           127 |     92097
     4600 |    2579 |     862 |           128 |     91997
     4700 |    2660 |     878 |           133 |     91897
     4800 |    2721 |     884 |           136 |     91797
     4900 |    2804 |     886 |           137 |     91697
     5000 |    2879 |     886 |           137 |     91597
     5100 |    2934 |     893 |           141 |     91497
     5200 |    3002 |     894 |           142 |     91397
     5300 |    3056 |     896 |           143 |     91297
     5400 |    3144 |     899 |           145 |     91197
     5500 |    3236 |     904 |           149 |     91097
     5600 |    3310 |    1015 |           158 |     90997
     5700 |    3385 |    1015 |           158 |     90897
     5800 |    3453 |    1017 |           159 |     90797
     5900 |    3521 |    1020 |           164 |     90697
     6000 |    3598 |    1030 |           167 |     90597
     6100 |    3652 |    1036 |           170 |     90497
     6200 |    3652 |    1036 |           170 |     90397
     6300 |    3717 |    1042 |           173 |     90297
     6400 |    3763 |    1049 |           176 |     90197
     6500 |    3803 |    1049 |           176 |     90097
     6600 |    3811 |    1049 |           176 |     89997
     6700 |    3862 |    1049 |           176 |     89897
     6800 |    3932 |    1050 |           177 |     89797
     6900 |    4032 |    1050 |           181 |     89697
     7000 |    4126 |    1056 |           183 |     89597
     7100 |    4196 |    1075 |           190 |     89497
     7200 |    4196 |    1075 |           190 |     89397
     7300 |    4196 |    1075 |           190 |     89297
     7400 |    4196 |    1075 |           190 |     89197
     7500 |    4196 |    1075 |           190 |     89097
     7600 |    4257 |    1089 |           198 |     88997
     7700 |    4340 |    1405 |           222 |     88897
     7800 |    4394 |    1415 |           225 |     88797
     7900 |    4463 |    1432 |           230 |     88697
     8000 |    4556 |    1432 |           230 |     88597
     8100 |    4636 |    1432 |           233 |     88497
     8200 |    4734 |    1432 |           243 |     88397
     8300 |    4844 |    1461 |           255 |     88297
     8400 |    4849 |    1461 |           255 |     88197
     8500 |    4849 |    1461 |           255 |     88097
     8600 |    4849 |    1461 |           255 |     87997
     8700 |    4849 |    1461 |           255 |     87897
     8800 |    4924 |    1491 |           275 |     87797
     8900 |    4995 |    1511 |           293 |     87697
     9000 |    5089 |    1521 |           296 |     87597
     9100 |    5178 |    1530 |           300 |     87497
     9200 |    5250 |    1542 |           304 |     87397
     9300 |    5347 |    1542 |           304 |     87297
     9400 |    5451 |    1546 |           305 |     87197
     9500 |    5538 |    1546 |           312 |     87097
     9600 |    5573 |    1548 |           313 |     86997
     9700 |    5573 |    1548 |           313 |     86897
     9800 |    5573 |    1548 |           313 |     86797
     9900 |    5573 |    1548 |           313 |     86697
    10000 |    5667 |    1592 |           343 |     86597
    10100 |    5777 |    1634 |           370 |     86497
    10200 |    5866 |    1642 |           373 |     86397
    10300 |    5937 |    1648 |           375 |     86297
    10400 |    6030 |    1648 |           386 |     86197
    10500 |    6133 |    1654 |           413 |     86097
    10600 |    6241 |    1667 |           419 |     85997
    10700 |    6322 |    1667 |           420 |     85897
    10800 |    6322 |    1667 |           420 |     85797
    10900 |    6322 |    1667 |           420 |     85697
    11000 |    6339 |    1667 |           421 |     85597
    11100 |    6434 |    1718 |           459 |     85497
    11200 |    6528 |    1735 |           472 |     85397
    11300 |    6630 |    1751 |           475 |     85297
    11400 |    6711 |    1759 |           480 |     85197
    11500 |    6769 |    1759 |           480 |     85097
    11600 |    6852 |    1767 |           485 |     84997
    11700 |    6879 |    1767 |           487 |     84897
    11800 |    6926 |    1772 |           489 |     84797
    11900 |    7026 |    1813 |           519 |     84697
    12000 |    7122 |    1818 |           549 |     84597
    12100 |    7279 |    1906 |           561 |     84497
    12200 |    7356 |    1906 |           561 |     84397
    12300 |    7452 |    1914 |           564 |     84297
    12400 |    7528 |    1924 |           569 |     84197
    12500 |    7625 |    1939 |           576 |     84097
    12600 |    7716 |    1949 |           624 |     83997
    12700 |    7806 |    1950 |           636 |     83897
    12800 |    7886 |    1950 |           636 |     83797
    12900 |    7982 |    1951 |           637 |     83697
    13000 |    8065 |    1959 |           639 |     83597
    13100 |    8142 |    1968 |           641 |     83497
    13200 |    8241 |    1987 |           654 |     83397
    13300 |    8324 |    1987 |           674 |     83297
    13400 |    8422 |    2004 |           680 |     83197
    13500 |    8452 |    2004 |           680 |     83097
    13600 |    8484 |    2004 |           680 |     82997
    13700 |    8493 |    2004 |           680 |     82897
    13800 |    8569 |    2004 |           680 |     82797
    13900 |    8676 |    2012 |           682 |     82697
    14000 |    8779 |    2016 |           683 |     82597
    14100 |    8863 |    2018 |           685 |     82497
    14200 |    8986 |    2043 |           693 |     82397
    14300 |    9074 |    2043 |           708 |     82297
    14400 |    9138 |    2043 |           711 |     82197
    14500 |    9164 |    2043 |           711 |     82097
    14600 |    9209 |    2043 |           711 |     81997
    14700 |    9209 |    2043 |           711 |     81897
    14800 |    9272 |    2054 |           714 |     81797
    14900 |    9325 |    2054 |           714 |     81697
    15000 |    9373 |    2054 |           714 |     81597
    15100 |    9442 |    2054 |           716 |     81497
    15200 |    9542 |    2054 |           716 |     81397
    15300 |    9642 |    2054 |           716 |     81297
    15400 |    9742 |    2054 |           716 |     81197
    15500 |    9848 |    2075 |           721 |     81097
    15600 |    9905 |    2079 |           722 |     80997
    15700 |    9950 |    2081 |           723 |     80897
    15800 |   10061 |    2096 |           728 |     80797
    15900 |   10136 |    2096 |           738 |     80697
    16000 |   10168 |    2099 |           743 |     80597
    16100 |   10231 |    2099 |           743 |     80497
    16200 |   10283 |    2138 |           752 |     80397
    16300 |   10377 |    2169 |           760 |     80297
    16400 |   10443 |    2174 |           761 |     80197
    16500 |   10546 |    2190 |           786 |     80097
    16600 |   10669 |    2214 |           792 |     79997
    16700 |   10767 |    2214 |           792 |     79897
    16800 |   10867 |    2214 |           792 |     79797
    16900 |   10967 |    2214 |           792 |     79697
    17000 |   11082 |    2241 |           800 |     79597
    17100 |   11175 |    2259 |           811 |     79497
    17200 |   11265 |    2260 |           819 |     79397
    17300 |   11346 |    2276 |           825 |     79297
    17400 |   11443 |    2316 |           836 |     79197
    17500 |   11506 |    2323 |           838 |     79097
    17600 |   11578 |    2323 |           838 |     78997
    17700 |   11660 |    2323 |           848 |     78897
    17800 |   11760 |    2323 |           862 |     78797
    17900 |   11860 |    2323 |           862 |     78697
    18000 |   12001 |    2368 |           874 |     78597
    18100 |   12125 |    2404 |           883 |     78497
    18200 |   12228 |    2411 |           886 |     78397
    18300 |   12319 |    2415 |           889 |     78297
    18400 |   12411 |    2415 |           893 |     78197
    18500 |   12506 |    2415 |           901 |     78097
    18600 |   12582 |    2420 |           904 |     77997
    18700 |   12648 |    2431 |           908 |     77897
    18800 |   12706 |    2432 |           909 |     77797
    18900 |   12773 |    2432 |           909 |     77697
    19000 |   12859 |    2432 |           909 |     77597
    19100 |   12957 |    2451 |           918 |     77497
    19200 |   13070 |    2475 |           927 |     77397
    19300 |   13183 |    2489 |           931 |     77297
    19400 |   13295 |    2503 |           935 |     77197
    19500 |   13392 |    2503 |           938 |     77097
    19600 |   13486 |    2503 |           946 |     76997
    19700 |   13578 |    2503 |           949 |     76897
    19800 |   13675 |    2503 |           950 |     76797
    19900 |   13753 |    2503 |           950 |     76697
    20000 |   13813 |    2517 |           955 |     76597
    20100 |   13902 |    2529 |           958 |     76497
    20200 |   13978 |    2529 |           958 |     76397
    20300 |   14067 |    2529 |           959 |     76297
    20400 |   14160 |    2529 |           959 |     76197
    20500 |   14262 |    2542 |           969 |     76097
    20600 |   14369 |    2550 |           971 |     75997
    20700 |   14474 |    2556 |           973 |     75897
    20800 |   14574 |    2556 |           973 |     75797
    20900 |   14673 |    2558 |           975 |     75697
    21000 |   14773 |    2561 |           976 |     75597
    21100 |   14875 |    2564 |           979 |     75497
    21200 |   14927 |    2566 |           980 |     75397
    21300 |   15031 |    2575 |           982 |     75297
    21400 |   15122 |    2575 |           982 |     75197
    21500 |   15209 |    2575 |           984 |     75097
    21600 |   15299 |    2575 |           984 |     74997
    21700 |   15389 |    2577 |           988 |     74897
    21800 |   15485 |    2577 |           988 |     74797
    21900 |   15590 |    2615 |           999 |     74697
    22000 |   15674 |    2624 |          1002 |     74597
    22100 |   15739 |    2624 |          1002 |     74497
    22200 |   15818 |    2624 |          1002 |     74397
    22300 |   15917 |    2624 |          1003 |     74297
    22400 |   16017 |    2624 |          1003 |     74197
    22500 |   16110 |    2625 |          1008 |     74097
    22600 |   16205 |    2629 |          1010 |     73997
    22700 |   16231 |    2629 |          1010 |     73897
    22800 |   16298 |    2629 |          1010 |     73797
    22900 |   16386 |    2629 |          1010 |     73697
    23000 |   16486 |    2629 |          1010 |     73597
    23100 |   16584 |    2646 |          1014 |     73497
    23200 |   16638 |    2649 |          1015 |     73397
    23300 |   16745 |    2658 |          1019 |     73297
    23400 |   16841 |    2658 |          1024 |     73197
    23500 |   16926 |    2658 |          1024 |     73097
    23600 |   17009 |    2659 |          1027 |     72997
    23700 |   17098 |    2659 |          1029 |     72897
    23800 |   17194 |    2661 |          1035 |     72797
    23900 |   17290 |    2662 |          1037 |     72697
    24000 |   17390 |    2662 |          1037 |     72597
    24100 |   17483 |    2663 |          1039 |     72497
    24200 |   17598 |    2689 |          1049 |     72397
    24300 |   17684 |    2695 |          1052 |     72297
    24400 |   17787 |    2720 |          1057 |     72197
    24500 |   17873 |    2720 |          1057 |     72097
    24600 |   17970 |    2724 |          1058 |     71997
    24700 |   18065 |    2724 |          1058 |     71897
    24800 |   18158 |    2725 |          1059 |     71797
    24900 |   18222 |    2725 |          1060 |     71697
    25000 |   18346 |    2754 |          1071 |     71597
    25100 |   18468 |    2780 |          1079 |     71497
    25200 |   18591 |    2810 |          1087 |     71397
    25300 |   18644 |    2816 |          1090 |     71297
    25400 |   18732 |    2818 |          1091 |     71197
    25500 |   18795 |    2832 |          1095 |     71097
    25600 |   18877 |    2832 |          1095 |     70997
    25700 |   18959 |    2849 |          1101 |     70897
    25800 |   19054 |    2851 |          1103 |     70797
    25900 |   19145 |    2851 |          1124 |     70697
    26000 |   19240 |    2853 |          1134 |     70597
    26100 |   19331 |    2858 |          1143 |     70497
    26200 |   19425 |    2859 |          1152 |     70397
    26300 |   19517 |    2867 |          1167 |     70297
    26400 |   19609 |    2868 |          1170 |     70197
    26500 |   19708 |    2868 |          1170 |     70097
    26600 |   19811 |    2876 |          1178 |     69997
    26700 |   19903 |    2876 |          1183 |     69897
    26800 |   19998 |    2876 |          1183 |     69797
    26900 |   20092 |    2876 |          1189 |     69697
    27000 |   20187 |    2900 |          1197 |     69597
    27100 |   20282 |    2909 |          1202 |     69497
    27200 |   20355 |    2920 |          1207 |     69397
    27300 |   20443 |    2932 |          1210 |     69297
    27400 |   20528 |    2932 |          1210 |     69197
    27500 |   20606 |    2932 |          1210 |     69097
    27600 |   20700 |    2932 |          1210 |     68997
    27700 |   20778 |    2941 |          1214 |     68897
    27800 |   20864 |    2948 |          1217 |     68797
    27900 |   20923 |    2959 |          1220 |     68697
    28000 |   20990 |    2967 |          1229 |     68597
    28100 |   21058 |    2967 |          1229 |     68497
    28200 |   21120 |    2967 |          1229 |     68397
    28300 |   21199 |    2967 |          1229 |     68297
    28400 |   21261 |    2967 |          1229 |     68197
    28500 |   21341 |    2970 |          1230 |     68097
    28600 |   21411 |    2988 |          1235 |     67997
    28700 |   21507 |    2995 |          1237 |     67897
    28800 |   21607 |    3004 |          1242 |     67797
    28900 |   21704 |    3013 |          1248 |     67697
    29000 |   21810 |    3023 |          1253 |     67597
    29100 |   21900 |    3034 |          1263 |     67497
    29200 |   22009 |    3071 |          1292 |     67397
    29300 |   22114 |    3095 |          1318 |     67297
    29400 |   22195 |    3111 |          1329 |     67197
    29500 |   22293 |    3111 |          1329 |     67097
    29600 |   22393 |    3111 |          1329 |     66997
    29700 |   22493 |    3111 |          1329 |     66897
    29800 |   22608 |    3127 |          1333 |     66797
    29900 |   22712 |    3131 |          1334 |     66697
    30000 |   22819 |    3153 |          1355 |     66597
    30100 |   22911 |    3160 |          1364 |     66497
    30200 |   23003 |    3160 |          1367 |     66397
    30300 |   23091 |    3160 |          1368 |     66297
    30400 |   23179 |    3162 |          1374 |     66197
    30500 |   23262 |    3163 |          1378 |     66097
    30600 |   23328 |    3198 |          1388 |     65997
    30700 |   23399 |    3202 |          1391 |     65897
    30800 |   23496 |    3211 |          1394 |     65797
    30900 |   23596 |    3232 |          1400 |     65697
    31000 |   23682 |    3232 |          1401 |     65597
    31100 |   23766 |    3232 |          1401 |     65497
    31200 |   23858 |    3232 |          1401 |     65397
    31300 |   23942 |    3232 |          1401 |     65297
    31400 |   24031 |    3232 |          1401 |     65197
    31500 |   24113 |    3232 |          1401 |     65097
    31600 |   24173 |    3233 |          1402 |     64997
    31700 |   24259 |    3235 |          1403 |     64897
    31800 |   24358 |    3237 |          1404 |     64797
    31900 |   24427 |    3237 |          1404 |     64697
    32000 |   24522 |    3244 |          1406 |     64597
    32100 |   24594 |    3248 |          1418 |     64497
    32200 |   24697 |    3268 |          1427 |     64397
    32300 |   24781 |    3280 |          1433 |     64297
    32400 |   24871 |    3291 |          1442 |     64197
    32500 |   24966 |    3308 |          1453 |     64097
    32600 |   25044 |    3316 |          1456 |     63997
    32700 |   25134 |    3325 |          1463 |     63897
    32800 |   25224 |    3332 |          1468 |     63797
    32900 |   25290 |    3332 |          1468 |     63697
    33000 |   25381 |    3341 |          1473 |     63597
    33100 |   25479 |    3341 |          1485 |     63497
    33200 |   25567 |    3349 |          1500 |     63397
    33300 |   25663 |    3357 |          1509 |     63297
    33400 |   25741 |    3359 |          1514 |     63197
    33500 |   25841 |    3359 |          1514 |     63097
    33600 |   25990 |    3435 |          1533 |     62997
    33700 |   26079 |    3443 |          1542 |     62897
    33800 |   26157 |    3447 |          1550 |     62797
    33900 |   26241 |    3448 |          1556 |     62697
    34000 |   26330 |    3451 |          1559 |     62597
    34100 |   26425 |    3459 |          1561 |     62497
    34200 |   26500 |    3486 |          1570 |     62397
    34300 |   26598 |    3490 |          1572 |     62297
    34400 |   26665 |    3491 |          1573 |     62197
    34500 |   26762 |    3516 |          1586 |     62097
    34600 |   26845 |    3526 |          1591 |     61997
    34700 |   26941 |    3526 |          1591 |     61897
    34800 |   27038 |    3528 |          1593 |     61797
    34900 |   27130 |    3528 |          1593 |     61697
    35000 |   27224 |    3528 |          1593 |     61597
    35100 |   27316 |    3528 |          1593 |     61497
    35200 |   27401 |    3528 |          1593 |     61397
    35300 |   27497 |    3528 |          1593 |     61297
    35400 |   27595 |    3528 |          1593 |     61197
    35500 |   27691 |    3528 |          1593 |     61097
    35600 |   27791 |    3528 |          1593 |     60997
    35700 |   27888 |    3528 |          1593 |     60897
    35800 |   27982 |    3528 |          1593 |     60797
    35900 |   28074 |    3528 |          1593 |     60697
    36000 |   28162 |    3528 |          1593 |     60597
    36100 |   28229 |    3528 |          1593 |     60497
    36200 |   28327 |    3528 |          1593 |     60397
    36300 |   28427 |    3528 |          1593 |     60297
    36400 |   28516 |    3530 |          1596 |     60197
    36500 |   28615 |    3542 |          1602 |     60097
    36600 |   28715 |    3556 |          1608 |     59997
    36700 |   28812 |    3569 |          1614 |     59897
    36800 |   28908 |    3583 |          1620 |     59797
    36900 |   29024 |    3603 |          1627 |     59697
    37000 |   29127 |    3614 |          1634 |     59597
    37100 |   29236 |    3634 |          1652 |     59497
    37200 |   29336 |    3634 |          1652 |     59397
    37300 |   29427 |    3636 |          1653 |     59297
    37400 |   29504 |    3636 |          1653 |     59197
    37500 |   29604 |    3636 |          1653 |     59097
    37600 |   29704 |    3636 |          1653 |     58997
    37700 |   29772 |    3636 |          1653 |     58897
    37800 |   29828 |    3636 |          1653 |     58797
    37900 |   29828 |    3636 |          1653 |     58697
    38000 |   29828 |    3636 |          1653 |     58597
    38100 |   29828 |    3636 |          1653 |     58497
    38200 |   29868 |    3644 |          1655 |     58397
    38300 |   29935 |    3646 |          1657 |     58297
    38400 |   30008 |    3648 |          1661 |     58197
    38500 |   30074 |    3649 |          1662 |     58097
    38600 |   30187 |    3662 |          1665 |     57997
    38700 |   30222 |    3666 |          1666 |     57897
    38800 |   30396 |    3794 |          1714 |     57797
    38900 |   30396 |    3794 |          1714 |     57697
    39000 |   30433 |    3794 |          1714 |     57597
    39100 |   30434 |    3794 |          1714 |     57497
    39200 |   30435 |    3794 |          1714 |     57397
    39300 |   30507 |    3795 |          1715 |     57297
    39400 |   30582 |    3798 |          1720 |     57197
    39500 |   30659 |    3799 |          1723 |     57097
    39600 |   30749 |    3799 |          1727 |     56997
    39700 |   30796 |    3799 |          1727 |     56897
    39800 |   30873 |    3805 |          1731 |     56797
    39900 |   30973 |    3805 |          1731 |     56697
    40000 |   31072 |    3809 |          1733 |     56597
    40100 |   31178 |    3828 |          1738 |     56497
    40200 |   31278 |    3839 |          1744 |     56397
    40300 |   31364 |    3849 |          1749 |     56297
    40400 |   31431 |    3859 |          1755 |     56197
    40500 |   31511 |    3863 |          1758 |     56097
    40600 |   31606 |    3863 |          1758 |     55997
    40700 |   31698 |    3863 |          1758 |     55897
    40800 |   31793 |    3863 |          1758 |     55797
    40900 |   31885 |    3863 |          1758 |     55697
    41000 |   31981 |    3863 |          1759 |     55597
    41100 |   32079 |    3863 |          1759 |     55497
    41200 |   32178 |    3863 |          1760 |     55397
    41300 |   32273 |    3863 |          1760 |     55297
    41400 |   32365 |    3865 |          1764 |     55197
    41500 |   32461 |    3865 |          1767 |     55097
    41600 |   32551 |    3865 |          1767 |     54997
    41700 |   32648 |    3865 |          1768 |     54897
    41800 |   32747 |    3865 |          1768 |     54797
    41900 |   32846 |    3865 |          1768 |     54697
    42000 |   32942 |    3865 |          1768 |     54597
    42100 |   33048 |    3878 |          1784 |     54497
    42200 |   33153 |    3885 |          1794 |     54397
    42300 |   33226 |    3890 |          1798 |     54297
    42400 |   33273 |    3890 |          1799 |     54197
    42500 |   33335 |    3890 |          1801 |     54097
    42600 |   33392 |    3890 |          1803 |     53997
    42700 |   33451 |    3890 |          1804 |     53897
    42800 |   33557 |    3915 |          1814 |     53797
    42900 |   33600 |    3915 |          1818 |     53697
    43000 |   33704 |    3933 |          1832 |     53597
    43100 |   33807 |    3941 |          1839 |     53497
    43200 |   33905 |    3945 |          1853 |     53397
    43300 |   34020 |    3965 |          1866 |     53297
    43400 |   34120 |    3967 |          1871 |     53197
    43500 |   34216 |    3974 |          1883 |     53097
    43600 |   34328 |    3998 |          1899 |     52997
    43700 |   34427 |    4000 |          1903 |     52897
    43800 |   34536 |    4013 |          1910 |     52797
    43900 |   34648 |    4031 |          1917 |     52697
    44000 |   34728 |    4053 |          1926 |     52597
    44100 |   34844 |    4084 |          1939 |     52497
    44200 |   34922 |    4094 |          1943 |     52397
    44300 |   34997 |    4121 |          1950 |     52297
    44400 |   35012 |    4133 |          1953 |     52197
    44500 |   35033 |    4137 |          1954 |     52097
    44600 |   35038 |    4141 |          1955 |     51997
    44700 |   35074 |    4145 |          1956 |     51897
    44800 |   35155 |    4169 |          1968 |     51797
    44900 |   35269 |    4206 |          1980 |     51697
    45000 |   35377 |    4215 |          1982 |     51597
    45100 |   35437 |    4235 |          1990 |     51497
    45200 |   35459 |    4249 |          1994 |     51397
    45300 |   35542 |    4256 |          1998 |     51297
    45400 |   35642 |    4256 |          1998 |     51197
    45500 |   35773 |    4300 |          2014 |     51097
    45600 |   35869 |    4306 |          2020 |     50997
    45700 |   35970 |    4311 |          2028 |     50897
    45800 |   36023 |    4313 |          2031 |     50797
    45900 |   36050 |    4317 |          2033 |     50697
    46000 |   36054 |    4319 |          2034 |     50597
    46100 |   36141 |    4327 |          2042 |     50497
    46200 |   36273 |    4374 |          2071 |     50397
    46300 |   36436 |    4451 |          2088 |     50297
    46400 |   36536 |    4465 |          2093 |     50197
    46500 |   36627 |    4483 |          2100 |     50097
    46600 |   36717 |    4489 |          2102 |     49997
    46700 |   36754 |    4493 |          2103 |     49897
    46800 |   36784 |    4497 |          2105 |     49797
    46900 |   36881 |    4497 |          2107 |     49697
    47000 |   36979 |    4497 |          2112 |     49597
    47100 |   37075 |    4497 |          2114 |     49497
    47200 |   37170 |    4497 |          2115 |     49397
    47300 |   37280 |    4510 |          2122 |     49297
    47400 |   37380 |    4529 |          2126 |     49197
    47500 |   37481 |    4533 |          2132 |     49097
    47600 |   37578 |    4533 |          2147 |     48997
    47700 |   37673 |    4533 |          2155 |     48897
    47800 |   37770 |    4533 |          2158 |     48797
    47900 |   37868 |    4533 |          2160 |     48697
    48000 |   37963 |    4533 |          2162 |     48597
    48100 |   38061 |    4533 |          2163 |     48497
    48200 |   38184 |    4567 |          2180 |     48397
    48300 |   38291 |    4593 |          2191 |     48297
    48400 |   38388 |    4601 |          2199 |     48197
    48500 |   38485 |    4607 |          2205 |     48097
    48600 |   38571 |    4634 |          2214 |     47997
    48700 |   38605 |    4634 |          2217 |     47897
    48800 |   38619 |    4636 |          2219 |     47797
    48900 |   38648 |    4637 |          2221 |     47697
    49000 |   38734 |    4641 |          2224 |     47597
    49100 |   38835 |    4645 |          2226 |     47497
    49200 |   38928 |    4647 |          2230 |     47397
    49300 |   39024 |    4647 |          2230 |     47297
    49400 |   39123 |    4655 |          2238 |     47197
    49500 |   39258 |    4701 |          2250 |     47097
    49600 |   39357 |    4714 |          2254 |     46997
    49700 |   39485 |    4749 |          2269 |     46897
    49800 |   39613 |    4796 |          2291 |     46797
    49900 |   39719 |    4804 |          2295 |     46697
    50000 |   39914 |    4921 |          2335 |     46597
    50100 |   40065 |    4980 |          2355 |     46497
    50200 |   40193 |    5009 |          2361 |     46397
    50300 |   40312 |    5029 |          2369 |     46297
    50400 |   40393 |    5062 |          2383 |     46197
    50500 |   40468 |    5063 |          2384 |     46097
    50600 |   40568 |    5063 |          2384 |     45997
    50700 |   40668 |    5063 |          2384 |     45897
    50800 |   40807 |    5111 |          2402 |     45797
    50900 |   40944 |    5154 |          2414 |     45697
    51000 |   41084 |    5200 |          2427 |     45597
    51100 |   41203 |    5229 |          2457 |     45497
    51200 |   41249 |    5237 |          2462 |     45397
    51300 |   41299 |    5250 |          2470 |     45297
    51400 |   41404 |    5265 |          2476 |     45197
    51500 |   41513 |    5303 |          2500 |     45097
    51600 |   41734 |    5436 |          2525 |     44997
    51700 |   41926 |    5545 |          2549 |     44897
    51800 |   42037 |    5585 |          2559 |     44797
    51900 |   42125 |    5619 |          2565 |     44697
    52000 |   42199 |    5619 |          2565 |     44597
    52100 |   42275 |    5629 |          2572 |     44497
    52200 |   42309 |    5635 |          2578 |     44397
    52300 |   42375 |    5639 |          2582 |     44297
    52400 |   42474 |    5639 |          2582 |     44197
    52500 |   42559 |    5645 |          2585 |     44097
    52600 |   42657 |    5645 |          2585 |     43997
    52700 |   42755 |    5645 |          2585 |     43897
    52800 |   42860 |    5665 |          2594 |     43797
    52900 |   42960 |    5665 |          2594 |     43697
    53000 |   43060 |    5665 |          2594 |     43597
    53100 |   43160 |    5665 |          2594 |     43497
    53200 |   43254 |    5665 |          2594 |     43397
    53300 |   43353 |    5665 |          2594 |     43297
    53400 |   43448 |    5676 |          2601 |     43197
    53500 |   43534 |    5678 |          2603 |     43097
    53600 |   43609 |    5681 |          2606 |     42997
    53700 |   43715 |    5692 |          2611 |     42897
    53800 |   43774 |    5700 |          2618 |     42797
    53900 |   43822 |    5710 |          2626 |     42697
    54000 |   43953 |    5748 |          2635 |     42597
    54100 |   44070 |    5769 |          2641 |     42497
    54200 |   44374 |    5982 |          2670 |     42397
    54300 |   44470 |    5982 |          2670 |     42297
    54400 |   44566 |    5982 |          2670 |     42197
    54500 |   44656 |    5984 |          2671 |     42097
    54600 |   44772 |    6018 |          2687 |     41997
    54700 |   44981 |    6152 |          2715 |     41897
    54800 |   45077 |    6152 |          2737 |     41797
    54900 |   45239 |    6226 |          2766 |     41697
    55000 |   45258 |    6232 |          2772 |     41597
    55100 |   45285 |    6234 |          2775 |     41497
    55200 |   45346 |    6234 |          2779 |     41397
    55300 |   45412 |    6236 |          2780 |     41297
    55400 |   45619 |    6368 |          2789 |     41197
    55500 |   45709 |    6389 |          2799 |     41097
    55600 |   45749 |    6395 |          2801 |     40997
    55700 |   45851 |    6437 |          2808 |     40897
    55800 |   45953 |    6441 |          2811 |     40797
    55900 |   46106 |    6508 |          2832 |     40697
    56000 |   46248 |    6567 |          2844 |     40597
    56100 |   46493 |    6723 |          2864 |     40497
    56200 |   46613 |    6757 |          2872 |     40397
    56300 |   46713 |    6774 |          2883 |     40297
    56400 |   46797 |    6780 |          2887 |     40197
    56500 |   46893 |    6782 |          2890 |     40097
    56600 |   46998 |    6793 |          2897 |     39997
    56700 |   47105 |    6810 |          2905 |     39897
    56800 |   47247 |    6865 |          2925 |     39797
    56900 |   47346 |    6865 |          2925 |     39697
    57000 |   47491 |    6922 |          2945 |     39597
    57100 |   47586 |    6948 |          2969 |     39497
    57200 |   47684 |    6949 |          2970 |     39397
    57300 |   47779 |    6951 |          2972 |     39297
    57400 |   47873 |    6952 |          2973 |     39197
    57500 |   47970 |    6954 |          2975 |     39097
    57600 |   48058 |    6960 |          2986 |     38997
    57700 |   48176 |    6980 |          2989 |     38897
    57800 |   48273 |    6980 |          2989 |     38797
    57900 |   48370 |    6984 |          2990 |     38697
    58000 |   48468 |    6987 |          2991 |     38597
    58100 |   48572 |    6998 |          2997 |     38497
    58200 |   48671 |    6998 |          2997 |     38397
    58300 |   48771 |    7001 |          2998 |     38297
    58400 |   48873 |    7004 |          2999 |     38197
    58500 |   48980 |    7023 |          3009 |     38097
    58600 |   49127 |    7078 |          3016 |     37997
    58700 |   49329 |    7208 |          3045 |     37897
    58800 |   49428 |    7208 |          3045 |     37797
    58900 |   49669 |    7358 |          3054 |     37697
    59000 |   49747 |    7375 |          3063 |     37597
    59100 |   49855 |    7407 |          3079 |     37497
    59200 |   49965 |    7439 |          3090 |     37397
    59300 |   50100 |    7482 |          3103 |     37297
    59400 |   50208 |    7495 |          3108 |     37197
    59500 |   50311 |    7517 |          3114 |     37097
    59600 |   50433 |    7547 |          3133 |     36997
    59700 |   50544 |    7593 |          3157 |     36897
    59800 |   50635 |    7607 |          3163 |     36797
    59900 |   50706 |    7610 |          3164 |     36697
    60000 |   50804 |    7615 |          3170 |     36597
    60100 |   50906 |    7622 |          3178 |     36497
    60200 |   51010 |    7650 |          3187 |     36397
    60300 |   51120 |    7693 |          3196 |     36297
    60400 |   51222 |    7710 |          3202 |     36197
    60500 |   51369 |    7771 |          3235 |     36097
    60600 |   51444 |    7771 |          3255 |     35997
    60700 |   51537 |    7773 |          3257 |     35897
    60800 |   51627 |    7777 |          3259 |     35797
    60900 |   51712 |    7783 |          3269 |     35697
    61000 |   51797 |    7789 |          3274 |     35597
    61100 |   51883 |    7794 |          3280 |     35497
    61200 |   51980 |    7794 |          3280 |     35397
    61300 |   52076 |    7794 |          3280 |     35297
    61400 |   52173 |    7794 |          3280 |     35197
    61500 |   52270 |    7794 |          3280 |     35097
    61600 |   52367 |    7794 |          3280 |     34997
    61700 |   52464 |    7794 |          3280 |     34897
    61800 |   52560 |    7795 |          3281 |     34797
    61900 |   52660 |    7797 |          3282 |     34697
    62000 |   52759 |    7799 |          3284 |     34597
    62100 |   52857 |    7799 |          3284 |     34497
    62200 |   52955 |    7799 |          3284 |     34397
    62300 |   53053 |    7800 |          3285 |     34297
    62400 |   53159 |    7808 |          3290 |     34197
    62500 |   53298 |    7852 |          3311 |     34097
    62600 |   53311 |    7859 |          3314 |     33997
    62700 |   53311 |    7859 |          3314 |     33897
    62800 |   53311 |    7859 |          3314 |     33797
    62900 |   53311 |    7859 |          3314 |     33697
    63000 |   53311 |    7859 |          3314 |     33597
    63100 |   53311 |    7859 |          3314 |     33497
    63200 |   53325 |    7860 |          3315 |     33397
    63300 |   53561 |    8016 |          3349 |     33297
    63400 |   53661 |    8016 |          3420 |     33197
    63500 |   53780 |    8057 |          3490 |     33097
    63600 |   53780 |    8057 |          3490 |     32997
    63700 |   53781 |    8057 |          3491 |     32897
    63800 |   53891 |    8094 |          3510 |     32797
    63900 |   54006 |    8111 |          3512 |     32697
    64000 |   54115 |    8125 |          3516 |     32597
    64100 |   54207 |    8125 |          3516 |     32497
    64200 |   54297 |    8140 |          3525 |     32397
    64300 |   54396 |    8152 |          3528 |     32297
    64400 |   54484 |    8156 |          3535 |     32197
    64500 |   54591 |    8177 |          3544 |     32097
    64600 |   54692 |    8191 |          3549 |     31997
    64700 |   54804 |    8207 |          3554 |     31897
    64800 |   54909 |    8213 |          3556 |     31797
    64900 |   55020 |    8228 |          3562 |     31697
    65000 |   55136 |    8263 |          3577 |     31597
    65100 |   55243 |    8278 |          3582 |     31497
    65200 |   55334 |    8286 |          3585 |     31397
    65300 |   55421 |    8287 |          3586 |     31297
    65400 |   55547 |    8331 |          3596 |     31197
    65500 |   55618 |    8332 |          3597 |     31097
    65600 |   55845 |    8485 |          3631 |     30997
    65700 |   55952 |    8545 |          3642 |     30897
    65800 |   56054 |    8565 |          3653 |     30797
    65900 |   56096 |    8565 |          3653 |     30697
    66000 |   56120 |    8565 |          3653 |     30597
    66100 |   56153 |    8565 |          3653 |     30497
    66200 |   56196 |    8565 |          3653 |     30397
    66300 |   56327 |    8631 |          3671 |     30297
    66400 |   56412 |    8637 |          3673 |     30197
    66500 |   56497 |    8649 |          3677 |     30097
    66600 |   56576 |    8655 |          3679 |     29997
    66700 |   56643 |    8659 |          3681 |     29897
    66800 |   56718 |    8661 |          3682 |     29797
    66900 |   56808 |    8671 |          3689 |     29697
    67000 |   56911 |    8682 |          3696 |     29597
    67100 |   57018 |    8699 |          3705 |     29497
    67200 |   57119 |    8709 |          3712 |     29397
    67300 |   57214 |    8717 |          3718 |     29297
    67400 |   57278 |    8722 |          3721 |     29197
    67500 |   57568 |    8941 |          3741 |     29097
    67600 |   57651 |    8941 |          3741 |     28997
    67700 |   57732 |    8941 |          3741 |     28897
    67800 |   57799 |    8969 |          3746 |     28797
    67900 |   57883 |    8970 |          3747 |     28697
    68000 |   57948 |    8971 |          3748 |     28597
    68100 |   58015 |    8971 |          3748 |     28497
    68200 |   58475 |    9343 |          3758 |     28397
    68300 |   58572 |    9363 |          3777 |     28297
    68400 |   58662 |    9383 |          3790 |     28197
    68500 |   58749 |    9384 |          3791 |     28097
    68600 |   58835 |    9385 |          3792 |     27997
    68700 |   58930 |    9389 |          3795 |     27897
    68800 |   59033 |    9394 |          3798 |     27797
    68900 |   59119 |    9404 |          3807 |     27697
    69000 |   59223 |    9437 |          3855 |     27597
    69100 |   59317 |    9444 |          3864 |     27497
    69200 |   59405 |    9444 |          3864 |     27397
    69300 |   59501 |    9445 |          3865 |     27297
    69400 |   59603 |    9460 |          3871 |     27197
    69500 |   59721 |    9485 |          3880 |     27097
    69600 |   59812 |    9494 |          3884 |     26997
    69700 |   59866 |    9514 |          3898 |     26897
    69800 |   59888 |    9536 |          3912 |     26797
    69900 |   59888 |    9536 |          3912 |     26697
    70000 |   59943 |    9591 |          3917 |     26597
    70100 |   59944 |    9591 |          3917 |     26497
    70200 |   60012 |    9657 |          3928 |     26397
    70300 |   60085 |    9735 |          3935 |     26297
    70400 |   60094 |    9744 |          3938 |     26197
    70500 |   60111 |    9759 |          3953 |     26097
    70600 |   60134 |    9780 |          3972 |     25997
    70700 |   60146 |    9791 |          3982 |     25897
    70800 |   60160 |    9804 |          3994 |     25797
    70900 |   60170 |    9813 |          4003 |     25697
    71000 |   60193 |    9834 |          4018 |     25597
    71100 |   60276 |    9906 |          4044 |     25497
    71200 |   60317 |    9948 |          4062 |     25397
    71300 |   60322 |    9952 |          4065 |     25297
    71400 |   60322 |    9977 |          4090 |     25197
    71500 |   60322 |   10017 |          4130 |     25097
    71600 |   60322 |   10038 |          4151 |     24997
    71700 |   60322 |   10049 |          4162 |     24897
    71800 |   60322 |   10073 |          4186 |     24797
    71900 |   60322 |   10073 |          4186 |     24697
    72000 |   60322 |   10079 |          4192 |     24597
    72100 |   60322 |   10079 |          4192 |     24497
    72200 |   60322 |   10107 |          4220 |     24397
    72300 |   60367 |   10139 |          4252 |     24297
    72400 |   60464 |   10139 |          4252 |     24197
    72500 |   60660 |   10235 |          4255 |     24097
    72600 |   60773 |   10262 |          4264 |     23997
    72700 |   60875 |   10264 |          4265 |     23897
    72800 |   60974 |   10266 |          4267 |     23797
    72900 |   61074 |   10266 |          4267 |     23697
    73000 |   61171 |   10268 |          4268 |     23597
    73100 |   61284 |   10287 |          4270 |     23497
    73200 |   61385 |   10291 |          4271 |     23397
    73300 |   61477 |   10299 |          4272 |     23297
    73400 |   61578 |   10300 |          4273 |     23197
    73500 |   62024 |   10651 |          4310 |     23097
    73600 |   62170 |   10697 |          4322 |     22997
    73700 |   62566 |   10998 |          4357 |     22897
    73800 |   62686 |   11018 |          4361 |     22797
    73900 |   62800 |   11040 |          4372 |     22697
    74000 |   62898 |   11064 |          4396 |     22597
    74100 |   62998 |   11064 |          4396 |     22497
    74200 |   63098 |   11064 |          4396 |     22397
    74300 |   63198 |   11064 |          4396 |     22297
    74400 |   63279 |   11074 |          4400 |     22197
    74500 |   63361 |   11079 |          4404 |     22097
    74600 |   63459 |   11079 |          4404 |     21997
    74700 |   63567 |   11094 |          4409 |     21897
    74800 |   63673 |   11103 |          4411 |     21797
    74900 |   63762 |   11104 |          4412 |     21697
    75000 |   63853 |   11107 |          4415 |     21597
    75100 |   63953 |   11107 |          4415 |     21497
    75200 |   64046 |   11107 |          4415 |     21397
    75300 |   64134 |   11107 |          4415 |     21297
    75400 |   64235 |   11111 |          4416 |     21197
    75500 |   64319 |   11111 |          4416 |     21097
    75600 |   64452 |   11163 |          4436 |     20997
    75700 |   64552 |   11168 |          4439 |     20897
    75800 |   64644 |   11168 |          4439 |     20797
    75900 |   64789 |   11228 |          4465 |     20697
    76000 |   64887 |   11232 |          4467 |     20597
    76100 |   65013 |   11285 |          4485 |     20497
    76200 |   65112 |   11294 |          4491 |     20397
    76300 |   65198 |   11294 |          4491 |     20297
    76400 |   65333 |   11350 |          4513 |     20197
    76500 |   65428 |   11354 |          4515 |     20097
    76600 |   65531 |   11364 |          4519 |     19997
    76700 |   65637 |   11382 |          4525 |     19897
    76800 |   65736 |   11382 |          4525 |     19797
    76900 |   65841 |   11398 |          4529 |     19697
    77000 |   65934 |   11398 |          4529 |     19597
    77100 |   66038 |   11416 |          4535 |     19497
    77200 |   66145 |   11426 |          4537 |     19397
    77300 |   66233 |   11431 |          4541 |     19297
    77400 |   66332 |   11433 |          4543 |     19197
    77500 |   66431 |   11434 |          4544 |     19097
    77600 |   66531 |   11434 |          4544 |     18997
    77700 |   66630 |   11437 |          4547 |     18897
    77800 |   66732 |   11439 |          4549 |     18797
    77900 |   66822 |   11439 |          4549 |     18697
    78000 |   66915 |   11446 |          4554 |     18597
    78100 |   67015 |   11446 |          4554 |     18497
