Reading OpenROAD database at '/workspace/nc-project-20260529-210526/mspm33c321a_derivative_mcu/openlane/mspm33c321a_derivative_mcu_wrapper/runs/pnr_run_v4/22-odb-applydeftemplate/mspm33c321a_derivative_mcu_wrapper.odb'…
Reading library file at '/nc/pdk/ciel/sky130/versions/0fe599b2afb6708d281543108caf8310912f54af/sky130A/libs.ref/sky130_fd_sc_hd/lib/sky130_fd_sc_hd__tt_025C_1v80.lib'…
Reading library file at '/nc/ip/CF_SRAM_1024x32/v2.2.0-nc/lib/CF_SRAM_1024x32_tt_180V_25C.lib'…
[WARNING STA-1173] /nc/ip/CF_SRAM_1024x32/v2.2.0-nc/lib/CF_SRAM_1024x32_tt_180V_25C.lib line 62, default_fanout_load is 0.0.
Reading macro library file at '/nc/ip/CF_SRAM_1024x32/v2.2.0-nc/lib/CF_SRAM_1024x32_tt_180V_25C.lib'…
[WARNING STA-1140] /nc/ip/CF_SRAM_1024x32/v2.2.0-nc/lib/CF_SRAM_1024x32_tt_180V_25C.lib line 29, library CF_SRAM_1024x32_tt_180V_25C already exists.
[WARNING STA-1173] /nc/ip/CF_SRAM_1024x32/v2.2.0-nc/lib/CF_SRAM_1024x32_tt_180V_25C.lib line 62, default_fanout_load is 0.0.
Reading extra library file at '/nc/ip/CF_SRAM_1024x32/v2.2.0-nc/lib/CF_SRAM_1024x32_ff_195V_100C.lib'…
[WARNING STA-1173] /nc/ip/CF_SRAM_1024x32/v2.2.0-nc/lib/CF_SRAM_1024x32_ff_195V_100C.lib line 76, default_fanout_load is 0.0.
Reading extra library file at '/nc/ip/CF_SRAM_1024x32/v2.2.0-nc/lib/CF_SRAM_1024x32_ss_160V_100C.lib'…
[WARNING STA-1173] /nc/ip/CF_SRAM_1024x32/v2.2.0-nc/lib/CF_SRAM_1024x32_ss_160V_100C.lib line 76, default_fanout_load is 0.0.
Reading extra library file at '/nc/ip/CF_SRAM_1024x32/v2.2.0-nc/lib/CF_SRAM_1024x32_tt_180V_25C.lib'…
[WARNING STA-1140] /nc/ip/CF_SRAM_1024x32/v2.2.0-nc/lib/CF_SRAM_1024x32_tt_180V_25C.lib line 29, library CF_SRAM_1024x32_tt_180V_25C already exists.
[WARNING STA-1173] /nc/ip/CF_SRAM_1024x32/v2.2.0-nc/lib/CF_SRAM_1024x32_tt_180V_25C.lib line 62, default_fanout_load is 0.0.
Reading design constraints file at '/workspace/nc-project-20260529-210526/mspm33c321a_derivative_mcu/openlane/mspm33c321a_derivative_mcu_wrapper/mspm33c321a_derivative_mcu_wrapper.sdc'…
[INFO] Using clock clk_in…
[INFO] Setting output delay to: 5.0
[INFO] Setting input delay to: 5.0
[WARNING STA-0441] set_output_delay relative to a clock defined on the same port/pin not allowed.
[INFO] Setting load to: 0.033442
[INFO] Setting clock uncertainty to: 0.25
[INFO] Setting clock transition to: 0.1499999999999999944488848768742172978818416595458984375
[INFO] Setting timing derate to: 5%
[WARNING STA-0441] set_output_delay relative to a clock defined on the same port/pin not allowed.
[INFO] No information on clock propagation in input SDC file-- propagating all clocks.
[INFO] Setting RC values…
[INFO] Setting signal min routing layer to: met1 and clock min routing layer to met1. 
[INFO] Setting signal max routing layer to: met5 and clock max routing layer to met5. 
+ global_placement -density 0.5284300000000001 -timing_driven -routability_driven -pad_right 0 -pad_left 0 -init_wirelength_coef 0.25
[INFO GPL-0002] DBU: 1000
[INFO GPL-0003] SiteSize: (  0.460  2.720 ) um
[INFO GPL-0004] CoreBBox: ( 275.080 277.440 ) ( 4003.380 3503.360 ) um
[INFO GPL-0006] NumInstances:            221047
[INFO GPL-0007] NumPlaceInstances:        92909
[INFO GPL-0008] NumFixedInstances:       120630
[INFO GPL-0009] NumDummyInstances:         7508
[INFO GPL-0010] NumNets:                  94281
[INFO GPL-0011] NumPins:                 380329
[INFO GPL-0012] DieBBox:  (  0.000  0.000 ) ( 4278.670 3778.670 ) um
[INFO GPL-0013] CoreBBox: ( 275.080 277.440 ) ( 4003.380 3503.360 ) um
[INFO GPL-0016] CoreArea:            12027197.536 um^2
[INFO GPL-0017] NonPlaceInstsArea:   4475678.781 um^2
[INFO GPL-0018] PlaceInstsArea:      1206936.298 um^2
[INFO GPL-0019] Util:                    15.983 %
[INFO GPL-0020] StdInstsArea:        1206936.298 um^2
[INFO GPL-0021] MacroInstsArea:           0.000 um^2
[InitialPlace]  Iter: 1 CG residual: 0.00188976 HPWL: 11254739590
[InitialPlace]  Iter: 2 CG residual: 0.00001403 HPWL: 4212645484
[InitialPlace]  Iter: 3 CG residual: 0.00000057 HPWL: 3937426369
[InitialPlace]  Iter: 4 CG residual: 0.00000079 HPWL: 3937870629
[InitialPlace]  Iter: 5 CG residual: 0.00000083 HPWL: 3930438565
[INFO GPL-0031] FillerInit:NumGCells:    311526
[INFO GPL-0032] FillerInit:NumGNets:      94281
[INFO GPL-0033] FillerInit:NumGPins:     380329
[INFO GPL-0023] TargetDensity:            0.528
[INFO GPL-0024] AvrgPlaceInstArea:       12.991 um^2
[INFO GPL-0025] IdealBinArea:            24.583 um^2
[INFO GPL-0026] IdealBinCnt:             489243
[INFO GPL-0027] TotalBinArea:        12027197.536 um^2
[INFO GPL-0028] BinCnt:       512    512
[INFO GPL-0029] BinSize: (  7.282  6.301 )
[INFO GPL-0030] NumBins: 262144
[NesterovSolve] Iter:    1 overflow: 0.993 HPWL: 2907629602
[NesterovSolve] Iter:   10 overflow: 0.988 HPWL: 3029380622
[NesterovSolve] Iter:   20 overflow: 0.984 HPWL: 3086728086
[NesterovSolve] Iter:   30 overflow: 0.980 HPWL: 3160596722
[NesterovSolve] Iter:   40 overflow: 0.976 HPWL: 3202908114
[NesterovSolve] Iter:   50 overflow: 0.975 HPWL: 3222691865
[NesterovSolve] Iter:   60 overflow: 0.975 HPWL: 3231851005
[NesterovSolve] Iter:   70 overflow: 0.975 HPWL: 3234538863
[NesterovSolve] Iter:   80 overflow: 0.975 HPWL: 3231256797
[NesterovSolve] Iter:   90 overflow: 0.975 HPWL: 3225735420
[NesterovSolve] Iter:  100 overflow: 0.975 HPWL: 3221945105
[NesterovSolve] Iter:  110 overflow: 0.974 HPWL: 3221717711
[NesterovSolve] Iter:  120 overflow: 0.974 HPWL: 3225661773
[NesterovSolve] Iter:  130 overflow: 0.974 HPWL: 3234122892
[NesterovSolve] Iter:  140 overflow: 0.973 HPWL: 3247449675
[NesterovSolve] Iter:  150 overflow: 0.972 HPWL: 3265665174
[NesterovSolve] Iter:  160 overflow: 0.971 HPWL: 3289987739
[NesterovSolve] Iter:  170 overflow: 0.970 HPWL: 3324904851
[NesterovSolve] Iter:  180 overflow: 0.968 HPWL: 3376347328
[NesterovSolve] Iter:  190 overflow: 0.965 HPWL: 3451390456
[NesterovSolve] Iter:  200 overflow: 0.960 HPWL: 3557842405
[NesterovSolve] Iter:  210 overflow: 0.950 HPWL: 3702194109
[NesterovSolve] Iter:  220 overflow: 0.939 HPWL: 3903355545
[NesterovSolve] Iter:  230 overflow: 0.925 HPWL: 4138575420
[NesterovSolve] Iter:  240 overflow: 0.910 HPWL: 4423670469
[NesterovSolve] Iter:  250 overflow: 0.889 HPWL: 4762015817
[NesterovSolve] Iter:  260 overflow: 0.870 HPWL: 4986147805
[NesterovSolve] Iter:  270 overflow: 0.857 HPWL: 5256637847
[NesterovSolve] Iter:  280 overflow: 0.837 HPWL: 5651040282
[NesterovSolve] Iter:  290 overflow: 0.811 HPWL: 5895739009
[NesterovSolve] Iter:  300 overflow: 0.776 HPWL: 6154199873
[NesterovSolve] Iter:  310 overflow: 0.735 HPWL: 6210527387
[INFO GPL-0100] Timing-driven: executing resizer for reweighting nets.
[INFO GPL-0101] Timing-driven: worst slack -1.88e-07
[INFO GPL-0103] Timing-driven: weighted 9303 nets.
[NesterovSolve] Iter:  320 overflow: 0.693 HPWL: 6176656405
[NesterovSolve] Iter:  330 overflow: 0.646 HPWL: 6118539436
[NesterovSolve] Iter:  340 overflow: 0.597 HPWL: 6237785897
[NesterovSolve] Snapshot saved at iter = 339
[INFO GPL-0100] Timing-driven: executing resizer for reweighting nets.
[INFO GPL-0101] Timing-driven: worst slack -1.93e-07
[INFO GPL-0103] Timing-driven: weighted 9303 nets.
[NesterovSolve] Iter:  350 overflow: 0.545 HPWL: 6275563237
[NesterovSolve] Iter:  360 overflow: 0.497 HPWL: 6303388338
[NesterovSolve] Iter:  370 overflow: 0.447 HPWL: 6321815203
[INFO GPL-0100] Timing-driven: executing resizer for reweighting nets.
[INFO GPL-0101] Timing-driven: worst slack -1.99e-07
[INFO GPL-0103] Timing-driven: weighted 9301 nets.
[NesterovSolve] Iter:  380 overflow: 0.403 HPWL: 6353172979
[NesterovSolve] Iter:  390 overflow: 0.356 HPWL: 6369944442
[NesterovSolve] Iter:  400 overflow: 0.319 HPWL: 6333294967
[INFO GPL-0075] Routability numCall: 1 inflationIterCnt: 1 bloatIterCnt: 0
[INFO GPL-0036] TileBBox: (    0    0 ) ( 6900 6900 ) DBU
[INFO GPL-0038] TileCnt:     620  547
[INFO GPL-0040] NumTiles: 339140
[INFO GPL-0081] TotalRouteOverflow: 235.86108016967773
[INFO GPL-0082] OverflowTileCnt: 2457
[INFO GPL-0083] 0.5%RC: 1.1331593598116119
[INFO GPL-0084] 1.0%RC: 1.0658472866206519
[INFO GPL-0085] 2.0%RC: 1.0026356836397283
[INFO GPL-0086] 5.0%RC: 0.9300145748483127
[INFO GPL-0087] FinalRC: 1.0995033
[INFO GPL-0078] FinalRC lower than minRC (1e+30), min RC updated.
[INFO GPL-0045] InflatedAreaDelta:    79917.629 um^2
[INFO GPL-0046] TargetDensity:            0.528
[INFO GPL-0049] WhiteSpaceArea:      7551518.755 um^2
[INFO GPL-0050] NesterovInstsArea:   1206936.298 um^2
[INFO GPL-0051] TotalFillerArea:     2783512.732 um^2
[INFO GPL-0052] TotalGCellsArea:     3990449.029 um^2
[INFO GPL-0053] ExpectedGCellsArea:  4070366.658 um^2
[INFO GPL-0054] NewTargetDensity:         0.539
[INFO GPL-0055] NewWhiteSpaceArea:   7551518.755 um^2
[INFO GPL-0056] MovableArea:         4070366.511 um^2
[INFO GPL-0057] NewNesterovInstArea: 1286853.926 um^2
[INFO GPL-0058] NewTotalFillerArea:  2783512.585 um^2
[INFO GPL-0059] NewTotalGCellsArea:  4070366.511 um^2
[NesterovSolve] Revert back to snapshot coordi
[NesterovSolve] Iter:  410 overflow: 0.581 HPWL: 6404345539
[NesterovSolve] Iter:  420 overflow: 0.544 HPWL: 6510831315
[NesterovSolve] Iter:  430 overflow: 0.498 HPWL: 6499353478
[NesterovSolve] Iter:  440 overflow: 0.466 HPWL: 6487519951
[NesterovSolve] Iter:  450 overflow: 0.426 HPWL: 6492524090
[NesterovSolve] Iter:  460 overflow: 0.386 HPWL: 6500105806
[NesterovSolve] Iter:  470 overflow: 0.349 HPWL: 6470098303
[NesterovSolve] Iter:  480 overflow: 0.315 HPWL: 6425255581
[INFO GPL-0075] Routability numCall: 2 inflationIterCnt: 2 bloatIterCnt: 0
[INFO GPL-0036] TileBBox: (    0    0 ) ( 6900 6900 ) DBU
[INFO GPL-0038] TileCnt:     620  547
[INFO GPL-0040] NumTiles: 339140
[INFO GPL-0081] TotalRouteOverflow: 102.17916011810303
[INFO GPL-0082] OverflowTileCnt: 1533
[INFO GPL-0083] 0.5%RC: 1.0599432064325742
[INFO GPL-0084] 1.0%RC: 1.0150195841132752
[INFO GPL-0085] 2.0%RC: 0.9704979210586722
[INFO GPL-0086] 5.0%RC: 0.9159381590889487
[INFO GPL-0087] FinalRC: 1.0374814
[INFO GPL-0078] FinalRC lower than minRC (1.0995033), min RC updated.
[INFO GPL-0045] InflatedAreaDelta:    10550.198 um^2
[INFO GPL-0046] TargetDensity:            0.539
[INFO GPL-0049] WhiteSpaceArea:      7551518.755 um^2
[INFO GPL-0050] NesterovInstsArea:   1286853.926 um^2
[INFO GPL-0051] TotalFillerArea:     2783512.585 um^2
[INFO GPL-0052] TotalGCellsArea:     4070366.511 um^2
[INFO GPL-0053] ExpectedGCellsArea:  4080916.709 um^2
[INFO GPL-0054] NewTargetDensity:         0.540
[INFO GPL-0055] NewWhiteSpaceArea:   7551518.755 um^2
[INFO GPL-0056] MovableArea:         4080916.496 um^2
[INFO GPL-0057] NewNesterovInstArea: 1297404.124 um^2
[INFO GPL-0058] NewTotalFillerArea:  2783512.372 um^2
[INFO GPL-0059] NewTotalGCellsArea:  4080916.496 um^2
[NesterovSolve] Revert back to snapshot coordi
[NesterovSolve] Iter:  490 overflow: 0.574 HPWL: 6492663577
[NesterovSolve] Iter:  500 overflow: 0.538 HPWL: 6552228600
[NesterovSolve] Iter:  510 overflow: 0.494 HPWL: 6534666836
[NesterovSolve] Iter:  520 overflow: 0.463 HPWL: 6523204469
[NesterovSolve] Iter:  530 overflow: 0.422 HPWL: 6519830227
[NesterovSolve] Iter:  540 overflow: 0.381 HPWL: 6524799312
[NesterovSolve] Iter:  550 overflow: 0.345 HPWL: 6493924838
[NesterovSolve] Iter:  560 overflow: 0.312 HPWL: 6442131441
[INFO GPL-0075] Routability numCall: 3 inflationIterCnt: 3 bloatIterCnt: 0
[INFO GPL-0036] TileBBox: (    0    0 ) ( 6900 6900 ) DBU
[INFO GPL-0038] TileCnt:     620  547
[INFO GPL-0040] NumTiles: 339140
[INFO GPL-0081] TotalRouteOverflow: 84.5284229516983
[INFO GPL-0082] OverflowTileCnt: 1388
[INFO GPL-0083] 0.5%RC: 1.0488159888476696
[INFO GPL-0084] 1.0%RC: 1.0087139982695006
[INFO GPL-0085] 2.0%RC: 0.9671492492504111
[INFO GPL-0086] 5.0%RC: 0.9150648566288382
[INFO GPL-0087] FinalRC: 1.028765
[INFO GPL-0078] FinalRC lower than minRC (1.0374814), min RC updated.
[INFO GPL-0045] InflatedAreaDelta:     8259.743 um^2
[INFO GPL-0046] TargetDensity:            0.540
[INFO GPL-0049] WhiteSpaceArea:      7551518.755 um^2
[INFO GPL-0050] NesterovInstsArea:   1297404.124 um^2
[INFO GPL-0051] TotalFillerArea:     2783512.372 um^2
[INFO GPL-0052] TotalGCellsArea:     4080916.496 um^2
[INFO GPL-0053] ExpectedGCellsArea:  4089176.240 um^2
[INFO GPL-0054] NewTargetDensity:         0.542
[INFO GPL-0055] NewWhiteSpaceArea:   7551518.755 um^2
[INFO GPL-0056] MovableArea:         4089176.130 um^2
[INFO GPL-0057] NewNesterovInstArea: 1305663.868 um^2
[INFO GPL-0058] NewTotalFillerArea:  2783512.262 um^2
[INFO GPL-0059] NewTotalGCellsArea:  4089176.130 um^2
[NesterovSolve] Revert back to snapshot coordi
[NesterovSolve] Iter:  570 overflow: 0.567 HPWL: 6555394455
[NesterovSolve] Iter:  580 overflow: 0.534 HPWL: 6590512855
[NesterovSolve] Iter:  590 overflow: 0.491 HPWL: 6552049276
[NesterovSolve] Iter:  600 overflow: 0.459 HPWL: 6555810491
[NesterovSolve] Iter:  610 overflow: 0.418 HPWL: 6548416884
[NesterovSolve] Iter:  620 overflow: 0.378 HPWL: 6548978877
[NesterovSolve] Iter:  630 overflow: 0.341 HPWL: 6518999138
[NesterovSolve] Iter:  640 overflow: 0.308 HPWL: 6461518496
[INFO GPL-0075] Routability numCall: 4 inflationIterCnt: 4 bloatIterCnt: 0
[INFO GPL-0036] TileBBox: (    0    0 ) ( 6900 6900 ) DBU
[INFO GPL-0038] TileCnt:     620  547
[INFO GPL-0040] NumTiles: 339140
[INFO GPL-0081] TotalRouteOverflow: 84.50100660324097
[INFO GPL-0082] OverflowTileCnt: 1423
[INFO GPL-0083] 0.5%RC: 1.0490928187896058
[INFO GPL-0084] 1.0%RC: 1.0089699958609242
[INFO GPL-0085] 2.0%RC: 0.9671065724829244
[INFO GPL-0086] 5.0%RC: 0.9148216705077056
[INFO GPL-0087] FinalRC: 1.0290314
[INFO GPL-0079] MinRC (1.028765) violation occurred, total count: 1.
[INFO GPL-0045] InflatedAreaDelta:     8743.933 um^2
[INFO GPL-0046] TargetDensity:            0.542
[INFO GPL-0049] WhiteSpaceArea:      7551518.755 um^2
[INFO GPL-0050] NesterovInstsArea:   1305663.868 um^2
[INFO GPL-0051] TotalFillerArea:     2783512.262 um^2
[INFO GPL-0052] TotalGCellsArea:     4089176.130 um^2
[INFO GPL-0053] ExpectedGCellsArea:  4097920.063 um^2
[INFO GPL-0054] NewTargetDensity:         0.543
[INFO GPL-0055] NewWhiteSpaceArea:   7551518.755 um^2
[INFO GPL-0056] MovableArea:         4097919.681 um^2
[INFO GPL-0057] NewNesterovInstArea: 1314407.801 um^2
[INFO GPL-0058] NewTotalFillerArea:  2783511.880 um^2
[INFO GPL-0059] NewTotalGCellsArea:  4097919.681 um^2
[NesterovSolve] Revert back to snapshot coordi
[NesterovSolve] Iter:  650 overflow: 0.563 HPWL: 6602215478
[NesterovSolve] Iter:  660 overflow: 0.529 HPWL: 6630315947
[NesterovSolve] Iter:  670 overflow: 0.489 HPWL: 6580977960
[NesterovSolve] Iter:  680 overflow: 0.455 HPWL: 6587089585
[NesterovSolve] Iter:  690 overflow: 0.414 HPWL: 6583979198
[NesterovSolve] Iter:  700 overflow: 0.374 HPWL: 6569751735
[NesterovSolve] Iter:  710 overflow: 0.339 HPWL: 6533488768
[NesterovSolve] Iter:  720 overflow: 0.305 HPWL: 6471395716
[INFO GPL-0075] Routability numCall: 5 inflationIterCnt: 0 bloatIterCnt: 1
[INFO GPL-0036] TileBBox: (    0    0 ) ( 6900 6900 ) DBU
[INFO GPL-0038] TileCnt:     620  547
[INFO GPL-0040] NumTiles: 339140
[INFO GPL-0081] TotalRouteOverflow: 67.40125691890717
[INFO GPL-0082] OverflowTileCnt: 1258
[INFO GPL-0083] 0.5%RC: 1.037667220106946
[INFO GPL-0084] 1.0%RC: 1.0006421139674648
[INFO GPL-0085] 2.0%RC: 0.961049387030733
[INFO GPL-0086] 5.0%RC: 0.9123757037273125
[INFO GPL-0087] FinalRC: 1.0191547
[INFO GPL-0078] FinalRC lower than minRC (1.028765), min RC updated.
[INFO GPL-0045] InflatedAreaDelta:     4728.838 um^2
[INFO GPL-0046] TargetDensity:            0.543
[INFO GPL-0049] WhiteSpaceArea:      7551518.755 um^2
[INFO GPL-0050] NesterovInstsArea:   1314407.801 um^2
[INFO GPL-0051] TotalFillerArea:     2783511.880 um^2
[INFO GPL-0052] TotalGCellsArea:     4097919.681 um^2
[INFO GPL-0053] ExpectedGCellsArea:  4102648.519 um^2
[INFO GPL-0054] NewTargetDensity:         0.543
[INFO GPL-0055] NewWhiteSpaceArea:   7551518.755 um^2
[INFO GPL-0056] MovableArea:         4102648.496 um^2
[INFO GPL-0057] NewNesterovInstArea: 1319136.639 um^2
[INFO GPL-0058] NewTotalFillerArea:  2783511.857 um^2
[INFO GPL-0059] NewTotalGCellsArea:  4102648.496 um^2
[NesterovSolve] Revert back to snapshot coordi
[NesterovSolve] Iter:  730 overflow: 0.560 HPWL: 6622589341
[NesterovSolve] Iter:  740 overflow: 0.523 HPWL: 6643813661
[NesterovSolve] Iter:  750 overflow: 0.486 HPWL: 6601148498
[NesterovSolve] Iter:  760 overflow: 0.450 HPWL: 6603374295
[NesterovSolve] Iter:  770 overflow: 0.408 HPWL: 6601560044
[NesterovSolve] Iter:  780 overflow: 0.370 HPWL: 6583581572
[NesterovSolve] Iter:  790 overflow: 0.335 HPWL: 6547947220
[NesterovSolve] Iter:  800 overflow: 0.302 HPWL: 6486338570
[INFO GPL-0075] Routability numCall: 6 inflationIterCnt: 1 bloatIterCnt: 1
[INFO GPL-0036] TileBBox: (    0    0 ) ( 6900 6900 ) DBU
[INFO GPL-0038] TileCnt:     620  547
[INFO GPL-0040] NumTiles: 339140
[INFO GPL-0081] TotalRouteOverflow: 65.12714374065399
[INFO GPL-0082] OverflowTileCnt: 1251
[INFO GPL-0083] 0.5%RC: 1.0361963161530923
[INFO GPL-0084] 1.0%RC: 1.0001387007112772
[INFO GPL-0085] 2.0%RC: 0.9609394801694631
[INFO GPL-0086] 5.0%RC: 0.9124479398044373
[INFO GPL-0087] FinalRC: 1.0181675
[INFO GPL-0079] MinRC (1.0191547) violation occurred, total count: 1.
[INFO GPL-0045] InflatedAreaDelta:     4818.056 um^2
[INFO GPL-0046] TargetDensity:            0.543
[INFO GPL-0049] WhiteSpaceArea:      7551518.755 um^2
[INFO GPL-0050] NesterovInstsArea:   1319136.639 um^2
[INFO GPL-0051] TotalFillerArea:     2783511.857 um^2
[INFO GPL-0052] TotalGCellsArea:     4102648.496 um^2
[INFO GPL-0053] ExpectedGCellsArea:  4107466.552 um^2
[INFO GPL-0054] NewTargetDensity:         0.544
[INFO GPL-0055] NewWhiteSpaceArea:   7551518.755 um^2
[INFO GPL-0056] MovableArea:         4107466.441 um^2
[INFO GPL-0057] NewNesterovInstArea: 1323954.695 um^2
[INFO GPL-0058] NewTotalFillerArea:  2783511.745 um^2
[INFO GPL-0059] NewTotalGCellsArea:  4107466.441 um^2
[NesterovSolve] Revert back to snapshot coordi
[NesterovSolve] Iter:  810 overflow: 0.557 HPWL: 6645456724
[NesterovSolve] Iter:  820 overflow: 0.517 HPWL: 6655774489
[NesterovSolve] Iter:  830 overflow: 0.484 HPWL: 6623702433
[NesterovSolve] Iter:  840 overflow: 0.447 HPWL: 6622979860
[NesterovSolve] Iter:  850 overflow: 0.404 HPWL: 6620291613
[NesterovSolve] Iter:  860 overflow: 0.368 HPWL: 6596342879
[NesterovSolve] Iter:  870 overflow: 0.332 HPWL: 6553865440
[NesterovSolve] Iter:  880 overflow: 0.299 HPWL: 6492393424
[INFO GPL-0075] Routability numCall: 7 inflationIterCnt: 2 bloatIterCnt: 1
[INFO GPL-0036] TileBBox: (    0    0 ) ( 6900 6900 ) DBU
[INFO GPL-0038] TileCnt:     620  547
[INFO GPL-0040] NumTiles: 339140
[INFO GPL-0081] TotalRouteOverflow: 62.697943568229675
[INFO GPL-0082] OverflowTileCnt: 1230
[INFO GPL-0083] 0.5%RC: 1.0349174381567623
[INFO GPL-0084] 1.0%RC: 0.9986696374901342
[INFO GPL-0085] 2.0%RC: 0.9597966182237175
[INFO GPL-0086] 5.0%RC: 0.9117311475559134
[INFO GPL-0087] FinalRC: 1.0167935
[INFO GPL-0078] FinalRC lower than minRC (1.0191547), min RC updated.
[INFO GPL-0045] InflatedAreaDelta:     4018.793 um^2
[INFO GPL-0046] TargetDensity:            0.544
[INFO GPL-0049] WhiteSpaceArea:      7551518.755 um^2
[INFO GPL-0050] NesterovInstsArea:   1323954.695 um^2
[INFO GPL-0051] TotalFillerArea:     2783511.745 um^2
[INFO GPL-0052] TotalGCellsArea:     4107466.441 um^2
[INFO GPL-0053] ExpectedGCellsArea:  4111485.234 um^2
[INFO GPL-0054] NewTargetDensity:         0.544
[INFO GPL-0055] NewWhiteSpaceArea:   7551518.755 um^2
[INFO GPL-0056] MovableArea:         4111485.108 um^2
[INFO GPL-0057] NewNesterovInstArea: 1327973.488 um^2
[INFO GPL-0058] NewTotalFillerArea:  2783511.620 um^2
[INFO GPL-0059] NewTotalGCellsArea:  4111485.108 um^2
[NesterovSolve] Revert back to snapshot coordi
[NesterovSolve] Iter:  890 overflow: 0.555 HPWL: 6661859638
[NesterovSolve] Iter:  900 overflow: 0.511 HPWL: 6665139505
[NesterovSolve] Iter:  910 overflow: 0.480 HPWL: 6641861860
[NesterovSolve] Iter:  920 overflow: 0.441 HPWL: 6633856405
[NesterovSolve] Iter:  930 overflow: 0.401 HPWL: 6629971011
[NesterovSolve] Iter:  940 overflow: 0.364 HPWL: 6606540452
[NesterovSolve] Iter:  950 overflow: 0.329 HPWL: 6563354624
[INFO GPL-0075] Routability numCall: 8 inflationIterCnt: 3 bloatIterCnt: 1
[INFO GPL-0036] TileBBox: (    0    0 ) ( 6900 6900 ) DBU
[INFO GPL-0038] TileCnt:     620  547
[INFO GPL-0040] NumTiles: 339140
[INFO GPL-0081] TotalRouteOverflow: 55.62257266044617
[INFO GPL-0082] OverflowTileCnt: 1248
[INFO GPL-0083] 0.5%RC: 1.030691894790474
[INFO GPL-0084] 1.0%RC: 0.9969845952571563
[INFO GPL-0085] 2.0%RC: 0.9590068646242147
[INFO GPL-0086] 5.0%RC: 0.911699349056151
[INFO GPL-0087] FinalRC: 1.0138383
[INFO GPL-0078] FinalRC lower than minRC (1.0167935), min RC updated.
[INFO GPL-0045] InflatedAreaDelta:     3232.983 um^2
[INFO GPL-0046] TargetDensity:            0.544
[INFO GPL-0049] WhiteSpaceArea:      7551518.755 um^2
[INFO GPL-0050] NesterovInstsArea:   1327973.488 um^2
[INFO GPL-0051] TotalFillerArea:     2783511.620 um^2
[INFO GPL-0052] TotalGCellsArea:     4111485.108 um^2
[INFO GPL-0053] ExpectedGCellsArea:  4114718.092 um^2
[INFO GPL-0054] NewTargetDensity:         0.545
[INFO GPL-0055] NewWhiteSpaceArea:   7551518.755 um^2
[INFO GPL-0056] MovableArea:         4114718.130 um^2
[INFO GPL-0057] NewNesterovInstArea: 1331206.472 um^2
[INFO GPL-0058] NewTotalFillerArea:  2783511.659 um^2
[INFO GPL-0059] NewTotalGCellsArea:  4114718.130 um^2
[NesterovSolve] Revert back to snapshot coordi
[NesterovSolve] Iter:  960 overflow: 0.620 HPWL: 6246199773
[NesterovSolve] Iter:  970 overflow: 0.553 HPWL: 6677915099
[NesterovSolve] Iter:  980 overflow: 0.507 HPWL: 6675447541
[NesterovSolve] Iter:  990 overflow: 0.476 HPWL: 6657835053
[NesterovSolve] Iter: 1000 overflow: 0.438 HPWL: 6643648877
[NesterovSolve] Iter: 1010 overflow: 0.397 HPWL: 6644093317
[NesterovSolve] Iter: 1020 overflow: 0.360 HPWL: 6618449209
[NesterovSolve] Iter: 1030 overflow: 0.325 HPWL: 6564742672
[INFO GPL-0075] Routability numCall: 9 inflationIterCnt: 4 bloatIterCnt: 1
[INFO GPL-0036] TileBBox: (    0    0 ) ( 6900 6900 ) DBU
[INFO GPL-0038] TileCnt:     620  547
[INFO GPL-0040] NumTiles: 339140
[INFO GPL-0081] TotalRouteOverflow: 53.61585533618927
[INFO GPL-0082] OverflowTileCnt: 1108
[INFO GPL-0083] 0.5%RC: 1.0282067879683003
[INFO GPL-0084] 1.0%RC: 0.9948085562659884
[INFO GPL-0085] 2.0%RC: 0.957433340060189
[INFO GPL-0086] 5.0%RC: 0.9106168574957013
[INFO GPL-0087] FinalRC: 1.0115076
[INFO GPL-0078] FinalRC lower than minRC (1.0138383), min RC updated.
[INFO GPL-0045] InflatedAreaDelta:     3083.816 um^2
[INFO GPL-0046] TargetDensity:            0.545
[INFO GPL-0049] WhiteSpaceArea:      7551518.755 um^2
[INFO GPL-0050] NesterovInstsArea:   1331206.472 um^2
[INFO GPL-0051] TotalFillerArea:     2783511.659 um^2
[INFO GPL-0052] TotalGCellsArea:     4114718.130 um^2
[INFO GPL-0053] ExpectedGCellsArea:  4117801.946 um^2
[INFO GPL-0054] NewTargetDensity:         0.545
[INFO GPL-0055] NewWhiteSpaceArea:   7551518.755 um^2
[INFO GPL-0056] MovableArea:         4117801.730 um^2
[INFO GPL-0057] NewNesterovInstArea: 1334290.287 um^2
[INFO GPL-0058] NewTotalFillerArea:  2783511.443 um^2
[INFO GPL-0059] NewTotalGCellsArea:  4117801.730 um^2
[NesterovSolve] Revert back to snapshot coordi
[NesterovSolve] Iter: 1040 overflow: 0.605 HPWL: 6331513708
[NesterovSolve] Iter: 1050 overflow: 0.551 HPWL: 6703604418
[NesterovSolve] Iter: 1060 overflow: 0.502 HPWL: 6681828120
[NesterovSolve] Iter: 1070 overflow: 0.473 HPWL: 6681095337
[NesterovSolve] Iter: 1080 overflow: 0.432 HPWL: 6658946754
[NesterovSolve] Iter: 1090 overflow: 0.393 HPWL: 6653413759
[NesterovSolve] Iter: 1100 overflow: 0.356 HPWL: 6623941751
[NesterovSolve] Iter: 1110 overflow: 0.321 HPWL: 6567022779
[INFO GPL-0075] Routability numCall: 10 inflationIterCnt: 0 bloatIterCnt: 2
[INFO GPL-0036] TileBBox: (    0    0 ) ( 6900 6900 ) DBU
[INFO GPL-0038] TileCnt:     620  547
[INFO GPL-0040] NumTiles: 339140
[INFO GPL-0081] TotalRouteOverflow: 57.547205567359924
[INFO GPL-0082] OverflowTileCnt: 1121
[INFO GPL-0083] 0.5%RC: 1.0305120180940852
[INFO GPL-0084] 1.0%RC: 0.9955048994249049
[INFO GPL-0085] 2.0%RC: 0.9576020287356686
[INFO GPL-0086] 5.0%RC: 0.9109248973158105
[INFO GPL-0087] FinalRC: 1.0130085
[INFO GPL-0079] MinRC (1.0115076) violation occurred, total count: 1.
[INFO GPL-0045] InflatedAreaDelta:     3810.426 um^2
[INFO GPL-0046] TargetDensity:            0.545
[INFO GPL-0049] WhiteSpaceArea:      7551518.755 um^2
[INFO GPL-0050] NesterovInstsArea:   1334290.287 um^2
[INFO GPL-0051] TotalFillerArea:     2783511.443 um^2
[INFO GPL-0052] TotalGCellsArea:     4117801.730 um^2
[INFO GPL-0053] ExpectedGCellsArea:  4121612.156 um^2
[INFO GPL-0054] NewTargetDensity:         0.546
[INFO GPL-0055] NewWhiteSpaceArea:   7551518.755 um^2
[INFO GPL-0056] MovableArea:         4121612.517 um^2
[INFO GPL-0057] NewNesterovInstArea: 1338100.714 um^2
[INFO GPL-0058] NewTotalFillerArea:  2783511.804 um^2
[INFO GPL-0059] NewTotalGCellsArea:  4121612.517 um^2
[NesterovSolve] Revert back to snapshot coordi
[NesterovSolve] Iter: 1120 overflow: 0.589 HPWL: 6409871009
[NesterovSolve] Iter: 1130 overflow: 0.548 HPWL: 6733969743
[NesterovSolve] Iter: 1140 overflow: 0.500 HPWL: 6696603192
[NesterovSolve] Iter: 1150 overflow: 0.470 HPWL: 6699979631
[NesterovSolve] Iter: 1160 overflow: 0.428 HPWL: 6670976744
[NesterovSolve] Iter: 1170 overflow: 0.389 HPWL: 6661528067
[NesterovSolve] Iter: 1180 overflow: 0.353 HPWL: 6632136633
[NesterovSolve] Iter: 1190 overflow: 0.318 HPWL: 6565721077
[INFO GPL-0075] Routability numCall: 11 inflationIterCnt: 1 bloatIterCnt: 2
[INFO GPL-0036] TileBBox: (    0    0 ) ( 6900 6900 ) DBU
[INFO GPL-0038] TileCnt:     620  547
[INFO GPL-0040] NumTiles: 339140
[INFO GPL-0081] TotalRouteOverflow: 57.70857310295105
[INFO GPL-0082] OverflowTileCnt: 1129
[INFO GPL-0083] 0.5%RC: 1.0309636418198078
[INFO GPL-0084] 1.0%RC: 0.9958586794552657
[INFO GPL-0085] 2.0%RC: 0.957703773837938
[INFO GPL-0086] 5.0%RC: 0.9109447317323911
[INFO GPL-0087] FinalRC: 1.0134112
[INFO GPL-0079] MinRC (1.0115076) violation occurred, total count: 2.
[INFO GPL-0045] InflatedAreaDelta:     3718.407 um^2
[INFO GPL-0046] TargetDensity:            0.546
[INFO GPL-0049] WhiteSpaceArea:      7551518.755 um^2
[INFO GPL-0050] NesterovInstsArea:   1338100.714 um^2
[INFO GPL-0051] TotalFillerArea:     2783511.804 um^2
[INFO GPL-0052] TotalGCellsArea:     4121612.517 um^2
[INFO GPL-0053] ExpectedGCellsArea:  4125330.924 um^2
[INFO GPL-0054] NewTargetDensity:         0.546
[INFO GPL-0055] NewWhiteSpaceArea:   7551518.755 um^2
[INFO GPL-0056] MovableArea:         4125331.292 um^2
[INFO GPL-0057] NewNesterovInstArea: 1341819.121 um^2
[INFO GPL-0058] NewTotalFillerArea:  2783512.171 um^2
[INFO GPL-0059] NewTotalGCellsArea:  4125331.292 um^2
[NesterovSolve] Revert back to snapshot coordi
[NesterovSolve] Iter: 1200 overflow: 0.576 HPWL: 6548492328
[NesterovSolve] Iter: 1210 overflow: 0.544 HPWL: 6759694732
[NesterovSolve] Iter: 1220 overflow: 0.497 HPWL: 6711315099
[NesterovSolve] Iter: 1230 overflow: 0.466 HPWL: 6712535136
[NesterovSolve] Iter: 1240 overflow: 0.424 HPWL: 6688261414
[NesterovSolve] Iter: 1250 overflow: 0.385 HPWL: 6675687465
[NesterovSolve] Iter: 1260 overflow: 0.348 HPWL: 6644539279
[NesterovSolve] Iter: 1270 overflow: 0.317 HPWL: 6572723417
[INFO GPL-0075] Routability numCall: 12 inflationIterCnt: 2 bloatIterCnt: 2
[INFO GPL-0036] TileBBox: (    0    0 ) ( 6900 6900 ) DBU
[INFO GPL-0038] TileCnt:     620  547
[INFO GPL-0040] NumTiles: 339140
[INFO GPL-0081] TotalRouteOverflow: 49.71915256977081
[INFO GPL-0082] OverflowTileCnt: 1055
[INFO GPL-0083] 0.5%RC: 1.025784452147079
[INFO GPL-0084] 1.0%RC: 0.9931776430984994
[INFO GPL-0085] 2.0%RC: 0.9567603513622608
[INFO GPL-0086] 5.0%RC: 0.9110456992764796
[INFO GPL-0087] FinalRC: 1.0094811
[INFO GPL-0077] FinalRC lower than targetRC(1.01), routability not needed.
[NesterovSolve] Iter: 1280 overflow: 0.283 HPWL: 6512871359
[NesterovSolve] Iter: 1290 overflow: 0.253 HPWL: 6455292854
[INFO GPL-0100] Timing-driven: executing resizer for reweighting nets.
[INFO GPL-0101] Timing-driven: worst slack -2.06e-07
[INFO GPL-0103] Timing-driven: weighted 9303 nets.
[NesterovSolve] Iter: 1300 overflow: 0.225 HPWL: 6407648492
[NesterovSolve] Iter: 1310 overflow: 0.198 HPWL: 6376389854
[NesterovSolve] Iter: 1320 overflow: 0.176 HPWL: 6328271506
[NesterovSolve] Iter: 1330 overflow: 0.154 HPWL: 6307120119
[INFO GPL-0100] Timing-driven: executing resizer for reweighting nets.
[INFO GPL-0101] Timing-driven: worst slack -2.12e-07
[INFO GPL-0103] Timing-driven: weighted 9302 nets.
[NesterovSolve] Iter: 1340 overflow: 0.135 HPWL: 6304379892
[NesterovSolve] Iter: 1350 overflow: 0.118 HPWL: 6300580560
[NesterovSolve] Iter: 1360 overflow: 0.105 HPWL: 6301124055
[NesterovSolve] Finished with Overflow: 0.099738
[INFO] Setting RC values…
Setting global connections for newly added cells…
[INFO] Setting global connections...
u_core.u_cf_sram_b0 matched with u_core.u_cf_sram_b0
u_core.u_cf_sram_b0 matched with u_core.u_cf_sram_b0
u_core.u_cf_sram_b0 matched with u_core.u_cf_sram_b0
u_core.u_cf_sram_b0 matched with u_core.u_cf_sram_b0
u_core.u_cf_sram_b1 matched with u_core.u_cf_sram_b1
u_core.u_cf_sram_b1 matched with u_core.u_cf_sram_b1
u_core.u_cf_sram_b1 matched with u_core.u_cf_sram_b1
u_core.u_cf_sram_b1 matched with u_core.u_cf_sram_b1
u_core.u_cf_sram_b2 matched with u_core.u_cf_sram_b2
u_core.u_cf_sram_b2 matched with u_core.u_cf_sram_b2
u_core.u_cf_sram_b2 matched with u_core.u_cf_sram_b2
u_core.u_cf_sram_b2 matched with u_core.u_cf_sram_b2
u_core.u_cf_sram_b3 matched with u_core.u_cf_sram_b3
u_core.u_cf_sram_b3 matched with u_core.u_cf_sram_b3
u_core.u_cf_sram_b3 matched with u_core.u_cf_sram_b3
u_core.u_cf_sram_b3 matched with u_core.u_cf_sram_b3
u_core.u_cf_sram_b4 matched with u_core.u_cf_sram_b4
u_core.u_cf_sram_b4 matched with u_core.u_cf_sram_b4
u_core.u_cf_sram_b4 matched with u_core.u_cf_sram_b4
u_core.u_cf_sram_b4 matched with u_core.u_cf_sram_b4
u_core.u_cf_sram_b5 matched with u_core.u_cf_sram_b5
u_core.u_cf_sram_b5 matched with u_core.u_cf_sram_b5
u_core.u_cf_sram_b5 matched with u_core.u_cf_sram_b5
u_core.u_cf_sram_b5 matched with u_core.u_cf_sram_b5
u_core.u_cf_sram_b6 matched with u_core.u_cf_sram_b6
u_core.u_cf_sram_b6 matched with u_core.u_cf_sram_b6
u_core.u_cf_sram_b6 matched with u_core.u_cf_sram_b6
u_core.u_cf_sram_b6 matched with u_core.u_cf_sram_b6
u_core.u_cf_sram_b7 matched with u_core.u_cf_sram_b7
u_core.u_cf_sram_b7 matched with u_core.u_cf_sram_b7
u_core.u_cf_sram_b7 matched with u_core.u_cf_sram_b7
u_core.u_cf_sram_b7 matched with u_core.u_cf_sram_b7
u_core.u_cf_sram_b8 matched with u_core.u_cf_sram_b8
u_core.u_cf_sram_b8 matched with u_core.u_cf_sram_b8
u_core.u_cf_sram_b8 matched with u_core.u_cf_sram_b8
u_core.u_cf_sram_b8 matched with u_core.u_cf_sram_b8
u_core.u_cf_sram_b9 matched with u_core.u_cf_sram_b9
u_core.u_cf_sram_b9 matched with u_core.u_cf_sram_b9
u_core.u_cf_sram_b9 matched with u_core.u_cf_sram_b9
u_core.u_cf_sram_b9 matched with u_core.u_cf_sram_b9
u_core.u_cf_sram_b10 matched with u_core.u_cf_sram_b10
u_core.u_cf_sram_b10 matched with u_core.u_cf_sram_b10
u_core.u_cf_sram_b10 matched with u_core.u_cf_sram_b10
u_core.u_cf_sram_b10 matched with u_core.u_cf_sram_b10
u_core.u_cf_sram_b11 matched with u_core.u_cf_sram_b11
u_core.u_cf_sram_b11 matched with u_core.u_cf_sram_b11
u_core.u_cf_sram_b11 matched with u_core.u_cf_sram_b11
u_core.u_cf_sram_b11 matched with u_core.u_cf_sram_b11
u_core.u_cf_sram_b12 matched with u_core.u_cf_sram_b12
u_core.u_cf_sram_b12 matched with u_core.u_cf_sram_b12
u_core.u_cf_sram_b12 matched with u_core.u_cf_sram_b12
u_core.u_cf_sram_b12 matched with u_core.u_cf_sram_b12
u_core.u_cf_sram_b13 matched with u_core.u_cf_sram_b13
u_core.u_cf_sram_b13 matched with u_core.u_cf_sram_b13
u_core.u_cf_sram_b13 matched with u_core.u_cf_sram_b13
u_core.u_cf_sram_b13 matched with u_core.u_cf_sram_b13
u_core.u_cf_sram_b14 matched with u_core.u_cf_sram_b14
u_core.u_cf_sram_b14 matched with u_core.u_cf_sram_b14
u_core.u_cf_sram_b14 matched with u_core.u_cf_sram_b14
u_core.u_cf_sram_b14 matched with u_core.u_cf_sram_b14
u_core.u_cf_sram_b15 matched with u_core.u_cf_sram_b15
u_core.u_cf_sram_b15 matched with u_core.u_cf_sram_b15
u_core.u_cf_sram_b15 matched with u_core.u_cf_sram_b15
u_core.u_cf_sram_b15 matched with u_core.u_cf_sram_b15
u_core.u_cf_sram_b16 matched with u_core.u_cf_sram_b16
u_core.u_cf_sram_b16 matched with u_core.u_cf_sram_b16
u_core.u_cf_sram_b16 matched with u_core.u_cf_sram_b16
u_core.u_cf_sram_b16 matched with u_core.u_cf_sram_b16
u_core.u_cf_sram_b17 matched with u_core.u_cf_sram_b17
u_core.u_cf_sram_b17 matched with u_core.u_cf_sram_b17
u_core.u_cf_sram_b17 matched with u_core.u_cf_sram_b17
u_core.u_cf_sram_b17 matched with u_core.u_cf_sram_b17
u_core.u_cf_sram_b18 matched with u_core.u_cf_sram_b18
u_core.u_cf_sram_b18 matched with u_core.u_cf_sram_b18
u_core.u_cf_sram_b18 matched with u_core.u_cf_sram_b18
u_core.u_cf_sram_b18 matched with u_core.u_cf_sram_b18
u_core.u_cf_sram_b19 matched with u_core.u_cf_sram_b19
u_core.u_cf_sram_b19 matched with u_core.u_cf_sram_b19
u_core.u_cf_sram_b19 matched with u_core.u_cf_sram_b19
u_core.u_cf_sram_b19 matched with u_core.u_cf_sram_b19
u_core.u_cf_sram_b20 matched with u_core.u_cf_sram_b20
u_core.u_cf_sram_b20 matched with u_core.u_cf_sram_b20
u_core.u_cf_sram_b20 matched with u_core.u_cf_sram_b20
u_core.u_cf_sram_b20 matched with u_core.u_cf_sram_b20
u_core.u_cf_sram_b21 matched with u_core.u_cf_sram_b21
u_core.u_cf_sram_b21 matched with u_core.u_cf_sram_b21
u_core.u_cf_sram_b21 matched with u_core.u_cf_sram_b21
u_core.u_cf_sram_b21 matched with u_core.u_cf_sram_b21
u_core.u_cf_sram_b22 matched with u_core.u_cf_sram_b22
u_core.u_cf_sram_b22 matched with u_core.u_cf_sram_b22
u_core.u_cf_sram_b22 matched with u_core.u_cf_sram_b22
u_core.u_cf_sram_b22 matched with u_core.u_cf_sram_b22
u_core.u_cf_sram_b23 matched with u_core.u_cf_sram_b23
u_core.u_cf_sram_b23 matched with u_core.u_cf_sram_b23
u_core.u_cf_sram_b23 matched with u_core.u_cf_sram_b23
u_core.u_cf_sram_b23 matched with u_core.u_cf_sram_b23
u_core.u_cf_sram_b24 matched with u_core.u_cf_sram_b24
u_core.u_cf_sram_b24 matched with u_core.u_cf_sram_b24
u_core.u_cf_sram_b24 matched with u_core.u_cf_sram_b24
u_core.u_cf_sram_b24 matched with u_core.u_cf_sram_b24
u_core.u_cf_sram_b25 matched with u_core.u_cf_sram_b25
u_core.u_cf_sram_b25 matched with u_core.u_cf_sram_b25
u_core.u_cf_sram_b25 matched with u_core.u_cf_sram_b25
u_core.u_cf_sram_b25 matched with u_core.u_cf_sram_b25
u_core.u_cf_sram_b26 matched with u_core.u_cf_sram_b26
u_core.u_cf_sram_b26 matched with u_core.u_cf_sram_b26
u_core.u_cf_sram_b26 matched with u_core.u_cf_sram_b26
u_core.u_cf_sram_b26 matched with u_core.u_cf_sram_b26
u_core.u_cf_sram_b27 matched with u_core.u_cf_sram_b27
u_core.u_cf_sram_b27 matched with u_core.u_cf_sram_b27
u_core.u_cf_sram_b27 matched with u_core.u_cf_sram_b27
u_core.u_cf_sram_b27 matched with u_core.u_cf_sram_b27
u_core.u_cf_sram_b28 matched with u_core.u_cf_sram_b28
u_core.u_cf_sram_b28 matched with u_core.u_cf_sram_b28
u_core.u_cf_sram_b28 matched with u_core.u_cf_sram_b28
u_core.u_cf_sram_b28 matched with u_core.u_cf_sram_b28
u_core.u_cf_sram_b29 matched with u_core.u_cf_sram_b29
u_core.u_cf_sram_b29 matched with u_core.u_cf_sram_b29
u_core.u_cf_sram_b29 matched with u_core.u_cf_sram_b29
u_core.u_cf_sram_b29 matched with u_core.u_cf_sram_b29
u_core.u_cf_sram_b30 matched with u_core.u_cf_sram_b30
u_core.u_cf_sram_b30 matched with u_core.u_cf_sram_b30
u_core.u_cf_sram_b30 matched with u_core.u_cf_sram_b30
u_core.u_cf_sram_b30 matched with u_core.u_cf_sram_b30
u_core.u_cf_sram_b31 matched with u_core.u_cf_sram_b31
u_core.u_cf_sram_b31 matched with u_core.u_cf_sram_b31
u_core.u_cf_sram_b31 matched with u_core.u_cf_sram_b31
u_core.u_cf_sram_b31 matched with u_core.u_cf_sram_b31
Updating metrics…
Cell type report:                       Count       Area
  Macro                                    32 3807642.22
  Fill cell                             10116   37971.42
  Tap cell                             110482  138235.08
  Buffer                                   42     161.40
  Inverter                               2184    8197.86
  Sequential cell                       20337  518263.31
  Multi-Input combinational cell        70346  680313.72
  Total                                213539 5190785.01
Writing OpenROAD database to '/workspace/nc-project-20260529-210526/mspm33c321a_derivative_mcu/openlane/mspm33c321a_derivative_mcu_wrapper/runs/pnr_run_v4/23-openroad-globalplacement/mspm33c321a_derivative_mcu_wrapper.odb'…
Writing netlist to '/workspace/nc-project-20260529-210526/mspm33c321a_derivative_mcu/openlane/mspm33c321a_derivative_mcu_wrapper/runs/pnr_run_v4/23-openroad-globalplacement/mspm33c321a_derivative_mcu_wrapper.nl.v'…
Writing powered netlist to '/workspace/nc-project-20260529-210526/mspm33c321a_derivative_mcu/openlane/mspm33c321a_derivative_mcu_wrapper/runs/pnr_run_v4/23-openroad-globalplacement/mspm33c321a_derivative_mcu_wrapper.pnl.v'…
Writing layout to '/workspace/nc-project-20260529-210526/mspm33c321a_derivative_mcu/openlane/mspm33c321a_derivative_mcu_wrapper/runs/pnr_run_v4/23-openroad-globalplacement/mspm33c321a_derivative_mcu_wrapper.def'…
Writing timing constraints to '/workspace/nc-project-20260529-210526/mspm33c321a_derivative_mcu/openlane/mspm33c321a_derivative_mcu_wrapper/runs/pnr_run_v4/23-openroad-globalplacement/mspm33c321a_derivative_mcu_wrapper.sdc'…
