violation type: Unconnected node
  srcs: net:VCCD
    bbox = (406.1800, 330.8150) - (406.2800, 330.9150) on Layer met2
violation type: Unconnected node
  srcs: net:VCCD
    bbox = (406.1800, 837.5900) - (406.2800, 837.6900) on Layer met2
violation type: Unconnected node
  srcs: net:VCCD
    bbox = (406.1800, 1344.3650) - (406.2800, 1344.4650) on Layer met2
violation type: Unconnected node
  srcs: net:VCCD
    bbox = (406.1800, 1851.1400) - (406.2800, 1851.2400) on Layer met2
violation type: Unconnected node
  srcs: net:VCCD
    bbox = (406.1800, 2357.9150) - (406.2800, 2358.0150) on Layer met2
violation type: Unconnected node
  srcs: net:VCCD
    bbox = (406.1800, 2864.6900) - (406.2800, 2864.7900) on Layer met2
violation type: Unconnected node
  srcs: net:VCCD
    bbox = (508.8850, 331.2550) - (508.9850, 331.3550) on Layer met2
violation type: Unconnected node
  srcs: net:VCCD
    bbox = (508.8850, 838.0300) - (508.9850, 838.1300) on Layer met2
violation type: Unconnected node
  srcs: net:VCCD
    bbox = (508.8850, 1344.8050) - (508.9850, 1344.9050) on Layer met2
violation type: Unconnected node
  srcs: net:VCCD
    bbox = (508.8850, 1851.5800) - (508.9850, 1851.6800) on Layer met2
violation type: Unconnected node
  srcs: net:VCCD
    bbox = (508.8850, 2358.3550) - (508.9850, 2358.4550) on Layer met2
violation type: Unconnected node
  srcs: net:VCCD
    bbox = (508.8850, 2865.1300) - (508.9850, 2865.2300) on Layer met2
violation type: Unconnected node
  srcs: net:VCCD
    bbox = (611.5900, 330.8150) - (611.6900, 330.9150) on Layer met2
violation type: Unconnected node
  srcs: net:VCCD
    bbox = (611.5900, 837.5900) - (611.6900, 837.6900) on Layer met2
violation type: Unconnected node
  srcs: net:VCCD
    bbox = (611.5900, 1344.3650) - (611.6900, 1344.4650) on Layer met2
violation type: Unconnected node
  srcs: net:VCCD
    bbox = (611.5900, 1851.1400) - (611.6900, 1851.2400) on Layer met2
violation type: Unconnected node
  srcs: net:VCCD
    bbox = (611.5900, 2357.9150) - (611.6900, 2358.0150) on Layer met2
violation type: Unconnected node
  srcs: net:VCCD
    bbox = (611.5900, 2864.6900) - (611.6900, 2864.7900) on Layer met2
violation type: Unconnected node
  srcs: net:VCCD
    bbox = (994.0500, 330.8150) - (994.1500, 330.9150) on Layer met2
violation type: Unconnected node
  srcs: net:VCCD
    bbox = (994.0500, 837.5900) - (994.1500, 837.6900) on Layer met2
violation type: Unconnected node
  srcs: net:VCCD
    bbox = (994.0500, 1344.3650) - (994.1500, 1344.4650) on Layer met2
violation type: Unconnected node
  srcs: net:VCCD
    bbox = (994.0500, 1851.1400) - (994.1500, 1851.2400) on Layer met2
violation type: Unconnected node
  srcs: net:VCCD
    bbox = (994.0500, 2357.9150) - (994.1500, 2358.0150) on Layer met2
violation type: Unconnected node
  srcs: net:VCCD
    bbox = (994.0500, 2864.6900) - (994.1500, 2864.7900) on Layer met2
violation type: Unconnected node
  srcs: net:VCCD
    bbox = (1096.7550, 331.2550) - (1096.8550, 331.3550) on Layer met2
violation type: Unconnected node
  srcs: net:VCCD
    bbox = (1096.7550, 838.0300) - (1096.8550, 838.1300) on Layer met2
violation type: Unconnected node
  srcs: net:VCCD
    bbox = (1096.7550, 1344.8050) - (1096.8550, 1344.9050) on Layer met2
violation type: Unconnected node
  srcs: net:VCCD
    bbox = (1096.7550, 1851.5800) - (1096.8550, 1851.6800) on Layer met2
violation type: Unconnected node
  srcs: net:VCCD
    bbox = (1096.7550, 2358.3550) - (1096.8550, 2358.4550) on Layer met2
violation type: Unconnected node
  srcs: net:VCCD
    bbox = (1096.7550, 2865.1300) - (1096.8550, 2865.2300) on Layer met2
violation type: Unconnected node
  srcs: net:VCCD
    bbox = (1199.4600, 330.8150) - (1199.5600, 330.9150) on Layer met2
violation type: Unconnected node
  srcs: net:VCCD
    bbox = (1199.4600, 837.5900) - (1199.5600, 837.6900) on Layer met2
violation type: Unconnected node
  srcs: net:VCCD
    bbox = (1199.4600, 1344.3650) - (1199.5600, 1344.4650) on Layer met2
violation type: Unconnected node
  srcs: net:VCCD
    bbox = (1199.4600, 1851.1400) - (1199.5600, 1851.2400) on Layer met2
violation type: Unconnected node
  srcs: net:VCCD
    bbox = (1199.4600, 2357.9150) - (1199.5600, 2358.0150) on Layer met2
violation type: Unconnected node
  srcs: net:VCCD
    bbox = (1199.4600, 2864.6900) - (1199.5600, 2864.7900) on Layer met2
violation type: Unconnected node
  srcs: net:VCCD
    bbox = (1581.9200, 330.8150) - (1582.0200, 330.9150) on Layer met2
violation type: Unconnected node
  srcs: net:VCCD
    bbox = (1581.9200, 837.5900) - (1582.0200, 837.6900) on Layer met2
violation type: Unconnected node
  srcs: net:VCCD
    bbox = (1581.9200, 1344.3650) - (1582.0200, 1344.4650) on Layer met2
violation type: Unconnected node
  srcs: net:VCCD
    bbox = (1581.9200, 1851.1400) - (1582.0200, 1851.2400) on Layer met2
violation type: Unconnected node
  srcs: net:VCCD
    bbox = (1581.9200, 2357.9150) - (1582.0200, 2358.0150) on Layer met2
violation type: Unconnected node
  srcs: net:VCCD
    bbox = (1684.6250, 331.2550) - (1684.7250, 331.3550) on Layer met2
violation type: Unconnected node
  srcs: net:VCCD
    bbox = (1684.6250, 838.0300) - (1684.7250, 838.1300) on Layer met2
violation type: Unconnected node
  srcs: net:VCCD
    bbox = (1684.6250, 1344.8050) - (1684.7250, 1344.9050) on Layer met2
violation type: Unconnected node
  srcs: net:VCCD
    bbox = (1684.6250, 1851.5800) - (1684.7250, 1851.6800) on Layer met2
violation type: Unconnected node
  srcs: net:VCCD
    bbox = (1684.6250, 2358.3550) - (1684.7250, 2358.4550) on Layer met2
violation type: Unconnected node
  srcs: net:VCCD
    bbox = (1787.3300, 330.8150) - (1787.4300, 330.9150) on Layer met2
violation type: Unconnected node
  srcs: net:VCCD
    bbox = (1787.3300, 837.5900) - (1787.4300, 837.6900) on Layer met2
violation type: Unconnected node
  srcs: net:VCCD
    bbox = (1787.3300, 1344.3650) - (1787.4300, 1344.4650) on Layer met2
violation type: Unconnected node
  srcs: net:VCCD
    bbox = (1787.3300, 1851.1400) - (1787.4300, 1851.2400) on Layer met2
violation type: Unconnected node
  srcs: net:VCCD
    bbox = (1787.3300, 2357.9150) - (1787.4300, 2358.0150) on Layer met2
violation type: Unconnected node
  srcs: net:VCCD
    bbox = (2169.7900, 330.8150) - (2169.8900, 330.9150) on Layer met2
violation type: Unconnected node
  srcs: net:VCCD
    bbox = (2169.7900, 837.5900) - (2169.8900, 837.6900) on Layer met2
violation type: Unconnected node
  srcs: net:VCCD
    bbox = (2169.7900, 1344.3650) - (2169.8900, 1344.4650) on Layer met2
violation type: Unconnected node
  srcs: net:VCCD
    bbox = (2169.7900, 1851.1400) - (2169.8900, 1851.2400) on Layer met2
violation type: Unconnected node
  srcs: net:VCCD
    bbox = (2169.7900, 2357.9150) - (2169.8900, 2358.0150) on Layer met2
violation type: Unconnected node
  srcs: net:VCCD
    bbox = (2272.4950, 331.2550) - (2272.5950, 331.3550) on Layer met2
violation type: Unconnected node
  srcs: net:VCCD
    bbox = (2272.4950, 838.0300) - (2272.5950, 838.1300) on Layer met2
violation type: Unconnected node
  srcs: net:VCCD
    bbox = (2272.4950, 1344.8050) - (2272.5950, 1344.9050) on Layer met2
violation type: Unconnected node
  srcs: net:VCCD
    bbox = (2272.4950, 1851.5800) - (2272.5950, 1851.6800) on Layer met2
violation type: Unconnected node
  srcs: net:VCCD
    bbox = (2272.4950, 2358.3550) - (2272.5950, 2358.4550) on Layer met2
violation type: Unconnected node
  srcs: net:VCCD
    bbox = (2375.2000, 330.8150) - (2375.3000, 330.9150) on Layer met2
violation type: Unconnected node
  srcs: net:VCCD
    bbox = (2375.2000, 837.5900) - (2375.3000, 837.6900) on Layer met2
violation type: Unconnected node
  srcs: net:VCCD
    bbox = (2375.2000, 1344.3650) - (2375.3000, 1344.4650) on Layer met2
violation type: Unconnected node
  srcs: net:VCCD
    bbox = (2375.2000, 1851.1400) - (2375.3000, 1851.2400) on Layer met2
violation type: Unconnected node
  srcs: net:VCCD
    bbox = (2375.2000, 2357.9150) - (2375.3000, 2358.0150) on Layer met2
violation type: Unconnected node
  srcs: net:VCCD
    bbox = (2757.6600, 330.8150) - (2757.7600, 330.9150) on Layer met2
violation type: Unconnected node
  srcs: net:VCCD
    bbox = (2757.6600, 837.5900) - (2757.7600, 837.6900) on Layer met2
violation type: Unconnected node
  srcs: net:VCCD
    bbox = (2757.6600, 1344.3650) - (2757.7600, 1344.4650) on Layer met2
violation type: Unconnected node
  srcs: net:VCCD
    bbox = (2757.6600, 1851.1400) - (2757.7600, 1851.2400) on Layer met2
violation type: Unconnected node
  srcs: net:VCCD
    bbox = (2757.6600, 2357.9150) - (2757.7600, 2358.0150) on Layer met2
violation type: Unconnected node
  srcs: net:VCCD
    bbox = (2860.3650, 331.2550) - (2860.4650, 331.3550) on Layer met2
violation type: Unconnected node
  srcs: net:VCCD
    bbox = (2860.3650, 838.0300) - (2860.4650, 838.1300) on Layer met2
violation type: Unconnected node
  srcs: net:VCCD
    bbox = (2860.3650, 1344.8050) - (2860.4650, 1344.9050) on Layer met2
violation type: Unconnected node
  srcs: net:VCCD
    bbox = (2860.3650, 1851.5800) - (2860.4650, 1851.6800) on Layer met2
violation type: Unconnected node
  srcs: net:VCCD
    bbox = (2860.3650, 2358.3550) - (2860.4650, 2358.4550) on Layer met2
violation type: Unconnected node
  srcs: net:VCCD
    bbox = (2963.0700, 330.8150) - (2963.1700, 330.9150) on Layer met2
violation type: Unconnected node
  srcs: net:VCCD
    bbox = (2963.0700, 837.5900) - (2963.1700, 837.6900) on Layer met2
violation type: Unconnected node
  srcs: net:VCCD
    bbox = (2963.0700, 1344.3650) - (2963.1700, 1344.4650) on Layer met2
violation type: Unconnected node
  srcs: net:VCCD
    bbox = (2963.0700, 1851.1400) - (2963.1700, 1851.2400) on Layer met2
violation type: Unconnected node
  srcs: net:VCCD
    bbox = (2963.0700, 2357.9150) - (2963.1700, 2358.0150) on Layer met2
violation type: Unconnected node
  srcs: net:VCCD
    bbox = (3345.5300, 330.8150) - (3345.6300, 330.9150) on Layer met2
violation type: Unconnected node
  srcs: net:VCCD
    bbox = (3345.5300, 837.5900) - (3345.6300, 837.6900) on Layer met2
violation type: Unconnected node
  srcs: net:VCCD
    bbox = (3345.5300, 1344.3650) - (3345.6300, 1344.4650) on Layer met2
violation type: Unconnected node
  srcs: net:VCCD
    bbox = (3345.5300, 1851.1400) - (3345.6300, 1851.2400) on Layer met2
violation type: Unconnected node
  srcs: net:VCCD
    bbox = (3345.5300, 2357.9150) - (3345.6300, 2358.0150) on Layer met2
violation type: Unconnected node
  srcs: net:VCCD
    bbox = (3448.2350, 331.2550) - (3448.3350, 331.3550) on Layer met2
violation type: Unconnected node
  srcs: net:VCCD
    bbox = (3448.2350, 838.0300) - (3448.3350, 838.1300) on Layer met2
violation type: Unconnected node
  srcs: net:VCCD
    bbox = (3448.2350, 1344.8050) - (3448.3350, 1344.9050) on Layer met2
violation type: Unconnected node
  srcs: net:VCCD
    bbox = (3448.2350, 1851.5800) - (3448.3350, 1851.6800) on Layer met2
violation type: Unconnected node
  srcs: net:VCCD
    bbox = (3448.2350, 2358.3550) - (3448.3350, 2358.4550) on Layer met2
violation type: Unconnected node
  srcs: net:VCCD
    bbox = (3550.9400, 330.8150) - (3551.0400, 330.9150) on Layer met2
violation type: Unconnected node
  srcs: net:VCCD
    bbox = (3550.9400, 837.5900) - (3551.0400, 837.6900) on Layer met2
violation type: Unconnected node
  srcs: net:VCCD
    bbox = (3550.9400, 1344.3650) - (3551.0400, 1344.4650) on Layer met2
violation type: Unconnected node
  srcs: net:VCCD
    bbox = (3550.9400, 1851.1400) - (3551.0400, 1851.2400) on Layer met2
violation type: Unconnected node
  srcs: net:VCCD
    bbox = (3550.9400, 2357.9150) - (3551.0400, 2358.0150) on Layer met2
violation type: Unconnected instance
  srcs: inst:u_core.u_cf_sram_b0
    bbox = (315.0000, 315.0000) - (702.8700, 621.7750) on Layer -
violation type: Unconnected instance
  srcs: inst:u_core.u_cf_sram_b1
    bbox = (902.8700, 315.0000) - (1290.7400, 621.7750) on Layer -
violation type: Unconnected instance
  srcs: inst:u_core.u_cf_sram_b10
    bbox = (2666.4800, 821.7750) - (3054.3500, 1128.5500) on Layer -
violation type: Unconnected instance
  srcs: inst:u_core.u_cf_sram_b11
    bbox = (3254.3500, 821.7750) - (3642.2200, 1128.5500) on Layer -
violation type: Unconnected instance
  srcs: inst:u_core.u_cf_sram_b12
    bbox = (315.0000, 1328.5500) - (702.8700, 1635.3250) on Layer -
violation type: Unconnected instance
  srcs: inst:u_core.u_cf_sram_b13
    bbox = (902.8700, 1328.5500) - (1290.7400, 1635.3250) on Layer -
violation type: Unconnected instance
  srcs: inst:u_core.u_cf_sram_b14
    bbox = (1490.7400, 1328.5500) - (1878.6100, 1635.3250) on Layer -
violation type: Unconnected instance
  srcs: inst:u_core.u_cf_sram_b15
    bbox = (2078.6100, 1328.5500) - (2466.4800, 1635.3250) on Layer -
violation type: Unconnected instance
  srcs: inst:u_core.u_cf_sram_b16
    bbox = (2666.4800, 1328.5500) - (3054.3500, 1635.3250) on Layer -
violation type: Unconnected instance
  srcs: inst:u_core.u_cf_sram_b17
    bbox = (3254.3500, 1328.5500) - (3642.2200, 1635.3250) on Layer -
violation type: Unconnected instance
  srcs: inst:u_core.u_cf_sram_b18
    bbox = (315.0000, 1835.3250) - (702.8700, 2142.1000) on Layer -
violation type: Unconnected instance
  srcs: inst:u_core.u_cf_sram_b19
    bbox = (902.8700, 1835.3250) - (1290.7400, 2142.1000) on Layer -
violation type: Unconnected instance
  srcs: inst:u_core.u_cf_sram_b2
    bbox = (1490.7400, 315.0000) - (1878.6100, 621.7750) on Layer -
violation type: Unconnected instance
  srcs: inst:u_core.u_cf_sram_b20
    bbox = (1490.7400, 1835.3250) - (1878.6100, 2142.1000) on Layer -
violation type: Unconnected instance
  srcs: inst:u_core.u_cf_sram_b21
    bbox = (2078.6100, 1835.3250) - (2466.4800, 2142.1000) on Layer -
violation type: Unconnected instance
  srcs: inst:u_core.u_cf_sram_b22
    bbox = (2666.4800, 1835.3250) - (3054.3500, 2142.1000) on Layer -
violation type: Unconnected instance
  srcs: inst:u_core.u_cf_sram_b23
    bbox = (3254.3500, 1835.3250) - (3642.2200, 2142.1000) on Layer -
violation type: Unconnected instance
  srcs: inst:u_core.u_cf_sram_b24
    bbox = (315.0000, 2342.1000) - (702.8700, 2648.8750) on Layer -
violation type: Unconnected instance
  srcs: inst:u_core.u_cf_sram_b25
    bbox = (902.8700, 2342.1000) - (1290.7400, 2648.8750) on Layer -
violation type: Unconnected instance
  srcs: inst:u_core.u_cf_sram_b26
    bbox = (1490.7400, 2342.1000) - (1878.6100, 2648.8750) on Layer -
violation type: Unconnected instance
  srcs: inst:u_core.u_cf_sram_b27
    bbox = (2078.6100, 2342.1000) - (2466.4800, 2648.8750) on Layer -
violation type: Unconnected instance
  srcs: inst:u_core.u_cf_sram_b28
    bbox = (2666.4800, 2342.1000) - (3054.3500, 2648.8750) on Layer -
violation type: Unconnected instance
  srcs: inst:u_core.u_cf_sram_b29
    bbox = (3254.3500, 2342.1000) - (3642.2200, 2648.8750) on Layer -
violation type: Unconnected instance
  srcs: inst:u_core.u_cf_sram_b3
    bbox = (2078.6100, 315.0000) - (2466.4800, 621.7750) on Layer -
violation type: Unconnected instance
  srcs: inst:u_core.u_cf_sram_b30
    bbox = (315.0000, 2848.8750) - (702.8700, 3155.6500) on Layer -
violation type: Unconnected instance
  srcs: inst:u_core.u_cf_sram_b31
    bbox = (902.8700, 2848.8750) - (1290.7400, 3155.6500) on Layer -
violation type: Unconnected instance
  srcs: inst:u_core.u_cf_sram_b4
    bbox = (2666.4800, 315.0000) - (3054.3500, 621.7750) on Layer -
violation type: Unconnected instance
  srcs: inst:u_core.u_cf_sram_b5
    bbox = (3254.3500, 315.0000) - (3642.2200, 621.7750) on Layer -
violation type: Unconnected instance
  srcs: inst:u_core.u_cf_sram_b6
    bbox = (315.0000, 821.7750) - (702.8700, 1128.5500) on Layer -
violation type: Unconnected instance
  srcs: inst:u_core.u_cf_sram_b7
    bbox = (902.8700, 821.7750) - (1290.7400, 1128.5500) on Layer -
violation type: Unconnected instance
  srcs: inst:u_core.u_cf_sram_b8
    bbox = (1490.7400, 821.7750) - (1878.6100, 1128.5500) on Layer -
violation type: Unconnected instance
  srcs: inst:u_core.u_cf_sram_b9
    bbox = (2078.6100, 821.7750) - (2466.4800, 1128.5500) on Layer -
