334. Printing statistics.

=== mspm33c321a_derivative_mcu_wrapper ===

   Number of wires:              94283
   Number of wire bits:          94283
   Number of public wires:       23235
   Number of public wire bits:   23235
   Number of ports:               1289
   Number of port bits:           1289
   Number of memories:               0
   Number of memory bits:            0
   Number of processes:              0
   Number of cells:              92941
     CF_SRAM_1024x32                32
     sky130_fd_sc_hd__a2111o_2     393
     sky130_fd_sc_hd__a2111oi_2     17
     sky130_fd_sc_hd__a211o_2     1591
     sky130_fd_sc_hd__a211oi_2     103
     sky130_fd_sc_hd__a21bo_2      208
     sky130_fd_sc_hd__a21boi_2      86
     sky130_fd_sc_hd__a21o_2      2234
     sky130_fd_sc_hd__a21oi_2     1765
     sky130_fd_sc_hd__a221o_2     2886
     sky130_fd_sc_hd__a221oi_2      47
     sky130_fd_sc_hd__a22o_2      6022
     sky130_fd_sc_hd__a22oi_2       72
     sky130_fd_sc_hd__a2bb2o_2     471
     sky130_fd_sc_hd__a311o_2      232
     sky130_fd_sc_hd__a311oi_2      18
     sky130_fd_sc_hd__a31o_2      1862
     sky130_fd_sc_hd__a31oi_2       33
     sky130_fd_sc_hd__a32o_2       693
     sky130_fd_sc_hd__a32oi_2        2
     sky130_fd_sc_hd__a41o_2       111
     sky130_fd_sc_hd__a41oi_2        1
     sky130_fd_sc_hd__and2_2      2308
     sky130_fd_sc_hd__and2b_2      379
     sky130_fd_sc_hd__and3_2      2021
     sky130_fd_sc_hd__and3b_2      301
     sky130_fd_sc_hd__and4_2       242
     sky130_fd_sc_hd__and4b_2      116
     sky130_fd_sc_hd__and4bb_2      73
     sky130_fd_sc_hd__buf_1         39
     sky130_fd_sc_hd__buf_2          3
     sky130_fd_sc_hd__conb_1      1345
     sky130_fd_sc_hd__dfrtp_2    15586
     sky130_fd_sc_hd__dfstp_2     1535
     sky130_fd_sc_hd__dfxtp_2     3216
     sky130_fd_sc_hd__inv_2       2184
     sky130_fd_sc_hd__mux2_1     14543
     sky130_fd_sc_hd__mux4_2       285
     sky130_fd_sc_hd__nand2_2     4045
     sky130_fd_sc_hd__nand2b_2     301
     sky130_fd_sc_hd__nand3_2      159
     sky130_fd_sc_hd__nand3b_2      31
     sky130_fd_sc_hd__nand4_2       25
     sky130_fd_sc_hd__nand4b_2       3
     sky130_fd_sc_hd__nor2_2      3686
     sky130_fd_sc_hd__nor3_2       155
     sky130_fd_sc_hd__nor3b_2       34
     sky130_fd_sc_hd__nor4_2        37
     sky130_fd_sc_hd__nor4b_2       11
     sky130_fd_sc_hd__o2111a_2     100
     sky130_fd_sc_hd__o2111ai_2     16
     sky130_fd_sc_hd__o211a_2     2281
     sky130_fd_sc_hd__o211ai_2      85
     sky130_fd_sc_hd__o21a_2      1812
     sky130_fd_sc_hd__o21ai_2     1560
     sky130_fd_sc_hd__o21ba_2      220
     sky130_fd_sc_hd__o21bai_2      56
     sky130_fd_sc_hd__o221a_2     1531
     sky130_fd_sc_hd__o221ai_2      74
     sky130_fd_sc_hd__o22a_2      2810
     sky130_fd_sc_hd__o22ai_2       76
     sky130_fd_sc_hd__o2bb2a_2     400
     sky130_fd_sc_hd__o2bb2ai_2      3
     sky130_fd_sc_hd__o311a_2      343
     sky130_fd_sc_hd__o311ai_2       5
     sky130_fd_sc_hd__o31a_2       502
     sky130_fd_sc_hd__o31ai_2       78
     sky130_fd_sc_hd__o32a_2       444
     sky130_fd_sc_hd__o32ai_2        3
     sky130_fd_sc_hd__o41a_2        25
     sky130_fd_sc_hd__o41ai_2        1
     sky130_fd_sc_hd__or2_2       3526
     sky130_fd_sc_hd__or3_2       1102
     sky130_fd_sc_hd__or3b_2       275
     sky130_fd_sc_hd__or4_2        772
     sky130_fd_sc_hd__or4b_2       194
     sky130_fd_sc_hd__or4bb_2       41
     sky130_fd_sc_hd__xnor2_2     2132
     sky130_fd_sc_hd__xor2_2       932

   Area for cell type \CF_SRAM_1024x32 is unknown!

   Chip area for module '\mspm33c321a_derivative_mcu_wrapper': 1206936.297601
     of which used for sequential elements: 518263.305600 (42.94%)

