324. Printing statistics.

=== mspm33c321a_derivative_mcu_wrapper ===

        +----------Local Count, excluding submodules.
        |        +-Local Area, excluding submodules.
        |        | 
   127524        - wires
   152746        - wire bits
     4934        - public wires
    29778        - public wire bits
     1391        - ports
     1391        - port bits
   145269  5.2E+05 cells
    30388        -   $_ANDNOT_
     4888        -   $_AND_
    41124        -   $_MUX_
     4266        -   $_NAND_
     3359        -   $_NOR_
     6814        -   $_NOT_
     4143        -   $_ORNOT_
    20846        -   $_OR_
     1580        -   $_XNOR_
     7413        -   $_XOR_
       32        -   CF_SRAM_1024x32
    15656 4.11E+05   sky130_fd_sc_hd__dfrtp_2
     1543 4.05E+04   sky130_fd_sc_hd__dfstp_2
     3217 6.84E+04   sky130_fd_sc_hd__dfxtp_2

   Area for cell type $_ANDNOT_ is unknown!
   Area for cell type $_AND_ is unknown!
   Area for cell type $_MUX_ is unknown!
   Area for cell type $_NAND_ is unknown!
   Area for cell type $_NOR_ is unknown!
   Area for cell type $_NOT_ is unknown!
   Area for cell type $_ORNOT_ is unknown!
   Area for cell type $_OR_ is unknown!
   Area for cell type $_XNOR_ is unknown!
   Area for cell type $_XOR_ is unknown!
   Area for cell type \CF_SRAM_1024x32 is unknown!

   Chip area for module '\mspm33c321a_derivative_mcu_wrapper': 520334.041600
     of which used for sequential elements: 520334.041600 (100.00%)

