318. Printing statistics.

=== mspm33c321a_derivative_mcu_wrapper ===

        +----------Local Count, excluding submodules.
        | 
   108741 wires
   133963 wire bits
     4934 public wires
    29778 public wire bits
     1391 ports
     1391 port bits
   126486 cells
    30388   $_ANDNOT_
     4888   $_AND_
      274   $_DFFE_PN0N_
    13711   $_DFFE_PN0P_
       41   $_DFFE_PN1N_
     1454   $_DFFE_PN1P_
     2976   $_DFFE_PP_
     1671   $_DFF_PN0_
       48   $_DFF_PN1_
       67   $_DFF_P_
    22341   $_MUX_
     4266   $_NAND_
     3359   $_NOR_
     6814   $_NOT_
     4143   $_ORNOT_
    20846   $_OR_
       17   $_SDFFCE_PN0P_
       27   $_SDFFCE_PN1P_
       24   $_SDFFCE_PP0P_
       15   $_SDFFE_PN0N_
       64   $_SDFFE_PN0P_
        6   $_SDFFE_PN1P_
       12   $_SDFF_PN0_
        9   $_SDFF_PP0_
     1580   $_XNOR_
     7413   $_XOR_
       32   CF_SRAM_1024x32

   Area for cell type $_ANDNOT_ is unknown!
   Area for cell type $_AND_ is unknown!
   Area for cell type $_DFFE_PN0N_ is unknown!
   Area for cell type $_DFFE_PN0P_ is unknown!
   Area for cell type $_DFFE_PN1N_ is unknown!
   Area for cell type $_DFFE_PN1P_ is unknown!
   Area for cell type $_DFFE_PP_ is unknown!
   Area for cell type $_DFF_PN0_ is unknown!
   Area for cell type $_DFF_PN1_ is unknown!
   Area for cell type $_DFF_P_ is unknown!
   Area for cell type $_MUX_ is unknown!
   Area for cell type $_NAND_ is unknown!
   Area for cell type $_NOR_ is unknown!
   Area for cell type $_NOT_ is unknown!
   Area for cell type $_ORNOT_ is unknown!
   Area for cell type $_OR_ is unknown!
   Area for cell type $_SDFFCE_PN0P_ is unknown!
   Area for cell type $_SDFFCE_PN1P_ is unknown!
   Area for cell type $_SDFFCE_PP0P_ is unknown!
   Area for cell type $_SDFFE_PN0N_ is unknown!
   Area for cell type $_SDFFE_PN0P_ is unknown!
   Area for cell type $_SDFFE_PN1P_ is unknown!
   Area for cell type $_SDFF_PN0_ is unknown!
   Area for cell type $_SDFF_PP0_ is unknown!
   Area for cell type $_XNOR_ is unknown!
   Area for cell type $_XOR_ is unknown!
   Area for cell type \CF_SRAM_1024x32 is unknown!

