Clock: clk_in
Sources: clk_in 
Generated: no
Virtual: no
Propagated: no
Period: 25.000000

===========================================================================
report_clock_properties
============================================================================
Clock                   Period          Waveform
----------------------------------------------------
clk_in               25.000000    0.000000 12.500000

===========================================================================
report_clock_latency
============================================================================
Clock clk_in
rise -> rise
    min     max
0.000000 0.000000 source latency
102.121918         network latency _142272_/CLK
        102.121918 network latency _142272_/CLK
---------------
102.121918 102.121918 latency
        0.000000 skew

fall -> fall
    min     max
0.000000 0.000000 source latency
44.567104         network latency _142272_/CLK
        44.567104 network latency _142272_/CLK
---------------
44.567104 44.567104 latency
        0.000000 skew



===========================================================================
report_clock_min_period
============================================================================
clk_in period_min = 66.88 fmax = 14.95
