WARNING: /workspace/nc-project-20260529-210526/.mspm33c321a_derivative_mcu_socgen_tmp/tb/tb_mspm33c321a_derivative_compute_ss_fw_boot.v:134: $readmemh: The behaviour for reg[...] mem[N:0]; $readmemh("...", mem); changed in the 1364-2005 standard. To avoid ambiguity, use mem[0:N] or explicit range parameters $readmemh("...", mem, start, stop);. Defaulting to 1364-2005 behavior.
ERROR: /workspace/nc-project-20260529-210526/.mspm33c321a_derivative_mcu_socgen_tmp/tb/tb_mspm33c321a_derivative_compute_ss_fw_boot.v:134: $readmemh: Unable to open ../fw/build/mspm33c321a_derivative_compute_ss_smoke_xip.hex for reading.
===INFO=== (cftssc) : Writing X to whole memory:pwroff_mode=0 mem_x=0 undefined_mode=1 in instance tb_mspm33c321a_derivative_compute_ss_fw_boot.dut.u_cf_sram_b0.i_CF_SRAM_1024x32_macro at                 1000
===INFO=== (cftssc) : Writing X to whole memory:pwroff_mode=0 mem_x=0 undefined_mode=1 in instance tb_mspm33c321a_derivative_compute_ss_fw_boot.dut.u_cf_sram_b1.i_CF_SRAM_1024x32_macro at                 1000
===INFO=== (cftssc) : Writing X to whole memory:pwroff_mode=0 mem_x=0 undefined_mode=1 in instance tb_mspm33c321a_derivative_compute_ss_fw_boot.dut.u_cf_sram_b2.i_CF_SRAM_1024x32_macro at                 1000
===INFO=== (cftssc) : Writing X to whole memory:pwroff_mode=0 mem_x=0 undefined_mode=1 in instance tb_mspm33c321a_derivative_compute_ss_fw_boot.dut.u_cf_sram_b3.i_CF_SRAM_1024x32_macro at                 1000
===INFO=== (cftssc) : Writing X to whole memory:pwroff_mode=0 mem_x=0 undefined_mode=1 in instance tb_mspm33c321a_derivative_compute_ss_fw_boot.dut.u_cf_sram_b4.i_CF_SRAM_1024x32_macro at                 1000
===INFO=== (cftssc) : Writing X to whole memory:pwroff_mode=0 mem_x=0 undefined_mode=1 in instance tb_mspm33c321a_derivative_compute_ss_fw_boot.dut.u_cf_sram_b5.i_CF_SRAM_1024x32_macro at                 1000
===INFO=== (cftssc) : Writing X to whole memory:pwroff_mode=0 mem_x=0 undefined_mode=1 in instance tb_mspm33c321a_derivative_compute_ss_fw_boot.dut.u_cf_sram_b6.i_CF_SRAM_1024x32_macro at                 1000
===INFO=== (cftssc) : Writing X to whole memory:pwroff_mode=0 mem_x=0 undefined_mode=1 in instance tb_mspm33c321a_derivative_compute_ss_fw_boot.dut.u_cf_sram_b7.i_CF_SRAM_1024x32_macro at                 1000
===INFO=== (cftssc) : Writing X to whole memory:pwroff_mode=0 mem_x=0 undefined_mode=1 in instance tb_mspm33c321a_derivative_compute_ss_fw_boot.dut.u_cf_sram_b8.i_CF_SRAM_1024x32_macro at                 1000
===INFO=== (cftssc) : Writing X to whole memory:pwroff_mode=0 mem_x=0 undefined_mode=1 in instance tb_mspm33c321a_derivative_compute_ss_fw_boot.dut.u_cf_sram_b9.i_CF_SRAM_1024x32_macro at                 1000
===INFO=== (cftssc) : Writing X to whole memory:pwroff_mode=0 mem_x=0 undefined_mode=1 in instance tb_mspm33c321a_derivative_compute_ss_fw_boot.dut.u_cf_sram_b10.i_CF_SRAM_1024x32_macro at                 1000
===INFO=== (cftssc) : Writing X to whole memory:pwroff_mode=0 mem_x=0 undefined_mode=1 in instance tb_mspm33c321a_derivative_compute_ss_fw_boot.dut.u_cf_sram_b11.i_CF_SRAM_1024x32_macro at                 1000
===INFO=== (cftssc) : Writing X to whole memory:pwroff_mode=0 mem_x=0 undefined_mode=1 in instance tb_mspm33c321a_derivative_compute_ss_fw_boot.dut.u_cf_sram_b12.i_CF_SRAM_1024x32_macro at                 1000
===INFO=== (cftssc) : Writing X to whole memory:pwroff_mode=0 mem_x=0 undefined_mode=1 in instance tb_mspm33c321a_derivative_compute_ss_fw_boot.dut.u_cf_sram_b13.i_CF_SRAM_1024x32_macro at                 1000
===INFO=== (cftssc) : Writing X to whole memory:pwroff_mode=0 mem_x=0 undefined_mode=1 in instance tb_mspm33c321a_derivative_compute_ss_fw_boot.dut.u_cf_sram_b14.i_CF_SRAM_1024x32_macro at                 1000
===INFO=== (cftssc) : Writing X to whole memory:pwroff_mode=0 mem_x=0 undefined_mode=1 in instance tb_mspm33c321a_derivative_compute_ss_fw_boot.dut.u_cf_sram_b15.i_CF_SRAM_1024x32_macro at                 1000
===INFO=== (cftssc) : Writing X to whole memory:pwroff_mode=0 mem_x=0 undefined_mode=1 in instance tb_mspm33c321a_derivative_compute_ss_fw_boot.dut.u_cf_sram_b16.i_CF_SRAM_1024x32_macro at                 1000
===INFO=== (cftssc) : Writing X to whole memory:pwroff_mode=0 mem_x=0 undefined_mode=1 in instance tb_mspm33c321a_derivative_compute_ss_fw_boot.dut.u_cf_sram_b17.i_CF_SRAM_1024x32_macro at                 1000
===INFO=== (cftssc) : Writing X to whole memory:pwroff_mode=0 mem_x=0 undefined_mode=1 in instance tb_mspm33c321a_derivative_compute_ss_fw_boot.dut.u_cf_sram_b18.i_CF_SRAM_1024x32_macro at                 1000
===INFO=== (cftssc) : Writing X to whole memory:pwroff_mode=0 mem_x=0 undefined_mode=1 in instance tb_mspm33c321a_derivative_compute_ss_fw_boot.dut.u_cf_sram_b19.i_CF_SRAM_1024x32_macro at                 1000
===INFO=== (cftssc) : Writing X to whole memory:pwroff_mode=0 mem_x=0 undefined_mode=1 in instance tb_mspm33c321a_derivative_compute_ss_fw_boot.dut.u_cf_sram_b20.i_CF_SRAM_1024x32_macro at                 1000
===INFO=== (cftssc) : Writing X to whole memory:pwroff_mode=0 mem_x=0 undefined_mode=1 in instance tb_mspm33c321a_derivative_compute_ss_fw_boot.dut.u_cf_sram_b21.i_CF_SRAM_1024x32_macro at                 1000
===INFO=== (cftssc) : Writing X to whole memory:pwroff_mode=0 mem_x=0 undefined_mode=1 in instance tb_mspm33c321a_derivative_compute_ss_fw_boot.dut.u_cf_sram_b22.i_CF_SRAM_1024x32_macro at                 1000
===INFO=== (cftssc) : Writing X to whole memory:pwroff_mode=0 mem_x=0 undefined_mode=1 in instance tb_mspm33c321a_derivative_compute_ss_fw_boot.dut.u_cf_sram_b23.i_CF_SRAM_1024x32_macro at                 1000
===INFO=== (cftssc) : Writing X to whole memory:pwroff_mode=0 mem_x=0 undefined_mode=1 in instance tb_mspm33c321a_derivative_compute_ss_fw_boot.dut.u_cf_sram_b24.i_CF_SRAM_1024x32_macro at                 1000
===INFO=== (cftssc) : Writing X to whole memory:pwroff_mode=0 mem_x=0 undefined_mode=1 in instance tb_mspm33c321a_derivative_compute_ss_fw_boot.dut.u_cf_sram_b25.i_CF_SRAM_1024x32_macro at                 1000
===INFO=== (cftssc) : Writing X to whole memory:pwroff_mode=0 mem_x=0 undefined_mode=1 in instance tb_mspm33c321a_derivative_compute_ss_fw_boot.dut.u_cf_sram_b26.i_CF_SRAM_1024x32_macro at                 1000
===INFO=== (cftssc) : Writing X to whole memory:pwroff_mode=0 mem_x=0 undefined_mode=1 in instance tb_mspm33c321a_derivative_compute_ss_fw_boot.dut.u_cf_sram_b27.i_CF_SRAM_1024x32_macro at                 1000
===INFO=== (cftssc) : Writing X to whole memory:pwroff_mode=0 mem_x=0 undefined_mode=1 in instance tb_mspm33c321a_derivative_compute_ss_fw_boot.dut.u_cf_sram_b28.i_CF_SRAM_1024x32_macro at                 1000
===INFO=== (cftssc) : Writing X to whole memory:pwroff_mode=0 mem_x=0 undefined_mode=1 in instance tb_mspm33c321a_derivative_compute_ss_fw_boot.dut.u_cf_sram_b29.i_CF_SRAM_1024x32_macro at                 1000
===INFO=== (cftssc) : Writing X to whole memory:pwroff_mode=0 mem_x=0 undefined_mode=1 in instance tb_mspm33c321a_derivative_compute_ss_fw_boot.dut.u_cf_sram_b30.i_CF_SRAM_1024x32_macro at                 1000
===INFO=== (cftssc) : Writing X to whole memory:pwroff_mode=0 mem_x=0 undefined_mode=1 in instance tb_mspm33c321a_derivative_compute_ss_fw_boot.dut.u_cf_sram_b31.i_CF_SRAM_1024x32_macro at                 1000
===INFO=== (cftssc) : Writing X to whole memory:pwroff_mode=0 mem_x=0 undefined_mode=1 in instance tb_mspm33c321a_derivative_compute_ss_smoke_bfm.dut.u_cf_sram_b0.i_CF_SRAM_1024x32_macro at                 1000
===INFO=== (cftssc) : Writing X to whole memory:pwroff_mode=0 mem_x=0 undefined_mode=1 in instance tb_mspm33c321a_derivative_compute_ss_smoke_bfm.dut.u_cf_sram_b1.i_CF_SRAM_1024x32_macro at                 1000
===INFO=== (cftssc) : Writing X to whole memory:pwroff_mode=0 mem_x=0 undefined_mode=1 in instance tb_mspm33c321a_derivative_compute_ss_smoke_bfm.dut.u_cf_sram_b2.i_CF_SRAM_1024x32_macro at                 1000
===INFO=== (cftssc) : Writing X to whole memory:pwroff_mode=0 mem_x=0 undefined_mode=1 in instance tb_mspm33c321a_derivative_compute_ss_smoke_bfm.dut.u_cf_sram_b3.i_CF_SRAM_1024x32_macro at                 1000
===INFO=== (cftssc) : Writing X to whole memory:pwroff_mode=0 mem_x=0 undefined_mode=1 in instance tb_mspm33c321a_derivative_compute_ss_smoke_bfm.dut.u_cf_sram_b4.i_CF_SRAM_1024x32_macro at                 1000
===INFO=== (cftssc) : Writing X to whole memory:pwroff_mode=0 mem_x=0 undefined_mode=1 in instance tb_mspm33c321a_derivative_compute_ss_smoke_bfm.dut.u_cf_sram_b5.i_CF_SRAM_1024x32_macro at                 1000
===INFO=== (cftssc) : Writing X to whole memory:pwroff_mode=0 mem_x=0 undefined_mode=1 in instance tb_mspm33c321a_derivative_compute_ss_smoke_bfm.dut.u_cf_sram_b6.i_CF_SRAM_1024x32_macro at                 1000
===INFO=== (cftssc) : Writing X to whole memory:pwroff_mode=0 mem_x=0 undefined_mode=1 in instance tb_mspm33c321a_derivative_compute_ss_smoke_bfm.dut.u_cf_sram_b7.i_CF_SRAM_1024x32_macro at                 1000
===INFO=== (cftssc) : Writing X to whole memory:pwroff_mode=0 mem_x=0 undefined_mode=1 in instance tb_mspm33c321a_derivative_compute_ss_smoke_bfm.dut.u_cf_sram_b8.i_CF_SRAM_1024x32_macro at                 1000
===INFO=== (cftssc) : Writing X to whole memory:pwroff_mode=0 mem_x=0 undefined_mode=1 in instance tb_mspm33c321a_derivative_compute_ss_smoke_bfm.dut.u_cf_sram_b9.i_CF_SRAM_1024x32_macro at                 1000
===INFO=== (cftssc) : Writing X to whole memory:pwroff_mode=0 mem_x=0 undefined_mode=1 in instance tb_mspm33c321a_derivative_compute_ss_smoke_bfm.dut.u_cf_sram_b10.i_CF_SRAM_1024x32_macro at                 1000
===INFO=== (cftssc) : Writing X to whole memory:pwroff_mode=0 mem_x=0 undefined_mode=1 in instance tb_mspm33c321a_derivative_compute_ss_smoke_bfm.dut.u_cf_sram_b11.i_CF_SRAM_1024x32_macro at                 1000
===INFO=== (cftssc) : Writing X to whole memory:pwroff_mode=0 mem_x=0 undefined_mode=1 in instance tb_mspm33c321a_derivative_compute_ss_smoke_bfm.dut.u_cf_sram_b12.i_CF_SRAM_1024x32_macro at                 1000
===INFO=== (cftssc) : Writing X to whole memory:pwroff_mode=0 mem_x=0 undefined_mode=1 in instance tb_mspm33c321a_derivative_compute_ss_smoke_bfm.dut.u_cf_sram_b13.i_CF_SRAM_1024x32_macro at                 1000
===INFO=== (cftssc) : Writing X to whole memory:pwroff_mode=0 mem_x=0 undefined_mode=1 in instance tb_mspm33c321a_derivative_compute_ss_smoke_bfm.dut.u_cf_sram_b14.i_CF_SRAM_1024x32_macro at                 1000
===INFO=== (cftssc) : Writing X to whole memory:pwroff_mode=0 mem_x=0 undefined_mode=1 in instance tb_mspm33c321a_derivative_compute_ss_smoke_bfm.dut.u_cf_sram_b15.i_CF_SRAM_1024x32_macro at                 1000
===INFO=== (cftssc) : Writing X to whole memory:pwroff_mode=0 mem_x=0 undefined_mode=1 in instance tb_mspm33c321a_derivative_compute_ss_smoke_bfm.dut.u_cf_sram_b16.i_CF_SRAM_1024x32_macro at                 1000
===INFO=== (cftssc) : Writing X to whole memory:pwroff_mode=0 mem_x=0 undefined_mode=1 in instance tb_mspm33c321a_derivative_compute_ss_smoke_bfm.dut.u_cf_sram_b17.i_CF_SRAM_1024x32_macro at                 1000
===INFO=== (cftssc) : Writing X to whole memory:pwroff_mode=0 mem_x=0 undefined_mode=1 in instance tb_mspm33c321a_derivative_compute_ss_smoke_bfm.dut.u_cf_sram_b18.i_CF_SRAM_1024x32_macro at                 1000
===INFO=== (cftssc) : Writing X to whole memory:pwroff_mode=0 mem_x=0 undefined_mode=1 in instance tb_mspm33c321a_derivative_compute_ss_smoke_bfm.dut.u_cf_sram_b19.i_CF_SRAM_1024x32_macro at                 1000
===INFO=== (cftssc) : Writing X to whole memory:pwroff_mode=0 mem_x=0 undefined_mode=1 in instance tb_mspm33c321a_derivative_compute_ss_smoke_bfm.dut.u_cf_sram_b20.i_CF_SRAM_1024x32_macro at                 1000
===INFO=== (cftssc) : Writing X to whole memory:pwroff_mode=0 mem_x=0 undefined_mode=1 in instance tb_mspm33c321a_derivative_compute_ss_smoke_bfm.dut.u_cf_sram_b21.i_CF_SRAM_1024x32_macro at                 1000
===INFO=== (cftssc) : Writing X to whole memory:pwroff_mode=0 mem_x=0 undefined_mode=1 in instance tb_mspm33c321a_derivative_compute_ss_smoke_bfm.dut.u_cf_sram_b22.i_CF_SRAM_1024x32_macro at                 1000
===INFO=== (cftssc) : Writing X to whole memory:pwroff_mode=0 mem_x=0 undefined_mode=1 in instance tb_mspm33c321a_derivative_compute_ss_smoke_bfm.dut.u_cf_sram_b23.i_CF_SRAM_1024x32_macro at                 1000
===INFO=== (cftssc) : Writing X to whole memory:pwroff_mode=0 mem_x=0 undefined_mode=1 in instance tb_mspm33c321a_derivative_compute_ss_smoke_bfm.dut.u_cf_sram_b24.i_CF_SRAM_1024x32_macro at                 1000
===INFO=== (cftssc) : Writing X to whole memory:pwroff_mode=0 mem_x=0 undefined_mode=1 in instance tb_mspm33c321a_derivative_compute_ss_smoke_bfm.dut.u_cf_sram_b25.i_CF_SRAM_1024x32_macro at                 1000
===INFO=== (cftssc) : Writing X to whole memory:pwroff_mode=0 mem_x=0 undefined_mode=1 in instance tb_mspm33c321a_derivative_compute_ss_smoke_bfm.dut.u_cf_sram_b26.i_CF_SRAM_1024x32_macro at                 1000
===INFO=== (cftssc) : Writing X to whole memory:pwroff_mode=0 mem_x=0 undefined_mode=1 in instance tb_mspm33c321a_derivative_compute_ss_smoke_bfm.dut.u_cf_sram_b27.i_CF_SRAM_1024x32_macro at                 1000
===INFO=== (cftssc) : Writing X to whole memory:pwroff_mode=0 mem_x=0 undefined_mode=1 in instance tb_mspm33c321a_derivative_compute_ss_smoke_bfm.dut.u_cf_sram_b28.i_CF_SRAM_1024x32_macro at                 1000
===INFO=== (cftssc) : Writing X to whole memory:pwroff_mode=0 mem_x=0 undefined_mode=1 in instance tb_mspm33c321a_derivative_compute_ss_smoke_bfm.dut.u_cf_sram_b29.i_CF_SRAM_1024x32_macro at                 1000
===INFO=== (cftssc) : Writing X to whole memory:pwroff_mode=0 mem_x=0 undefined_mode=1 in instance tb_mspm33c321a_derivative_compute_ss_smoke_bfm.dut.u_cf_sram_b30.i_CF_SRAM_1024x32_macro at                 1000
===INFO=== (cftssc) : Writing X to whole memory:pwroff_mode=0 mem_x=0 undefined_mode=1 in instance tb_mspm33c321a_derivative_compute_ss_smoke_bfm.dut.u_cf_sram_b31.i_CF_SRAM_1024x32_macro at                 1000
===NOTE=== (efsram) : Undefined state in CF_SRAM_00128x032_008_18: vpwra= 1 vpwrp=1 TM=0 SM=0 WLOFF=0 in instance tb_mspm33c321a_derivative_compute_ss_fw_boot.dut.u_cf_sram_b0.i_CF_SRAM_1024x32_macro at time=                1000
===NOTE=== (efsram) : Undefined state in CF_SRAM_00128x032_008_18: vpwra= 1 vpwrp=1 TM=0 SM=0 WLOFF=0 in instance tb_mspm33c321a_derivative_compute_ss_fw_boot.dut.u_cf_sram_b1.i_CF_SRAM_1024x32_macro at time=                1000
===NOTE=== (efsram) : Undefined state in CF_SRAM_00128x032_008_18: vpwra= 1 vpwrp=1 TM=0 SM=0 WLOFF=0 in instance tb_mspm33c321a_derivative_compute_ss_fw_boot.dut.u_cf_sram_b10.i_CF_SRAM_1024x32_macro at time=                1000
===NOTE=== (efsram) : Undefined state in CF_SRAM_00128x032_008_18: vpwra= 1 vpwrp=1 TM=0 SM=0 WLOFF=0 in instance tb_mspm33c321a_derivative_compute_ss_fw_boot.dut.u_cf_sram_b11.i_CF_SRAM_1024x32_macro at time=                1000
===NOTE=== (efsram) : Undefined state in CF_SRAM_00128x032_008_18: vpwra= 1 vpwrp=1 TM=0 SM=0 WLOFF=0 in instance tb_mspm33c321a_derivative_compute_ss_fw_boot.dut.u_cf_sram_b12.i_CF_SRAM_1024x32_macro at time=                1000
===NOTE=== (efsram) : Undefined state in CF_SRAM_00128x032_008_18: vpwra= 1 vpwrp=1 TM=0 SM=0 WLOFF=0 in instance tb_mspm33c321a_derivative_compute_ss_fw_boot.dut.u_cf_sram_b13.i_CF_SRAM_1024x32_macro at time=                1000
===NOTE=== (efsram) : Undefined state in CF_SRAM_00128x032_008_18: vpwra= 1 vpwrp=1 TM=0 SM=0 WLOFF=0 in instance tb_mspm33c321a_derivative_compute_ss_fw_boot.dut.u_cf_sram_b14.i_CF_SRAM_1024x32_macro at time=                1000
===NOTE=== (efsram) : Undefined state in CF_SRAM_00128x032_008_18: vpwra= 1 vpwrp=1 TM=0 SM=0 WLOFF=0 in instance tb_mspm33c321a_derivative_compute_ss_fw_boot.dut.u_cf_sram_b15.i_CF_SRAM_1024x32_macro at time=                1000
===NOTE=== (efsram) : Undefined state in CF_SRAM_00128x032_008_18: vpwra= 1 vpwrp=1 TM=0 SM=0 WLOFF=0 in instance tb_mspm33c321a_derivative_compute_ss_fw_boot.dut.u_cf_sram_b16.i_CF_SRAM_1024x32_macro at time=                1000
===NOTE=== (efsram) : Undefined state in CF_SRAM_00128x032_008_18: vpwra= 1 vpwrp=1 TM=0 SM=0 WLOFF=0 in instance tb_mspm33c321a_derivative_compute_ss_fw_boot.dut.u_cf_sram_b17.i_CF_SRAM_1024x32_macro at time=                1000
===NOTE=== (efsram) : Undefined state in CF_SRAM_00128x032_008_18: vpwra= 1 vpwrp=1 TM=0 SM=0 WLOFF=0 in instance tb_mspm33c321a_derivative_compute_ss_fw_boot.dut.u_cf_sram_b18.i_CF_SRAM_1024x32_macro at time=                1000
===NOTE=== (efsram) : Undefined state in CF_SRAM_00128x032_008_18: vpwra= 1 vpwrp=1 TM=0 SM=0 WLOFF=0 in instance tb_mspm33c321a_derivative_compute_ss_fw_boot.dut.u_cf_sram_b19.i_CF_SRAM_1024x32_macro at time=                1000
===NOTE=== (efsram) : Undefined state in CF_SRAM_00128x032_008_18: vpwra= 1 vpwrp=1 TM=0 SM=0 WLOFF=0 in instance tb_mspm33c321a_derivative_compute_ss_fw_boot.dut.u_cf_sram_b2.i_CF_SRAM_1024x32_macro at time=                1000
===NOTE=== (efsram) : Undefined state in CF_SRAM_00128x032_008_18: vpwra= 1 vpwrp=1 TM=0 SM=0 WLOFF=0 in instance tb_mspm33c321a_derivative_compute_ss_fw_boot.dut.u_cf_sram_b20.i_CF_SRAM_1024x32_macro at time=                1000
===NOTE=== (efsram) : Undefined state in CF_SRAM_00128x032_008_18: vpwra= 1 vpwrp=1 TM=0 SM=0 WLOFF=0 in instance tb_mspm33c321a_derivative_compute_ss_fw_boot.dut.u_cf_sram_b21.i_CF_SRAM_1024x32_macro at time=                1000
===NOTE=== (efsram) : Undefined state in CF_SRAM_00128x032_008_18: vpwra= 1 vpwrp=1 TM=0 SM=0 WLOFF=0 in instance tb_mspm33c321a_derivative_compute_ss_fw_boot.dut.u_cf_sram_b22.i_CF_SRAM_1024x32_macro at time=                1000
===NOTE=== (efsram) : Undefined state in CF_SRAM_00128x032_008_18: vpwra= 1 vpwrp=1 TM=0 SM=0 WLOFF=0 in instance tb_mspm33c321a_derivative_compute_ss_fw_boot.dut.u_cf_sram_b23.i_CF_SRAM_1024x32_macro at time=                1000
===NOTE=== (efsram) : Undefined state in CF_SRAM_00128x032_008_18: vpwra= 1 vpwrp=1 TM=0 SM=0 WLOFF=0 in instance tb_mspm33c321a_derivative_compute_ss_fw_boot.dut.u_cf_sram_b24.i_CF_SRAM_1024x32_macro at time=                1000
===NOTE=== (efsram) : Undefined state in CF_SRAM_00128x032_008_18: vpwra= 1 vpwrp=1 TM=0 SM=0 WLOFF=0 in instance tb_mspm33c321a_derivative_compute_ss_fw_boot.dut.u_cf_sram_b25.i_CF_SRAM_1024x32_macro at time=                1000
===NOTE=== (efsram) : Undefined state in CF_SRAM_00128x032_008_18: vpwra= 1 vpwrp=1 TM=0 SM=0 WLOFF=0 in instance tb_mspm33c321a_derivative_compute_ss_fw_boot.dut.u_cf_sram_b26.i_CF_SRAM_1024x32_macro at time=                1000
===NOTE=== (efsram) : Undefined state in CF_SRAM_00128x032_008_18: vpwra= 1 vpwrp=1 TM=0 SM=0 WLOFF=0 in instance tb_mspm33c321a_derivative_compute_ss_fw_boot.dut.u_cf_sram_b27.i_CF_SRAM_1024x32_macro at time=                1000
===NOTE=== (efsram) : Undefined state in CF_SRAM_00128x032_008_18: vpwra= 1 vpwrp=1 TM=0 SM=0 WLOFF=0 in instance tb_mspm33c321a_derivative_compute_ss_fw_boot.dut.u_cf_sram_b28.i_CF_SRAM_1024x32_macro at time=                1000
===NOTE=== (efsram) : Undefined state in CF_SRAM_00128x032_008_18: vpwra= 1 vpwrp=1 TM=0 SM=0 WLOFF=0 in instance tb_mspm33c321a_derivative_compute_ss_fw_boot.dut.u_cf_sram_b29.i_CF_SRAM_1024x32_macro at time=                1000
===NOTE=== (efsram) : Undefined state in CF_SRAM_00128x032_008_18: vpwra= 1 vpwrp=1 TM=0 SM=0 WLOFF=0 in instance tb_mspm33c321a_derivative_compute_ss_fw_boot.dut.u_cf_sram_b3.i_CF_SRAM_1024x32_macro at time=                1000
===NOTE=== (efsram) : Undefined state in CF_SRAM_00128x032_008_18: vpwra= 1 vpwrp=1 TM=0 SM=0 WLOFF=0 in instance tb_mspm33c321a_derivative_compute_ss_fw_boot.dut.u_cf_sram_b30.i_CF_SRAM_1024x32_macro at time=                1000
===NOTE=== (efsram) : Undefined state in CF_SRAM_00128x032_008_18: vpwra= 1 vpwrp=1 TM=0 SM=0 WLOFF=0 in instance tb_mspm33c321a_derivative_compute_ss_fw_boot.dut.u_cf_sram_b31.i_CF_SRAM_1024x32_macro at time=                1000
===NOTE=== (efsram) : Undefined state in CF_SRAM_00128x032_008_18: vpwra= 1 vpwrp=1 TM=0 SM=0 WLOFF=0 in instance tb_mspm33c321a_derivative_compute_ss_fw_boot.dut.u_cf_sram_b4.i_CF_SRAM_1024x32_macro at time=                1000
===NOTE=== (efsram) : Undefined state in CF_SRAM_00128x032_008_18: vpwra= 1 vpwrp=1 TM=0 SM=0 WLOFF=0 in instance tb_mspm33c321a_derivative_compute_ss_fw_boot.dut.u_cf_sram_b5.i_CF_SRAM_1024x32_macro at time=                1000
===NOTE=== (efsram) : Undefined state in CF_SRAM_00128x032_008_18: vpwra= 1 vpwrp=1 TM=0 SM=0 WLOFF=0 in instance tb_mspm33c321a_derivative_compute_ss_fw_boot.dut.u_cf_sram_b6.i_CF_SRAM_1024x32_macro at time=                1000
===NOTE=== (efsram) : Undefined state in CF_SRAM_00128x032_008_18: vpwra= 1 vpwrp=1 TM=0 SM=0 WLOFF=0 in instance tb_mspm33c321a_derivative_compute_ss_fw_boot.dut.u_cf_sram_b7.i_CF_SRAM_1024x32_macro at time=                1000
===NOTE=== (efsram) : Undefined state in CF_SRAM_00128x032_008_18: vpwra= 1 vpwrp=1 TM=0 SM=0 WLOFF=0 in instance tb_mspm33c321a_derivative_compute_ss_fw_boot.dut.u_cf_sram_b8.i_CF_SRAM_1024x32_macro at time=                1000
===NOTE=== (efsram) : Undefined state in CF_SRAM_00128x032_008_18: vpwra= 1 vpwrp=1 TM=0 SM=0 WLOFF=0 in instance tb_mspm33c321a_derivative_compute_ss_fw_boot.dut.u_cf_sram_b9.i_CF_SRAM_1024x32_macro at time=                1000
===NOTE=== (efsram) : Undefined state in CF_SRAM_00128x032_008_18: vpwra= 1 vpwrp=1 TM=0 SM=0 WLOFF=0 in instance tb_mspm33c321a_derivative_compute_ss_smoke_bfm.dut.u_cf_sram_b0.i_CF_SRAM_1024x32_macro at time=                1000
===NOTE=== (efsram) : Undefined state in CF_SRAM_00128x032_008_18: vpwra= 1 vpwrp=1 TM=0 SM=0 WLOFF=0 in instance tb_mspm33c321a_derivative_compute_ss_smoke_bfm.dut.u_cf_sram_b1.i_CF_SRAM_1024x32_macro at time=                1000
===NOTE=== (efsram) : Undefined state in CF_SRAM_00128x032_008_18: vpwra= 1 vpwrp=1 TM=0 SM=0 WLOFF=0 in instance tb_mspm33c321a_derivative_compute_ss_smoke_bfm.dut.u_cf_sram_b10.i_CF_SRAM_1024x32_macro at time=                1000
===NOTE=== (efsram) : Undefined state in CF_SRAM_00128x032_008_18: vpwra= 1 vpwrp=1 TM=0 SM=0 WLOFF=0 in instance tb_mspm33c321a_derivative_compute_ss_smoke_bfm.dut.u_cf_sram_b11.i_CF_SRAM_1024x32_macro at time=                1000
===NOTE=== (efsram) : Undefined state in CF_SRAM_00128x032_008_18: vpwra= 1 vpwrp=1 TM=0 SM=0 WLOFF=0 in instance tb_mspm33c321a_derivative_compute_ss_smoke_bfm.dut.u_cf_sram_b12.i_CF_SRAM_1024x32_macro at time=                1000
===NOTE=== (efsram) : Undefined state in CF_SRAM_00128x032_008_18: vpwra= 1 vpwrp=1 TM=0 SM=0 WLOFF=0 in instance tb_mspm33c321a_derivative_compute_ss_smoke_bfm.dut.u_cf_sram_b13.i_CF_SRAM_1024x32_macro at time=                1000
===NOTE=== (efsram) : Undefined state in CF_SRAM_00128x032_008_18: vpwra= 1 vpwrp=1 TM=0 SM=0 WLOFF=0 in instance tb_mspm33c321a_derivative_compute_ss_smoke_bfm.dut.u_cf_sram_b14.i_CF_SRAM_1024x32_macro at time=                1000
===NOTE=== (efsram) : Undefined state in CF_SRAM_00128x032_008_18: vpwra= 1 vpwrp=1 TM=0 SM=0 WLOFF=0 in instance tb_mspm33c321a_derivative_compute_ss_smoke_bfm.dut.u_cf_sram_b15.i_CF_SRAM_1024x32_macro at time=                1000
===NOTE=== (efsram) : Undefined state in CF_SRAM_00128x032_008_18: vpwra= 1 vpwrp=1 TM=0 SM=0 WLOFF=0 in instance tb_mspm33c321a_derivative_compute_ss_smoke_bfm.dut.u_cf_sram_b16.i_CF_SRAM_1024x32_macro at time=                1000
===NOTE=== (efsram) : Undefined state in CF_SRAM_00128x032_008_18: vpwra= 1 vpwrp=1 TM=0 SM=0 WLOFF=0 in instance tb_mspm33c321a_derivative_compute_ss_smoke_bfm.dut.u_cf_sram_b17.i_CF_SRAM_1024x32_macro at time=                1000
===NOTE=== (efsram) : Undefined state in CF_SRAM_00128x032_008_18: vpwra= 1 vpwrp=1 TM=0 SM=0 WLOFF=0 in instance tb_mspm33c321a_derivative_compute_ss_smoke_bfm.dut.u_cf_sram_b18.i_CF_SRAM_1024x32_macro at time=                1000
===NOTE=== (efsram) : Undefined state in CF_SRAM_00128x032_008_18: vpwra= 1 vpwrp=1 TM=0 SM=0 WLOFF=0 in instance tb_mspm33c321a_derivative_compute_ss_smoke_bfm.dut.u_cf_sram_b19.i_CF_SRAM_1024x32_macro at time=                1000
===NOTE=== (efsram) : Undefined state in CF_SRAM_00128x032_008_18: vpwra= 1 vpwrp=1 TM=0 SM=0 WLOFF=0 in instance tb_mspm33c321a_derivative_compute_ss_smoke_bfm.dut.u_cf_sram_b2.i_CF_SRAM_1024x32_macro at time=                1000
===NOTE=== (efsram) : Undefined state in CF_SRAM_00128x032_008_18: vpwra= 1 vpwrp=1 TM=0 SM=0 WLOFF=0 in instance tb_mspm33c321a_derivative_compute_ss_smoke_bfm.dut.u_cf_sram_b20.i_CF_SRAM_1024x32_macro at time=                1000
===NOTE=== (efsram) : Undefined state in CF_SRAM_00128x032_008_18: vpwra= 1 vpwrp=1 TM=0 SM=0 WLOFF=0 in instance tb_mspm33c321a_derivative_compute_ss_smoke_bfm.dut.u_cf_sram_b21.i_CF_SRAM_1024x32_macro at time=                1000
===NOTE=== (efsram) : Undefined state in CF_SRAM_00128x032_008_18: vpwra= 1 vpwrp=1 TM=0 SM=0 WLOFF=0 in instance tb_mspm33c321a_derivative_compute_ss_smoke_bfm.dut.u_cf_sram_b22.i_CF_SRAM_1024x32_macro at time=                1000
===NOTE=== (efsram) : Undefined state in CF_SRAM_00128x032_008_18: vpwra= 1 vpwrp=1 TM=0 SM=0 WLOFF=0 in instance tb_mspm33c321a_derivative_compute_ss_smoke_bfm.dut.u_cf_sram_b23.i_CF_SRAM_1024x32_macro at time=                1000
===NOTE=== (efsram) : Undefined state in CF_SRAM_00128x032_008_18: vpwra= 1 vpwrp=1 TM=0 SM=0 WLOFF=0 in instance tb_mspm33c321a_derivative_compute_ss_smoke_bfm.dut.u_cf_sram_b24.i_CF_SRAM_1024x32_macro at time=                1000
===NOTE=== (efsram) : Undefined state in CF_SRAM_00128x032_008_18: vpwra= 1 vpwrp=1 TM=0 SM=0 WLOFF=0 in instance tb_mspm33c321a_derivative_compute_ss_smoke_bfm.dut.u_cf_sram_b25.i_CF_SRAM_1024x32_macro at time=                1000
===NOTE=== (efsram) : Undefined state in CF_SRAM_00128x032_008_18: vpwra= 1 vpwrp=1 TM=0 SM=0 WLOFF=0 in instance tb_mspm33c321a_derivative_compute_ss_smoke_bfm.dut.u_cf_sram_b26.i_CF_SRAM_1024x32_macro at time=                1000
===NOTE=== (efsram) : Undefined state in CF_SRAM_00128x032_008_18: vpwra= 1 vpwrp=1 TM=0 SM=0 WLOFF=0 in instance tb_mspm33c321a_derivative_compute_ss_smoke_bfm.dut.u_cf_sram_b27.i_CF_SRAM_1024x32_macro at time=                1000
===NOTE=== (efsram) : Undefined state in CF_SRAM_00128x032_008_18: vpwra= 1 vpwrp=1 TM=0 SM=0 WLOFF=0 in instance tb_mspm33c321a_derivative_compute_ss_smoke_bfm.dut.u_cf_sram_b28.i_CF_SRAM_1024x32_macro at time=                1000
===NOTE=== (efsram) : Undefined state in CF_SRAM_00128x032_008_18: vpwra= 1 vpwrp=1 TM=0 SM=0 WLOFF=0 in instance tb_mspm33c321a_derivative_compute_ss_smoke_bfm.dut.u_cf_sram_b29.i_CF_SRAM_1024x32_macro at time=                1000
===NOTE=== (efsram) : Undefined state in CF_SRAM_00128x032_008_18: vpwra= 1 vpwrp=1 TM=0 SM=0 WLOFF=0 in instance tb_mspm33c321a_derivative_compute_ss_smoke_bfm.dut.u_cf_sram_b3.i_CF_SRAM_1024x32_macro at time=                1000
===NOTE=== (efsram) : Undefined state in CF_SRAM_00128x032_008_18: vpwra= 1 vpwrp=1 TM=0 SM=0 WLOFF=0 in instance tb_mspm33c321a_derivative_compute_ss_smoke_bfm.dut.u_cf_sram_b30.i_CF_SRAM_1024x32_macro at time=                1000
===NOTE=== (efsram) : Undefined state in CF_SRAM_00128x032_008_18: vpwra= 1 vpwrp=1 TM=0 SM=0 WLOFF=0 in instance tb_mspm33c321a_derivative_compute_ss_smoke_bfm.dut.u_cf_sram_b31.i_CF_SRAM_1024x32_macro at time=                1000
===NOTE=== (efsram) : Undefined state in CF_SRAM_00128x032_008_18: vpwra= 1 vpwrp=1 TM=0 SM=0 WLOFF=0 in instance tb_mspm33c321a_derivative_compute_ss_smoke_bfm.dut.u_cf_sram_b4.i_CF_SRAM_1024x32_macro at time=                1000
===NOTE=== (efsram) : Undefined state in CF_SRAM_00128x032_008_18: vpwra= 1 vpwrp=1 TM=0 SM=0 WLOFF=0 in instance tb_mspm33c321a_derivative_compute_ss_smoke_bfm.dut.u_cf_sram_b5.i_CF_SRAM_1024x32_macro at time=                1000
===NOTE=== (efsram) : Undefined state in CF_SRAM_00128x032_008_18: vpwra= 1 vpwrp=1 TM=0 SM=0 WLOFF=0 in instance tb_mspm33c321a_derivative_compute_ss_smoke_bfm.dut.u_cf_sram_b6.i_CF_SRAM_1024x32_macro at time=                1000
===NOTE=== (efsram) : Undefined state in CF_SRAM_00128x032_008_18: vpwra= 1 vpwrp=1 TM=0 SM=0 WLOFF=0 in instance tb_mspm33c321a_derivative_compute_ss_smoke_bfm.dut.u_cf_sram_b7.i_CF_SRAM_1024x32_macro at time=                1000
===NOTE=== (efsram) : Undefined state in CF_SRAM_00128x032_008_18: vpwra= 1 vpwrp=1 TM=0 SM=0 WLOFF=0 in instance tb_mspm33c321a_derivative_compute_ss_smoke_bfm.dut.u_cf_sram_b8.i_CF_SRAM_1024x32_macro at time=                1000
===NOTE=== (efsram) : Undefined state in CF_SRAM_00128x032_008_18: vpwra= 1 vpwrp=1 TM=0 SM=0 WLOFF=0 in instance tb_mspm33c321a_derivative_compute_ss_smoke_bfm.dut.u_cf_sram_b9.i_CF_SRAM_1024x32_macro at time=                1000
FW_BOOT: mode=XIP
I2C_SEQ: start
BFM_CHECK: addr=32'h40009000 readback=0x00100000 exp=32'h00000001 (APB connectivity verified)
BFM_CHECK: addr=32'h40009100 readback=0x00000000 exp=32'h10909CEC (APB connectivity verified)
BFM_CHECK: addr=32'h40009104 readback=0x00000000 exp=32'h000000A0 (APB connectivity verified)
BFM_CHECK: addr=32'h40009100 readback=0x00000004 exp=32'h00702991 (APB connectivity verified)
BFM_CHECK: addr=32'h40009100 readback=0x00000000 exp=32'h00300B29 (APB connectivity verified)
I2C_SEQ: I2C0 done
BFM_CHECK: addr=32'h4000A000 readback=0x00100000 exp=32'h00000001 (APB connectivity verified)
BFM_CHECK: addr=32'h4000A100 readback=0x00000000 exp=32'h10909CEC (APB connectivity verified)
I2C_SEQ: I2C1 done
BFM_CHECK: addr=32'h4000B000 readback=0x00100000 exp=32'h00000001 (APB connectivity verified)
BFM_CHECK: addr=32'h4000B100 readback=0x00000000 exp=32'h10909CEC (APB connectivity verified)
BFM_CHECK: addr=32'h4000B104 readback=0x00000000 exp=32'h000000A0 (APB connectivity verified)
I2C_SEQ: I2C2 (derivative) done
I2C_SEQ: PASS
SMOKE_SUMMARY: reads=16 writes=16 errors=0
PASS: smoke sequence completed without mismatches
/workspace/nc-project-20260529-210526/.mspm33c321a_derivative_mcu_socgen_tmp/tb/tb_mspm33c321a_derivative_compute_ss_smoke_bfm.v:897: $finish called at 1315000 (1ps)
