Reading OpenROAD database at '/workspace/nc-project-20260529-210526/mspm33c321a_derivative_mcu/openlane/mspm33c321a_derivative_mcu_wrapper/runs/pnr_run_v4/32-openroad-globalrouting/mspm33c321a_derivative_mcu_wrapper.odb'…
Reading library file at '/nc/apps/pdk/ciel/sky130/versions/0fe599b2afb6708d281543108caf8310912f54af/sky130A/libs.ref/sky130_fd_sc_hd/lib/sky130_fd_sc_hd__tt_025C_1v80.lib'…
Reading library file at '/nc/ip/CF_SRAM_1024x32/v2.2.0-nc/lib/CF_SRAM_1024x32_tt_180V_25C.lib'…
[WARNING STA-1173] /nc/ip/CF_SRAM_1024x32/v2.2.0-nc/lib/CF_SRAM_1024x32_tt_180V_25C.lib line 62, default_fanout_load is 0.0.
Reading macro library file at '/nc/ip/CF_SRAM_1024x32/v2.2.0-nc/lib/CF_SRAM_1024x32_tt_180V_25C.lib'…
[WARNING STA-1140] /nc/ip/CF_SRAM_1024x32/v2.2.0-nc/lib/CF_SRAM_1024x32_tt_180V_25C.lib line 29, library CF_SRAM_1024x32_tt_180V_25C already exists.
[WARNING STA-1173] /nc/ip/CF_SRAM_1024x32/v2.2.0-nc/lib/CF_SRAM_1024x32_tt_180V_25C.lib line 62, default_fanout_load is 0.0.
Reading extra library file at '/nc/ip/CF_SRAM_1024x32/v2.2.0-nc/lib/CF_SRAM_1024x32_ff_195V_100C.lib'…
[WARNING STA-1173] /nc/ip/CF_SRAM_1024x32/v2.2.0-nc/lib/CF_SRAM_1024x32_ff_195V_100C.lib line 76, default_fanout_load is 0.0.
Reading extra library file at '/nc/ip/CF_SRAM_1024x32/v2.2.0-nc/lib/CF_SRAM_1024x32_ss_160V_100C.lib'…
[WARNING STA-1173] /nc/ip/CF_SRAM_1024x32/v2.2.0-nc/lib/CF_SRAM_1024x32_ss_160V_100C.lib line 76, default_fanout_load is 0.0.
Reading extra library file at '/nc/ip/CF_SRAM_1024x32/v2.2.0-nc/lib/CF_SRAM_1024x32_tt_180V_25C.lib'…
[WARNING STA-1140] /nc/ip/CF_SRAM_1024x32/v2.2.0-nc/lib/CF_SRAM_1024x32_tt_180V_25C.lib line 29, library CF_SRAM_1024x32_tt_180V_25C already exists.
[WARNING STA-1173] /nc/ip/CF_SRAM_1024x32/v2.2.0-nc/lib/CF_SRAM_1024x32_tt_180V_25C.lib line 62, default_fanout_load is 0.0.
Reading design constraints file at '/workspace/nc-project-20260529-210526/mspm33c321a_derivative_mcu/openlane/mspm33c321a_derivative_mcu_wrapper/mspm33c321a_derivative_mcu_wrapper.sdc'…
[INFO] Using clock clk_in…
[INFO] Setting output delay to: 5.0
[INFO] Setting input delay to: 5.0
[WARNING STA-0441] set_output_delay relative to a clock defined on the same port/pin not allowed.
[INFO] Setting load to: 0.033442
[INFO] Setting clock uncertainty to: 0.25
[INFO] Setting clock transition to: 0.1499999999999999944488848768742172978818416595458984375
[INFO] Setting timing derate to: 5%
[WARNING STA-0441] set_output_delay relative to a clock defined on the same port/pin not allowed.
[INFO] No information on clock propagation in input SDC file-- propagating all clocks.
[INFO ORD-0030] Using 8 thread(s).
[INFO DRT-0149] Reading tech and libs.
[WARNING DRT-0349] LEF58_ENCLOSURE with no CUTCLASS is not supported. Skipping for layer mcon
[WARNING DRT-0349] LEF58_ENCLOSURE with no CUTCLASS is not supported. Skipping for layer mcon
[WARNING DRT-0349] LEF58_ENCLOSURE with no CUTCLASS is not supported. Skipping for layer via
[WARNING DRT-0349] LEF58_ENCLOSURE with no CUTCLASS is not supported. Skipping for layer via
[WARNING DRT-0349] LEF58_ENCLOSURE with no CUTCLASS is not supported. Skipping for layer via2
[WARNING DRT-0349] LEF58_ENCLOSURE with no CUTCLASS is not supported. Skipping for layer via2
[WARNING DRT-0349] LEF58_ENCLOSURE with no CUTCLASS is not supported. Skipping for layer via3
[WARNING DRT-0349] LEF58_ENCLOSURE with no CUTCLASS is not supported. Skipping for layer via3
[WARNING DRT-0349] LEF58_ENCLOSURE with no CUTCLASS is not supported. Skipping for layer via4
[WARNING DRT-0349] LEF58_ENCLOSURE with no CUTCLASS is not supported. Skipping for layer via4

Units:                1000
Number of layers:     13
Number of macros:     442
Number of vias:       48
Number of viarulegen: 25

[INFO DRT-0150] Reading design.
[WARNING DRT-0120] Large net clk_in has 20370 pins which may impact routing performance. Consider optimization.

Design:                   mspm33c321a_derivative_mcu_wrapper
Die area:                 ( 0 0 ) ( 4278670 3778670 )
Number of track patterns: 12
Number of DEF vias:       0
Number of components:     227336
Number of terminals:      1289
Number of snets:          2
Number of nets:           108078

[INFO DRT-0167] List of default vias:
  Layer via
    default via: M1M2_PR
  Layer via2
    default via: M2M3_PR
  Layer via3
    default via: M3M4_PR
  Layer via4
    default via: M4M5_PR
[INFO DRT-0162] Library cell analysis.
[INFO DRT-0163] Instance analysis.
  Complete 100000 instances.
  Complete 200000 instances.
[INFO DRT-0164] Number of unique instances = 854.
[INFO DRT-0168] Init region query.
[INFO DRT-0018]   Complete 100000 insts.
[INFO DRT-0018]   Complete 200000 insts.
[INFO DRT-0024]   Complete FR_MASTERSLICE.
[INFO DRT-0024]   Complete licon.
[INFO DRT-0024]   Complete li1.
[INFO DRT-0024]   Complete mcon.
[INFO DRT-0024]   Complete met1.
[INFO DRT-0024]   Complete via.
[INFO DRT-0024]   Complete met2.
[INFO DRT-0024]   Complete via2.
[INFO DRT-0024]   Complete met3.
[INFO DRT-0024]   Complete via3.
[INFO DRT-0024]   Complete met4.
[INFO DRT-0024]   Complete via4.
[INFO DRT-0024]   Complete met5.
[INFO DRT-0033] FR_MASTERSLICE shape region query size = 0.
[INFO DRT-0033] licon shape region query size = 0.
[INFO DRT-0033] li1 shape region query size = 4537654.
[INFO DRT-0033] mcon shape region query size = 0.
[INFO DRT-0033] met1 shape region query size = 767849.
[INFO DRT-0033] via shape region query size = 300656.
[INFO DRT-0033] met2 shape region query size = 92516.
[INFO DRT-0033] via2 shape region query size = 272629.
[INFO DRT-0033] met3 shape region query size = 99100.
[INFO DRT-0033] via3 shape region query size = 301845.
[INFO DRT-0033] met4 shape region query size = 40098.
[INFO DRT-0033] via4 shape region query size = 11200.
[INFO DRT-0033] met5 shape region query size = 2788.
[INFO DRT-0165] Start pin access.
[INFO DRT-0076]   Complete 1000 pins.
[INFO DRT-0076]   Complete 2000 pins.
[INFO DRT-0076]   Complete 3000 pins.
[INFO DRT-0076]   Complete 4000 pins.
[INFO DRT-0076]   Complete 5000 pins.
[INFO DRT-0076]   Complete 6000 pins.
[INFO DRT-0076]   Complete 7000 pins.
[INFO DRT-0078]   Complete 7364 pins.
[INFO DRT-0079]   Complete 100 unique inst patterns.
[INFO DRT-0079]   Complete 200 unique inst patterns.
[INFO DRT-0079]   Complete 300 unique inst patterns.
[INFO DRT-0079]   Complete 400 unique inst patterns.
[INFO DRT-0079]   Complete 500 unique inst patterns.
[INFO DRT-0079]   Complete 600 unique inst patterns.
[INFO DRT-0079]   Complete 700 unique inst patterns.
[INFO DRT-0079]   Complete 800 unique inst patterns.
[INFO DRT-0081]   Complete 816 unique inst patterns.
[INFO DRT-0082]   Complete 10000 groups.
[INFO DRT-0082]   Complete 20000 groups.
[INFO DRT-0082]   Complete 30000 groups.
[INFO DRT-0082]   Complete 40000 groups.
[INFO DRT-0082]   Complete 50000 groups.
[INFO DRT-0082]   Complete 60000 groups.
[INFO DRT-0082]   Complete 70000 groups.
[INFO DRT-0084]   Complete 73220 groups.
#scanned instances     = 227336
#unique  instances     = 854
#stdCellGenAp          = 26687
#stdCellValidPlanarAp  = 268
#stdCellValidViaAp     = 20256
#stdCellPinNoAp        = 0
#stdCellPinCnt         = 403065
#instTermValidViaApCnt = 0
#macroGenAp            = 39288
#macroValidPlanarAp    = 39288
#macroValidViaAp       = 0
#macroNoAp             = 0
[INFO DRT-0166] Complete pin access.
[INFO DRT-0267] cpu time = 00:09:26, elapsed time = 00:01:13, memory = 1155.00 (MB), peak = 1268.23 (MB)
[INFO DRT-0156] guideIn read 100000 guides.
[INFO DRT-0156] guideIn read 200000 guides.
[INFO DRT-0156] guideIn read 300000 guides.
[INFO DRT-0156] guideIn read 400000 guides.
[INFO DRT-0156] guideIn read 500000 guides.
[INFO DRT-0156] guideIn read 600000 guides.
[INFO DRT-0156] guideIn read 700000 guides.
[INFO DRT-0156] guideIn read 800000 guides.
[INFO DRT-0156] guideIn read 900000 guides.
[INFO DRT-0156] guideIn read 1000000 guides.

[INFO DRT-0157] Number of guides:     1009249

[INFO DRT-0169] Post process guides.
[INFO DRT-0176] GCELLGRID X 0 DO 620 STEP 6900 ;
[INFO DRT-0177] GCELLGRID Y 0 DO 547 STEP 6900 ;
[INFO DRT-0026]   Complete 100000 origin guides.
[INFO DRT-0026]   Complete 200000 origin guides.
[INFO DRT-0026]   Complete 300000 origin guides.
[INFO DRT-0026]   Complete 400000 origin guides.
[INFO DRT-0026]   Complete 500000 origin guides.
[INFO DRT-0026]   Complete 600000 origin guides.
[INFO DRT-0026]   Complete 700000 origin guides.
[INFO DRT-0026]   Complete 800000 origin guides.
[INFO DRT-0026]   Complete 900000 origin guides.
[INFO DRT-0027]   Complete 1000000 origin guides.
[INFO DRT-0028]   Complete FR_MASTERSLICE.
[INFO DRT-0028]   Complete licon.
[INFO DRT-0028]   Complete li1.
[INFO DRT-0028]   Complete mcon.
[INFO DRT-0028]   Complete met1.
[INFO DRT-0028]   Complete via.
[INFO DRT-0028]   Complete met2.
[INFO DRT-0028]   Complete via2.
[INFO DRT-0028]   Complete met3.
[INFO DRT-0028]   Complete via3.
[INFO DRT-0028]   Complete met4.
[INFO DRT-0028]   Complete via4.
[INFO DRT-0028]   Complete met5.
  complete 100000 nets.
[INFO DRT-0178] Init guide query.
[INFO DRT-0029]   Complete 100000 nets (guide).
[INFO DRT-0035]   Complete FR_MASTERSLICE (guide).
[INFO DRT-0035]   Complete licon (guide).
[INFO DRT-0035]   Complete li1 (guide).
[INFO DRT-0035]   Complete mcon (guide).
[INFO DRT-0035]   Complete met1 (guide).
[INFO DRT-0035]   Complete via (guide).
[INFO DRT-0035]   Complete met2 (guide).
[INFO DRT-0035]   Complete via2 (guide).
[INFO DRT-0035]   Complete met3 (guide).
[INFO DRT-0035]   Complete via3 (guide).
[INFO DRT-0035]   Complete met4 (guide).
[INFO DRT-0035]   Complete via4 (guide).
[INFO DRT-0035]   Complete met5 (guide).
[INFO DRT-0036] FR_MASTERSLICE guide region query size = 0.
[INFO DRT-0036] licon guide region query size = 0.
[INFO DRT-0036] li1 guide region query size = 317160.
[INFO DRT-0036] mcon guide region query size = 0.
[INFO DRT-0036] met1 guide region query size = 279167.
[INFO DRT-0036] via guide region query size = 0.
[INFO DRT-0036] met2 guide region query size = 160810.
[INFO DRT-0036] via2 guide region query size = 0.
[INFO DRT-0036] met3 guide region query size = 20489.
[INFO DRT-0036] via3 guide region query size = 0.
[INFO DRT-0036] met4 guide region query size = 8192.
[INFO DRT-0036] via4 guide region query size = 0.
[INFO DRT-0036] met5 guide region query size = 302.
[INFO DRT-0179] Init gr pin query.
[INFO DRT-0245] skipped writing guide updates to database.
[INFO DRT-0185] Post process initialize RPin region query.
[INFO DRT-0181] Start track assignment.
[INFO DRT-0184] Done with 486162 vertical wires in 13 frboxes and 299958 horizontal wires in 11 frboxes.
[INFO DRT-0186] Done with 71290 vertical wires in 13 frboxes and 117714 horizontal wires in 11 frboxes.
[INFO DRT-0182] Complete track assignment.
[INFO DRT-0267] cpu time = 00:01:40, elapsed time = 00:00:33, memory = 2587.99 (MB), peak = 2802.06 (MB)
[INFO DRT-0187] Start routing data preparation.
[INFO DRT-0267] cpu time = 00:00:01, elapsed time = 00:00:01, memory = 2681.57 (MB), peak = 2802.06 (MB)
[INFO DRT-0194] Start detail routing.
[INFO DRT-0195] Start 0th optimization iteration.
    Completing 10% with 0 violations.
    elapsed time = 00:00:17, memory = 3110.53 (MB).
    Completing 20% with 15581 violations.
    elapsed time = 00:01:14, memory = 3822.86 (MB).
    Completing 30% with 35905 violations.
    elapsed time = 00:03:09, memory = 4085.70 (MB).
    Completing 40% with 35905 violations.
    elapsed time = 00:04:10, memory = 4390.09 (MB).
    Completing 50% with 51156 violations.
    elapsed time = 00:05:59, memory = 4563.98 (MB).
    Completing 60% with 69106 violations.
    elapsed time = 00:06:49, memory = 4460.06 (MB).
    Completing 70% with 89258 violations.
    elapsed time = 00:08:10, memory = 4539.69 (MB).
    Completing 80% with 107417 violations.
    elapsed time = 00:10:01, memory = 4505.34 (MB).
    Completing 90% with 107417 violations.
    elapsed time = 00:11:36, memory = 4688.30 (MB).
    Completing 100% with 141666 violations.
    elapsed time = 00:13:31, memory = 4607.57 (MB).
[INFO DRT-0199]   Number of violations = 161423.
Viol/Layer         li1   mcon   met1    via   met2   via2   met3   via3   met4   via4   met5
Cut Spacing          0     40      0      3      0     12      0      0      0      3      0
Metal Spacing      752      0  14420      0   7074      0   1152      0    205      0     29
Min Hole             0      0    644      0     22      0      0      0      0      0      0
NS Metal             3      0      4      0      0      0      0      0      0      0      0
Recheck             13      0  12192      0   5620      0    315      0   1534      0     83
Short                0      6  84630    128  29167    115   2544      3    562     16    132
[INFO DRT-0267] cpu time = 01:40:29, elapsed time = 00:15:50, memory = 4598.06 (MB), peak = 5019.79 (MB)
Total wire length = 9999916 um.
Total wire length on LAYER li1 = 0 um.
Total wire length on LAYER met1 = 3208729 um.
Total wire length on LAYER met2 = 3068582 um.
Total wire length on LAYER met3 = 1959203 um.
Total wire length on LAYER met4 = 1654647 um.
Total wire length on LAYER met5 = 108754 um.
Total number of vias = 980255.
Up-via summary (total 980255):

-------------------------
 FR_MASTERSLICE         0
            li1    385801
           met1    528957
           met2     45161
           met3     19744
           met4       592
-------------------------
                   980255


[INFO DRT-0195] Start 1st optimization iteration.
    Completing 10% with 161423 violations.
    elapsed time = 00:00:12, memory = 4603.64 (MB).
    Completing 20% with 152348 violations.
    elapsed time = 00:01:01, memory = 4663.02 (MB).
    Completing 30% with 139839 violations.
    elapsed time = 00:02:57, memory = 4742.68 (MB).
    Completing 40% with 139839 violations.
    elapsed time = 00:03:52, memory = 4907.26 (MB).
    Completing 50% with 131559 violations.
    elapsed time = 00:05:39, memory = 5049.31 (MB).
    Completing 60% with 121335 violations.
    elapsed time = 00:06:25, memory = 4924.34 (MB).
    Completing 70% with 110496 violations.
    elapsed time = 00:07:39, memory = 5016.23 (MB).
    Completing 80% with 101378 violations.
    elapsed time = 00:09:00, memory = 4990.20 (MB).
    Completing 90% with 101378 violations.
    elapsed time = 00:10:05, memory = 5023.71 (MB).
    Completing 100% with 83662 violations.
    elapsed time = 00:11:39, memory = 4990.20 (MB).
[INFO DRT-0199]   Number of violations = 84029.
Viol/Layer         li1   mcon   met1    via   met2   met3   met4   met5
Cut Spacing          0    101      0      5      0      0      0      0
Metal Spacing        3      0   7836      0   3421    376     64      9
Min Hole             0      0    460      0      2      0      0      0
Recheck              0      0    267      0     94      6      0      0
Short                0      0  61071     12   9479    493    317     13
[INFO DRT-0267] cpu time = 01:25:42, elapsed time = 00:13:32, memory = 4990.20 (MB), peak = 5153.38 (MB)
Total wire length = 9966031 um.
Total wire length on LAYER li1 = 0 um.
Total wire length on LAYER met1 = 3187548 um.
Total wire length on LAYER met2 = 3050704 um.
Total wire length on LAYER met3 = 1963721 um.
Total wire length on LAYER met4 = 1655189 um.
Total wire length on LAYER met5 = 108868 um.
Total number of vias = 981283.
Up-via summary (total 981283):

-------------------------
 FR_MASTERSLICE         0
            li1    385646
           met1    527065
           met2     47818
           met3     20158
           met4       596
-------------------------
                   981283


[INFO DRT-0195] Start 2nd optimization iteration.
    Completing 10% with 84029 violations.
    elapsed time = 00:00:13, memory = 4990.20 (MB).
    Completing 20% with 84144 violations.
    elapsed time = 00:01:18, memory = 4996.25 (MB).
    Completing 30% with 83453 violations.
    elapsed time = 00:02:52, memory = 4873.54 (MB).
    Completing 40% with 83080 violations.
    elapsed time = 00:04:05, memory = 4873.62 (MB).
    Completing 50% with 83080 violations.
    elapsed time = 00:05:58, memory = 4882.90 (MB).
    Completing 60% with 82479 violations.
    elapsed time = 00:06:17, memory = 4902.88 (MB).
    Completing 70% with 81588 violations.
    elapsed time = 00:06:59, memory = 4981.76 (MB).
