Reading timing models for corner nom_tt_025C_1v80…
Reading timing library for the 'nom_tt_025C_1v80' corner at '/nc/pdk/ciel/sky130/versions/8afc8346a57fe1ab7934ba5a6056ea8b43078e71/sky130A/libs.ref/sky130_fd_sc_hd/lib/sky130_fd_sc_hd__tt_025C_1v80.lib'…
Reading timing library for the 'nom_tt_025C_1v80' corner at '/nc/ip/CF_SRAM_1024x32/v2.2.0-nc/lib/CF_SRAM_1024x32_tt_180V_25C.lib'…
[WARNING STA-1173] /nc/ip/CF_SRAM_1024x32/v2.2.0-nc/lib/CF_SRAM_1024x32_tt_180V_25C.lib line 62, default_fanout_load is 0.0.
Reading explicitly-specified extra libs for nom_tt_025C_1v80…
Reading extra timing library for the 'nom_tt_025C_1v80' corner at '/nc/ip/CF_SRAM_1024x32/v2.2.0-nc/lib/CF_SRAM_1024x32_ff_195V_100C.lib'…
[WARNING STA-1173] /nc/ip/CF_SRAM_1024x32/v2.2.0-nc/lib/CF_SRAM_1024x32_ff_195V_100C.lib line 76, default_fanout_load is 0.0.
Reading extra timing library for the 'nom_tt_025C_1v80' corner at '/nc/ip/CF_SRAM_1024x32/v2.2.0-nc/lib/CF_SRAM_1024x32_ss_160V_100C.lib'…
[WARNING STA-1173] /nc/ip/CF_SRAM_1024x32/v2.2.0-nc/lib/CF_SRAM_1024x32_ss_160V_100C.lib line 76, default_fanout_load is 0.0.
Reading extra timing library for the 'nom_tt_025C_1v80' corner at '/nc/ip/CF_SRAM_1024x32/v2.2.0-nc/lib/CF_SRAM_1024x32_tt_180V_25C.lib'…
[WARNING STA-1140] /nc/ip/CF_SRAM_1024x32/v2.2.0-nc/lib/CF_SRAM_1024x32_tt_180V_25C.lib line 29, library CF_SRAM_1024x32_tt_180V_25C already exists.
[WARNING STA-1173] /nc/ip/CF_SRAM_1024x32/v2.2.0-nc/lib/CF_SRAM_1024x32_tt_180V_25C.lib line 62, default_fanout_load is 0.0.
Reading OpenROAD database at '/workspace/nc-project-20260529-210526/mspm33c321a_derivative_mcu/openlane/mspm33c321a_derivative_mcu_wrapper/runs/pnr_run_v2/44-odb-applydeftemplate/mspm33c321a_derivative_mcu_wrapper.odb'…
Reading design constraints file at '/workspace/nc-project-20260529-210526/mspm33c321a_derivative_mcu/openlane/mspm33c321a_derivative_mcu_wrapper/mspm33c321a_derivative_mcu_wrapper.sdc'…
[WARNING STA-0441] set_output_delay relative to a clock defined on the same port/pin not allowed.
[INFO] No information on clock propagation in input SDC file-- propagating all clocks.
[INFO] Setting signal min routing layer to: met1 and clock min routing layer to met1. 
[INFO] Setting signal max routing layer to: met5 and clock max routing layer to met5. 
+ global_placement -density 0.5279440000000001 -routability_driven -pad_right 0 -pad_left 0 -init_wirelength_coef 0.25
[INFO GPL-0001] ---- Initialize GPL Main Data Structures
[INFO GPL-0002] DBU: 1000
[INFO GPL-0003] SiteSize: (  0.460  2.720 ) um
[INFO GPL-0004] CoreBBox: ( 275.080 277.440 ) ( 4003.380 3503.360 ) um
[INFO GPL-0036] Movable instances area:     1201084.435 um^2
[INFO GPL-0037] Total instances area:       5216953.472 um^2
[INFO GPL-0035] Pin density area adjust:    157208.817 um^2
[INFO GPL-0032] ---- Initialize Region: Top-level
[INFO GPL-0006] Number of instances:            219550
[INFO GPL-0007] Movable instances:               91412
[INFO GPL-0008] Fixed instances:                120630
[INFO GPL-0009] Dummy instances:                  7508
[INFO GPL-0010] Number of nets:                  92786
[INFO GPL-0011] Number of pins:                 378000
[INFO GPL-0012] Die BBox:  (  0.000  0.000 ) ( 4278.670 3778.670 ) um
[INFO GPL-0013] Core BBox: ( 275.080 277.440 ) ( 4003.380 3503.360 ) um
[INFO GPL-0016] Core area:                  12027197.536 um^2
[INFO GPL-0014] Region name: top-level.
[INFO GPL-0015] Region area:                12027197.536 um^2
[INFO GPL-0017] Fixed instances area:       4475678.781 um^2
[INFO GPL-0018] Movable instances area:     1358293.252 um^2
[INFO GPL-0019] Utilization:                    17.987 %
[INFO GPL-0020] Standard cells area:        1358293.252 um^2
[INFO GPL-0021] Large instances area:            0.000 um^2
[INFO GPL-0005] ---- Execute Conjugate Gradient Initial Placement.
[INFO GPL-0051] Source of initial instance position counters:
	Odb location = 0	Core center = 91412	Region center = 0
[InitialPlace]  Iter: 1 conjugate gradient residual: 0.00161669 HPWL: 11247964670
[InitialPlace]  Iter: 2 conjugate gradient residual: 0.00000928 HPWL: 4237878539
[InitialPlace]  Iter: 3 conjugate gradient residual: 0.00000132 HPWL: 4169950555
[InitialPlace]  Iter: 4 conjugate gradient residual: 0.00000174 HPWL: 4170067497
[InitialPlace]  Iter: 5 conjugate gradient residual: 0.00000176 HPWL: 4163514020
[INFO GPL-0033] ---- Initialize Nesterov Region: Top-level
[INFO GPL-0023] Placement target density:       0.5279
[INFO GPL-0024] Movable insts average area:     14.859 um^2
[INFO GPL-0025] Ideal bin area:                 28.145 um^2
[INFO GPL-0026] Ideal bin count:                427328
[INFO GPL-0027] Total bin area:             12027197.536 um^2
[INFO GPL-0028] Bin count (X, Y):         512 ,    512
[INFO GPL-0029] Bin size (W * H):       7.282 *  6.301 um
[INFO GPL-0030] Number of bins:                 262144
[INFO GPL-0007] ---- Execute Nesterov Global Placement.
[INFO GPL-0031] HPWL: Half-Perimeter Wirelength
Iteration | Overflow |     HPWL (um) |  HPWL(%) |   Penalty | Group
---------------------------------------------------------------
        0 |   0.9921 |  2.912805e+06 |   +0.00% |  6.99e-17 |      
       10 |   0.9877 |  3.010946e+06 |   +3.37% |  1.12e-16 |      
       20 |   0.9850 |  3.082319e+06 |   +2.37% |  1.81e-16 |      
       30 |   0.9825 |  3.142747e+06 |   +1.96% |  2.93e-16 |      
       40 |   0.9812 |  3.173501e+06 |   +0.98% |  4.75e-16 |      
       50 |   0.9801 |  3.190059e+06 |   +0.52% |  7.73e-16 |      
       60 |   0.9794 |  3.199645e+06 |   +0.30% |  1.26e-15 |      
       70 |   0.9794 |  3.200883e+06 |   +0.04% |  2.05e-15 |      
       80 |   0.9793 |  3.195679e+06 |   -0.16% |  3.34e-15 |      
       90 |   0.9791 |  3.188340e+06 |   -0.23% |  5.43e-15 |      
      100 |   0.9786 |  3.183539e+06 |   -0.15% |  8.85e-15 |      
      110 |   0.9781 |  3.183766e+06 |   +0.01% |  1.44e-14 |      
      120 |   0.9775 |  3.189499e+06 |   +0.18% |  2.35e-14 |      
      130 |   0.9766 |  3.198734e+06 |   +0.29% |  3.82e-14 |      
      140 |   0.9756 |  3.210434e+06 |   +0.37% |  6.21e-14 |      
      150 |   0.9746 |  3.226416e+06 |   +0.50% |  1.01e-13 |      
      160 |   0.9735 |  3.250205e+06 |   +0.74% |  1.64e-13 |      
      170 |   0.9722 |  3.286210e+06 |   +1.11% |  2.66e-13 |      
      180 |   0.9704 |  3.339003e+06 |   +1.61% |  4.32e-13 |      
      190 |   0.9679 |  3.413792e+06 |   +2.24% |  6.97e-13 |      
      200 |   0.9636 |  3.516735e+06 |   +3.02% |  1.12e-12 |      
      210 |   0.9564 |  3.658594e+06 |   +4.03% |  1.80e-12 |      
      220 |   0.9468 |  3.839533e+06 |   +4.95% |  2.88e-12 |      
      230 |   0.9338 |  4.061661e+06 |   +5.79% |  4.58e-12 |      
      240 |   0.9188 |  4.339520e+06 |   +6.84% |  7.24e-12 |      
      250 |   0.9078 |  4.626470e+06 |   +6.61% |  1.14e-11 |      
      260 |   0.8925 |  4.901026e+06 |   +5.93% |  1.81e-11 |      
      270 |   0.8753 |  5.216098e+06 |   +6.43% |  2.85e-11 |      
      280 |   0.8494 |  5.637475e+06 |   +8.08% |  4.43e-11 |      
      290 |   0.8232 |  5.873569e+06 |   +4.19% |  7.02e-11 |      
      300 |   0.7814 |  6.127561e+06 |   +4.32% |  1.11e-10 |      
      310 |   0.7531 |  6.194163e+06 |   +1.09% |  1.80e-10 |      
      320 |   0.7036 |  6.318205e+06 |   +2.00% |  2.89e-10 |      
      330 |   0.6591 |  6.328230e+06 |   +0.16% |  4.68e-10 |      
      340 |   0.6102 |  6.475143e+06 |   +2.32% |  7.51e-10 |      
[INFO GPL-0038] Routability snapshot saved at iter = 344
      343 |   0.5976 |  6.473367e+06 |          |           |      
      350 |   0.5708 |  6.506906e+06 |   +0.49% |  1.22e-09 |      
      360 |   0.5200 |  6.561697e+06 |   +0.84% |  1.97e-09 |      
      370 |   0.4696 |  6.571787e+06 |   +0.15% |  3.20e-09 |      
      380 |   0.4234 |  6.588959e+06 |   +0.26% |  5.21e-09 |      
      390 |   0.3791 |  6.585459e+06 |   -0.05% |  8.47e-09 |      
      400 |   0.3357 |  6.559519e+06 |   -0.39% |  1.35e-08 |      
      410 |   0.3035 |  6.513542e+06 |   -0.70% |  1.99e-08 |      
[INFO GPL-0040] Routability iteration: 1
[WARNING GRT-0281] Net clk_in has a large fanout of 20401 terminals.
[WARNING GRT-0281] Net reset_n_xres_h_n has a large fanout of 14083 terminals.
[WARNING GRT-0281] Net u_core.u_aes0.aes_core_inst.dec_block.reset_n has a large fanout of 2477 terminals.
[INFO GPL-0041] Total routing overflow: 523.5211
[INFO GPL-0042] Number of overflowed tiles: 4824 (1.42%)
[INFO GPL-0043] Average top 0.5% routing congestion: 1.2393
[INFO GPL-0044] Average top 1.0% routing congestion: 1.1482
[INFO GPL-0045] Average top 2.0% routing congestion: 1.0723
[INFO GPL-0046] Average top 5.0% routing congestion: 0.9806
[INFO GPL-0047] Routability iteration weighted routing congestion: 1.1938
[INFO GPL-0048] Routing congestion (1.1938) lower than previous minimum (1e+30). Updating minimum.
[INFO GPL-0051] Inflated area:               37929.609 um^2 (+2.79%)
[INFO GPL-0052] Placement target density:       0.5279
[INFO GPL-0076] Removing fillers, count: Before: 172238, After: 169753 (-1.44%)
[INFO GPL-0077] Filler area (um^2)     : Before: 2628486.023, After: 2590549.607 (-1.44%)
[INFO GPL-0078] Removed fillers count: 2485, area removed: 37922.840 um^2. Remaining area to be compensated by modifying density: 6.769 um^2
[INFO GPL-0058] White space area:           7551518.755 um^2 (+0.00%)
[INFO GPL-0059] Movable instances area:     3986779.275 um^2 (+0.00%)
[INFO GPL-0060] Total filler area:          2590549.607 um^2 (-1.44%)
[INFO GPL-0061] Total non-inflated area:    3986772.468 um^2 (-0.00%)
[INFO GPL-0062] Total inflated area:        4024702.077 um^2 (-0.00%)
[INFO GPL-0063] New Target Density:             0.5279
[INFO GPL-0087] Routability end iteration: increase inflation and revert back to snapshot.
Iteration | Overflow |     HPWL (um) |  HPWL(%) |   Penalty | Group
---------------------------------------------------------------
      420 |   0.5681 |  6.591120e+06 |   +1.19% |  1.18e-09 |      
      430 |   0.5325 |  6.610830e+06 |   +0.30% |  1.74e-09 |      
      440 |   0.4950 |  6.589618e+06 |   -0.32% |  2.56e-09 |      
      450 |   0.4538 |  6.595647e+06 |   +0.09% |  3.77e-09 |      
      460 |   0.4191 |  6.593305e+06 |   -0.04% |  5.55e-09 |      
      470 |   0.3822 |  6.574249e+06 |   -0.29% |  8.17e-09 |      
      480 |   0.3460 |  6.553716e+06 |   -0.31% |  1.20e-08 |      
      490 |   0.3145 |  6.530156e+06 |   -0.36% |  1.77e-08 |      
[INFO GPL-0040] Routability iteration: 2
[INFO GPL-0041] Total routing overflow: 336.2534
[INFO GPL-0042] Number of overflowed tiles: 3755 (1.11%)
[INFO GPL-0043] Average top 0.5% routing congestion: 1.1669
[INFO GPL-0044] Average top 1.0% routing congestion: 1.0988
[INFO GPL-0045] Average top 2.0% routing congestion: 1.0391
[INFO GPL-0046] Average top 5.0% routing congestion: 0.9636
[INFO GPL-0047] Routability iteration weighted routing congestion: 1.1328
[INFO GPL-0048] Routing congestion (1.1328) lower than previous minimum (1.194). Updating minimum.
[INFO GPL-0051] Inflated area:               16535.020 um^2 (+1.18%)
[INFO GPL-0052] Placement target density:       0.5279
[INFO GPL-0076] Removing fillers, count: Before: 169753, After: 168670 (-0.64%)
[INFO GPL-0077] Filler area (um^2)     : Before: 2590549.607, After: 2574022.269 (-0.64%)
[INFO GPL-0078] Removed fillers count: 1083, area removed: 16527.338 um^2. Remaining area to be compensated by modifying density: 7.681 um^2
[INFO GPL-0058] White space area:           7551518.755 um^2 (+0.00%)
[INFO GPL-0059] Movable instances area:     3986779.275 um^2 (+0.00%)
[INFO GPL-0060] Total filler area:          2574022.269 um^2 (-0.64%)
[INFO GPL-0061] Total non-inflated area:    3986780.149 um^2 (+0.00%)
[INFO GPL-0062] Total inflated area:        4003315.168 um^2 (+0.00%)
[INFO GPL-0063] New Target Density:             0.5279
[INFO GPL-0087] Routability end iteration: increase inflation and revert back to snapshot.
Iteration | Overflow |     HPWL (um) |  HPWL(%) |   Penalty | Group
---------------------------------------------------------------
      500 |   0.5776 |  6.643367e+06 |   +1.73% |  1.06e-09 |      
      510 |   0.5429 |  6.677029e+06 |   +0.51% |  1.54e-09 |      
      520 |   0.5080 |  6.648432e+06 |   -0.43% |  2.27e-09 |      
      530 |   0.4677 |  6.635846e+06 |   -0.19% |  3.34e-09 |      
      540 |   0.4295 |  6.648623e+06 |   +0.19% |  4.91e-09 |      
      550 |   0.3926 |  6.622285e+06 |   -0.40% |  7.24e-09 |      
      560 |   0.3593 |  6.605144e+06 |   -0.26% |  1.07e-08 |      
      570 |   0.3243 |  6.583451e+06 |   -0.33% |  1.57e-08 |      
[INFO GPL-0040] Routability iteration: 3
[INFO GPL-0041] Total routing overflow: 261.7492
[INFO GPL-0042] Number of overflowed tiles: 3746 (1.10%)
[INFO GPL-0043] Average top 0.5% routing congestion: 1.1258
[INFO GPL-0044] Average top 1.0% routing congestion: 1.0768
[INFO GPL-0045] Average top 2.0% routing congestion: 1.0275
[INFO GPL-0046] Average top 5.0% routing congestion: 0.9595
[INFO GPL-0047] Routability iteration weighted routing congestion: 1.1013
[INFO GPL-0048] Routing congestion (1.1013) lower than previous minimum (1.133). Updating minimum.
[INFO GPL-0051] Inflated area:               13286.815 um^2 (+0.94%)
[INFO GPL-0052] Placement target density:       0.5279
[INFO GPL-0076] Removing fillers, count: Before: 168670, After: 167800 (-0.52%)
[INFO GPL-0077] Filler area (um^2)     : Before: 2574022.269, After: 2560745.460 (-0.52%)
[INFO GPL-0078] Removed fillers count: 870, area removed: 13276.809 um^2. Remaining area to be compensated by modifying density: 10.007 um^2
[INFO GPL-0058] White space area:           7551518.755 um^2 (+0.00%)
[INFO GPL-0059] Movable instances area:     3986779.275 um^2 (+0.00%)
[INFO GPL-0060] Total filler area:          2560745.460 um^2 (-0.52%)
[INFO GPL-0061] Total non-inflated area:    3986790.156 um^2 (+0.00%)
[INFO GPL-0062] Total inflated area:        4000076.971 um^2 (+0.00%)
[INFO GPL-0063] New Target Density:             0.5279
[INFO GPL-0087] Routability end iteration: increase inflation and revert back to snapshot.
Iteration | Overflow |     HPWL (um) |  HPWL(%) |   Penalty | Group
---------------------------------------------------------------
      580 |   0.6022 |  6.494475e+06 |   -1.35% |  9.48e-10 |      
      590 |   0.5547 |  6.715202e+06 |   +3.40% |  1.37e-09 |      
      600 |   0.5187 |  6.716249e+06 |   +0.02% |  2.01e-09 |      
      610 |   0.4814 |  6.676805e+06 |   -0.59% |  2.96e-09 |      
      620 |   0.4409 |  6.694031e+06 |   +0.26% |  4.35e-09 |      
      630 |   0.4036 |  6.673839e+06 |   -0.30% |  6.41e-09 |      
      640 |   0.3686 |  6.653806e+06 |   -0.30% |  9.44e-09 |      
      650 |   0.3338 |  6.631247e+06 |   -0.34% |  1.39e-08 |      
      660 |   0.3004 |  6.592055e+06 |   -0.59% |  2.05e-08 |      
[INFO GPL-0040] Routability iteration: 4
[INFO GPL-0041] Total routing overflow: 241.7623
[INFO GPL-0042] Number of overflowed tiles: 3565 (1.05%)
[INFO GPL-0043] Average top 0.5% routing congestion: 1.1175
[INFO GPL-0044] Average top 1.0% routing congestion: 1.0712
[INFO GPL-0045] Average top 2.0% routing congestion: 1.0239
[INFO GPL-0046] Average top 5.0% routing congestion: 0.9577
[INFO GPL-0047] Routability iteration weighted routing congestion: 1.0944
[INFO GPL-0048] Routing congestion (1.0944) lower than previous minimum (1.101). Updating minimum.
[INFO GPL-0051] Inflated area:               12192.643 um^2 (+0.85%)
[INFO GPL-0052] Placement target density:       0.5279
[INFO GPL-0076] Removing fillers, count: Before: 167800, After: 167002 (-0.48%)
[INFO GPL-0077] Filler area (um^2)     : Before: 2560745.460, After: 2548567.421 (-0.48%)
[INFO GPL-0078] Removed fillers count: 798, area removed: 12178.039 um^2. Remaining area to be compensated by modifying density: 14.604 um^2
[INFO GPL-0058] White space area:           7551518.755 um^2 (+0.00%)
[INFO GPL-0059] Movable instances area:     3986779.275 um^2 (+0.00%)
[INFO GPL-0060] Total filler area:          2548567.421 um^2 (-0.48%)
[INFO GPL-0061] Total non-inflated area:    3986804.760 um^2 (+0.00%)
[INFO GPL-0062] Total inflated area:        3998997.403 um^2 (+0.00%)
[INFO GPL-0063] New Target Density:             0.5279
[INFO GPL-0087] Routability end iteration: increase inflation and revert back to snapshot.
Iteration | Overflow |     HPWL (um) |  HPWL(%) |   Penalty | Group
---------------------------------------------------------------
      670 |   0.5633 |  6.753823e+06 |   +2.45% |  1.21e-09 |      
      680 |   0.5321 |  6.760356e+06 |   +0.10% |  1.78e-09 |      
      690 |   0.4963 |  6.729028e+06 |   -0.46% |  2.62e-09 |      
      700 |   0.4523 |  6.732175e+06 |   +0.05% |  3.85e-09 |      
      710 |   0.4153 |  6.724173e+06 |   -0.12% |  5.68e-09 |      
      720 |   0.3814 |  6.699521e+06 |   -0.37% |  8.36e-09 |      
      730 |   0.3463 |  6.678233e+06 |   -0.32% |  1.23e-08 |      
      740 |   0.3113 |  6.638901e+06 |   -0.59% |  1.81e-08 |      
[INFO GPL-0040] Routability iteration: 5
[INFO GPL-0041] Total routing overflow: 231.6254
[INFO GPL-0042] Number of overflowed tiles: 3333 (0.98%)
[INFO GPL-0043] Average top 0.5% routing congestion: 1.1177
[INFO GPL-0044] Average top 1.0% routing congestion: 1.0683
[INFO GPL-0045] Average top 2.0% routing congestion: 1.0205
[INFO GPL-0046] Average top 5.0% routing congestion: 0.9560
[INFO GPL-0047] Routability iteration weighted routing congestion: 1.0930
[INFO GPL-0048] Routing congestion (1.0930) lower than previous minimum (1.094). Updating minimum.
[INFO GPL-0051] Inflated area:               10981.677 um^2 (+0.76%)
[INFO GPL-0052] Placement target density:       0.5279
[INFO GPL-0076] Removing fillers, count: Before: 167002, After: 166283 (-0.43%)
[INFO GPL-0077] Filler area (um^2)     : Before: 2548567.421, After: 2537594.978 (-0.43%)
[INFO GPL-0078] Removed fillers count: 719, area removed: 10972.443 um^2. Remaining area to be compensated by modifying density: 9.233 um^2
[INFO GPL-0058] White space area:           7551518.755 um^2 (+0.00%)
[INFO GPL-0059] Movable instances area:     3986779.275 um^2 (+0.00%)
[INFO GPL-0060] Total filler area:          2537594.978 um^2 (-0.43%)
[INFO GPL-0061] Total non-inflated area:    3986813.993 um^2 (+0.00%)
[INFO GPL-0062] Total inflated area:        3997795.670 um^2 (+0.00%)
[INFO GPL-0063] New Target Density:             0.5279
[INFO GPL-0087] Routability end iteration: increase inflation and revert back to snapshot.
Iteration | Overflow |     HPWL (um) |  HPWL(%) |   Penalty | Group
---------------------------------------------------------------
      750 |   0.5706 |  6.788841e+06 |   +2.26% |  1.09e-09 |      
      760 |   0.5425 |  6.830261e+06 |   +0.61% |  1.58e-09 |      
      770 |   0.5066 |  6.797475e+06 |   -0.48% |  2.32e-09 |      
      780 |   0.4630 |  6.775951e+06 |   -0.32% |  3.41e-09 |      
      790 |   0.4261 |  6.776966e+06 |   +0.01% |  5.02e-09 |      
      800 |   0.3898 |  6.751918e+06 |   -0.37% |  7.40e-09 |      
      810 |   0.3559 |  6.723879e+06 |   -0.42% |  1.09e-08 |      
      820 |   0.3205 |  6.690172e+06 |   -0.50% |  1.61e-08 |      
[INFO GPL-0040] Routability iteration: 6
[INFO GPL-0041] Total routing overflow: 207.4656
[INFO GPL-0042] Number of overflowed tiles: 3247 (0.96%)
[INFO GPL-0043] Average top 0.5% routing congestion: 1.1060
[INFO GPL-0044] Average top 1.0% routing congestion: 1.0611
[INFO GPL-0045] Average top 2.0% routing congestion: 1.0163
[INFO GPL-0046] Average top 5.0% routing congestion: 0.9547
[INFO GPL-0047] Routability iteration weighted routing congestion: 1.0836
[INFO GPL-0048] Routing congestion (1.0836) lower than previous minimum (1.093). Updating minimum.
[INFO GPL-0051] Inflated area:                9840.610 um^2 (+0.68%)
[INFO GPL-0052] Placement target density:       0.5279
[INFO GPL-0076] Removing fillers, count: Before: 166283, After: 165639 (-0.39%)
[INFO GPL-0077] Filler area (um^2)     : Before: 2537594.978, After: 2527767.087 (-0.39%)
[INFO GPL-0078] Removed fillers count: 644, area removed: 9827.891 um^2. Remaining area to be compensated by modifying density: 12.720 um^2
[INFO GPL-0058] White space area:           7551518.755 um^2 (+0.00%)
[INFO GPL-0059] Movable instances area:     3986779.275 um^2 (+0.00%)
[INFO GPL-0060] Total filler area:          2527767.087 um^2 (-0.39%)
[INFO GPL-0061] Total non-inflated area:    3986826.713 um^2 (+0.00%)
[INFO GPL-0062] Total inflated area:        3996667.323 um^2 (+0.00%)
[INFO GPL-0063] New Target Density:             0.5279
[INFO GPL-0087] Routability end iteration: increase inflation and revert back to snapshot.
Iteration | Overflow |     HPWL (um) |  HPWL(%) |   Penalty | Group
---------------------------------------------------------------
      830 |   0.5973 |  6.527210e+06 |   -2.44% |  9.84e-10 |      
      840 |   0.5543 |  6.874636e+06 |   +5.32% |  1.40e-09 |      
      850 |   0.5169 |  6.857687e+06 |   -0.25% |  2.06e-09 |      
      860 |   0.4788 |  6.806663e+06 |   -0.74% |  3.03e-09 |      
      870 |   0.4391 |  6.815461e+06 |   +0.13% |  4.46e-09 |      
      880 |   0.4013 |  6.795358e+06 |   -0.29% |  6.56e-09 |      
      890 |   0.3668 |  6.768019e+06 |   -0.40% |  9.67e-09 |      
      900 |   0.3315 |  6.737078e+06 |   -0.46% |  1.42e-08 |      
      910 |   0.2977 |  6.686740e+06 |   -0.75% |  2.10e-08 |      
[INFO GPL-0040] Routability iteration: 7
[INFO GPL-0041] Total routing overflow: 212.1233
[INFO GPL-0042] Number of overflowed tiles: 3288 (0.97%)
[INFO GPL-0043] Average top 0.5% routing congestion: 1.1074
[INFO GPL-0044] Average top 1.0% routing congestion: 1.0625
[INFO GPL-0045] Average top 2.0% routing congestion: 1.0176
[INFO GPL-0046] Average top 5.0% routing congestion: 0.9557
[INFO GPL-0047] Routability iteration weighted routing congestion: 1.0850
[INFO GPL-0049] Routing congestion (1.0850) higher than minimum (1.0836). Consecutive non-improvement count: 1.
[INFO GPL-0051] Inflated area:                9113.649 um^2 (+0.62%)
[INFO GPL-0052] Placement target density:       0.5279
[INFO GPL-0076] Removing fillers, count: Before: 165639, After: 165042 (-0.36%)
[INFO GPL-0077] Filler area (um^2)     : Before: 2527767.087, After: 2518656.449 (-0.36%)
[INFO GPL-0078] Removed fillers count: 597, area removed: 9110.638 um^2. Remaining area to be compensated by modifying density: 3.011 um^2
[INFO GPL-0058] White space area:           7551518.755 um^2 (+0.00%)
[INFO GPL-0059] Movable instances area:     3986779.275 um^2 (+0.00%)
[INFO GPL-0060] Total filler area:          2518656.449 um^2 (-0.36%)
[INFO GPL-0061] Total non-inflated area:    3986829.724 um^2 (+0.00%)
[INFO GPL-0062] Total inflated area:        3995943.374 um^2 (+0.00%)
[INFO GPL-0063] New Target Density:             0.5279
[INFO GPL-0087] Routability end iteration: increase inflation and revert back to snapshot.
Iteration | Overflow |     HPWL (um) |  HPWL(%) |   Penalty | Group
---------------------------------------------------------------
      920 |   0.5618 |  6.896580e+06 |   +3.14% |  1.24e-09 |      
      930 |   0.5282 |  6.898014e+06 |   +0.02% |  1.82e-09 |      
      940 |   0.4903 |  6.860998e+06 |   -0.54% |  2.68e-09 |      
      950 |   0.4492 |  6.851960e+06 |   -0.13% |  3.95e-09 |      
      960 |   0.4126 |  6.834815e+06 |   -0.25% |  5.82e-09 |      
      970 |   0.3758 |  6.812330e+06 |   -0.33% |  8.57e-09 |      
      980 |   0.3399 |  6.779235e+06 |   -0.49% |  1.26e-08 |      
      990 |   0.3077 |  6.729630e+06 |   -0.73% |  1.86e-08 |      
[INFO GPL-0040] Routability iteration: 8
[INFO GPL-0041] Total routing overflow: 203.6760
[INFO GPL-0042] Number of overflowed tiles: 3289 (0.97%)
[INFO GPL-0043] Average top 0.5% routing congestion: 1.1021
[INFO GPL-0044] Average top 1.0% routing congestion: 1.0600
[INFO GPL-0045] Average top 2.0% routing congestion: 1.0159
[INFO GPL-0046] Average top 5.0% routing congestion: 0.9548
[INFO GPL-0047] Routability iteration weighted routing congestion: 1.0811
[INFO GPL-0048] Routing congestion (1.0811) lower than previous minimum (1.084). Updating minimum.
[INFO GPL-0051] Inflated area:                8964.760 um^2 (+0.61%)
[INFO GPL-0052] Placement target density:       0.5279
[INFO GPL-0076] Removing fillers, count: Before: 165042, After: 164455 (-0.36%)
[INFO GPL-0077] Filler area (um^2)     : Before: 2518656.449, After: 2509698.419 (-0.36%)
[INFO GPL-0078] Removed fillers count: 587, area removed: 8958.031 um^2. Remaining area to be compensated by modifying density: 6.729 um^2
[INFO GPL-0058] White space area:           7551518.755 um^2 (+0.00%)
[INFO GPL-0059] Movable instances area:     3986779.275 um^2 (+0.00%)
[INFO GPL-0060] Total filler area:          2509698.419 um^2 (-0.36%)
[INFO GPL-0061] Total non-inflated area:    3986836.453 um^2 (+0.00%)
[INFO GPL-0062] Total inflated area:        3995801.213 um^2 (+0.00%)
[INFO GPL-0063] New Target Density:             0.5279
[INFO GPL-0087] Routability end iteration: increase inflation and revert back to snapshot.
Iteration | Overflow |     HPWL (um) |  HPWL(%) |   Penalty | Group
---------------------------------------------------------------
     1000 |   0.5632 |  6.998046e+06 |   +3.99% |  1.10e-09 |      
     1010 |   0.5412 |  6.955059e+06 |   -0.61% |  1.62e-09 |      
     1020 |   0.5026 |  6.919797e+06 |   -0.51% |  2.38e-09 |      
     1030 |   0.4611 |  6.900134e+06 |   -0.28% |  3.50e-09 |      
     1040 |   0.4233 |  6.883348e+06 |   -0.24% |  5.15e-09 |      
     1050 |   0.3877 |  6.850529e+06 |   -0.48% |  7.59e-09 |      
     1060 |   0.3516 |  6.817342e+06 |   -0.48% |  1.12e-08 |      
     1070 |   0.3184 |  6.767930e+06 |   -0.72% |  1.65e-08 |      
[INFO GPL-0040] Routability iteration: 9
[INFO GPL-0041] Total routing overflow: 200.1683
[INFO GPL-0042] Number of overflowed tiles: 3044 (0.90%)
[INFO GPL-0043] Average top 0.5% routing congestion: 1.1049
[INFO GPL-0044] Average top 1.0% routing congestion: 1.0587
[INFO GPL-0045] Average top 2.0% routing congestion: 1.0141
[INFO GPL-0046] Average top 5.0% routing congestion: 0.9535
[INFO GPL-0047] Routability iteration weighted routing congestion: 1.0818
[INFO GPL-0049] Routing congestion (1.0818) higher than minimum (1.0811). Consecutive non-improvement count: 1.
[INFO GPL-0051] Inflated area:                8969.656 um^2 (+0.61%)
[INFO GPL-0052] Placement target density:       0.5279
[INFO GPL-0076] Removing fillers, count: Before: 164455, After: 163868 (-0.36%)
[INFO GPL-0077] Filler area (um^2)     : Before: 2509698.419, After: 2500740.388 (-0.36%)
[INFO GPL-0078] Removed fillers count: 587, area removed: 8958.031 um^2. Remaining area to be compensated by modifying density: 11.625 um^2
[INFO GPL-0058] White space area:           7551518.755 um^2 (+0.00%)
[INFO GPL-0059] Movable instances area:     3986779.275 um^2 (+0.00%)
[INFO GPL-0060] Total filler area:          2500740.388 um^2 (-0.36%)
[INFO GPL-0061] Total non-inflated area:    3986848.078 um^2 (+0.00%)
[INFO GPL-0062] Total inflated area:        3995817.735 um^2 (+0.00%)
[INFO GPL-0063] New Target Density:             0.5279
[INFO GPL-0087] Routability end iteration: increase inflation and revert back to snapshot.
Iteration | Overflow |     HPWL (um) |  HPWL(%) |   Penalty | Group
---------------------------------------------------------------
     1080 |   0.5830 |  6.816788e+06 |   +0.72% |  1.02e-09 |      
     1090 |   0.5525 |  7.027411e+06 |   +3.09% |  1.43e-09 |      
     1100 |   0.5142 |  6.989267e+06 |   -0.54% |  2.11e-09 |      
     1110 |   0.4745 |  6.932993e+06 |   -0.81% |  3.11e-09 |      
     1120 |   0.4350 |  6.923877e+06 |   -0.13% |  4.57e-09 |      
     1130 |   0.3975 |  6.896152e+06 |   -0.40% |  6.74e-09 |      
     1140 |   0.3620 |  6.862044e+06 |   -0.49% |  9.92e-09 |      
     1150 |   0.3270 |  6.814854e+06 |   -0.69% |  1.46e-08 |      
[INFO GPL-0040] Routability iteration: 10
[INFO GPL-0041] Total routing overflow: 202.6186
[INFO GPL-0042] Number of overflowed tiles: 3126 (0.92%)
[INFO GPL-0043] Average top 0.5% routing congestion: 1.1050
[INFO GPL-0044] Average top 1.0% routing congestion: 1.0595
[INFO GPL-0045] Average top 2.0% routing congestion: 1.0148
[INFO GPL-0046] Average top 5.0% routing congestion: 0.9541
[INFO GPL-0047] Routability iteration weighted routing congestion: 1.0823
[INFO GPL-0049] Routing congestion (1.0823) higher than minimum (1.0811). Consecutive non-improvement count: 2.
[INFO GPL-0051] Inflated area:                9287.359 um^2 (+0.62%)
[INFO GPL-0052] Placement target density:       0.5279
[INFO GPL-0076] Removing fillers, count: Before: 163868, After: 163260 (-0.37%)
[INFO GPL-0077] Filler area (um^2)     : Before: 2500740.388, After: 2491461.882 (-0.37%)
[INFO GPL-0078] Removed fillers count: 608, area removed: 9278.506 um^2. Remaining area to be compensated by modifying density: 8.854 um^2
[INFO GPL-0058] White space area:           7551518.755 um^2 (+0.00%)
[INFO GPL-0059] Movable instances area:     3986779.275 um^2 (+0.00%)
[INFO GPL-0060] Total filler area:          2491461.882 um^2 (-0.37%)
[INFO GPL-0061] Total non-inflated area:    3986856.933 um^2 (+0.00%)
[INFO GPL-0062] Total inflated area:        3996144.292 um^2 (+0.00%)
[INFO GPL-0063] New Target Density:             0.5279
[INFO GPL-0087] Routability end iteration: increase inflation and revert back to snapshot.
Iteration | Overflow |     HPWL (um) |  HPWL(%) |   Penalty | Group
---------------------------------------------------------------
     1160 |   0.6256 |  6.478650e+06 |   -4.93% |  9.12e-10 |      
     1170 |   0.5614 |  7.051582e+06 |   +8.84% |  1.27e-09 |      
     1180 |   0.5257 |  7.040610e+06 |   -0.16% |  1.87e-09 |      
     1190 |   0.4882 |  6.989370e+06 |   -0.73% |  2.75e-09 |      
     1200 |   0.4462 |  6.973982e+06 |   -0.22% |  4.05e-09 |      
     1210 |   0.4087 |  6.948773e+06 |   -0.36% |  5.97e-09 |      
     1220 |   0.3733 |  6.910519e+06 |   -0.55% |  8.79e-09 |      
     1230 |   0.3377 |  6.862811e+06 |   -0.69% |  1.30e-08 |      
     1240 |   0.3053 |  6.804761e+06 |   -0.85% |  1.91e-08 |      
[INFO GPL-0040] Routability iteration: 11
[INFO GPL-0041] Total routing overflow: 187.3714
[INFO GPL-0042] Number of overflowed tiles: 2900 (0.86%)
[INFO GPL-0043] Average top 0.5% routing congestion: 1.0997
[INFO GPL-0044] Average top 1.0% routing congestion: 1.0545
[INFO GPL-0045] Average top 2.0% routing congestion: 1.0104
[INFO GPL-0046] Average top 5.0% routing congestion: 0.9520
[INFO GPL-0047] Routability iteration weighted routing congestion: 1.0771
[INFO GPL-0048] Routing congestion (1.0771) lower than previous minimum (1.081). Updating minimum.
[INFO GPL-0051] Inflated area:                8440.347 um^2 (+0.56%)
[INFO GPL-0052] Placement target density:       0.5279
[INFO GPL-0076] Removing fillers, count: Before: 163260, After: 162707 (-0.34%)
[INFO GPL-0077] Filler area (um^2)     : Before: 2491461.882, After: 2483022.715 (-0.34%)
[INFO GPL-0078] Removed fillers count: 553, area removed: 8439.167 um^2. Remaining area to be compensated by modifying density: 1.180 um^2
[INFO GPL-0058] White space area:           7551518.755 um^2 (+0.00%)
[INFO GPL-0059] Movable instances area:     3986779.275 um^2 (+0.00%)
[INFO GPL-0060] Total filler area:          2483022.715 um^2 (-0.34%)
[INFO GPL-0061] Total non-inflated area:    3986858.112 um^2 (+0.00%)
[INFO GPL-0062] Total inflated area:        3995298.459 um^2 (+0.00%)
[INFO GPL-0063] New Target Density:             0.5279
[INFO GPL-0087] Routability end iteration: increase inflation and revert back to snapshot.
Iteration | Overflow |     HPWL (um) |  HPWL(%) |   Penalty | Group
---------------------------------------------------------------
     1250 |   0.5602 |  7.159845e+06 |   +5.22% |  1.13e-09 |      
     1260 |   0.5377 |  7.097073e+06 |   -0.88% |  1.66e-09 |      
     1270 |   0.4993 |  7.058455e+06 |   -0.54% |  2.44e-09 |      
     1280 |   0.4569 |  7.022906e+06 |   -0.50% |  3.59e-09 |      
     1290 |   0.4191 |  7.003827e+06 |   -0.27% |  5.29e-09 |      
     1300 |   0.3832 |  6.959154e+06 |   -0.64% |  7.79e-09 |      
     1310 |   0.3487 |  6.905819e+06 |   -0.77% |  1.15e-08 |      
     1320 |   0.3139 |  6.845526e+06 |   -0.87% |  1.69e-08 |      
[INFO GPL-0040] Routability iteration: 12
[INFO GPL-0041] Total routing overflow: 168.4473
[INFO GPL-0042] Number of overflowed tiles: 2945 (0.87%)
[INFO GPL-0043] Average top 0.5% routing congestion: 1.0886
[INFO GPL-0044] Average top 1.0% routing congestion: 1.0491
[INFO GPL-0045] Average top 2.0% routing congestion: 1.0092
[INFO GPL-0046] Average top 5.0% routing congestion: 0.9522
[INFO GPL-0047] Routability iteration weighted routing congestion: 1.0689
[INFO GPL-0048] Routing congestion (1.0689) lower than previous minimum (1.077). Updating minimum.
[INFO GPL-0051] Inflated area:                8277.294 um^2 (+0.55%)
[INFO GPL-0052] Placement target density:       0.5279
[INFO GPL-0076] Removing fillers, count: Before: 162707, After: 162165 (-0.33%)
[INFO GPL-0077] Filler area (um^2)     : Before: 2483022.715, After: 2474751.416 (-0.33%)
[INFO GPL-0078] Removed fillers count: 542, area removed: 8271.299 um^2. Remaining area to be compensated by modifying density: 5.994 um^2
[INFO GPL-0058] White space area:           7551518.755 um^2 (+0.00%)
[INFO GPL-0059] Movable instances area:     3986779.275 um^2 (+0.00%)
[INFO GPL-0060] Total filler area:          2474751.416 um^2 (-0.33%)
[INFO GPL-0061] Total non-inflated area:    3986864.107 um^2 (+0.00%)
[INFO GPL-0062] Total inflated area:        3995141.400 um^2 (+0.00%)
[INFO GPL-0063] New Target Density:             0.5279
[INFO GPL-0087] Routability end iteration: increase inflation and revert back to snapshot.
Iteration | Overflow |     HPWL (um) |  HPWL(%) |   Penalty | Group
---------------------------------------------------------------
     1330 |   0.5714 |  7.036664e+06 |   +2.79% |  1.02e-09 |      
     1340 |   0.5531 |  7.185373e+06 |   +2.11% |  1.47e-09 |      
     1350 |   0.5117 |  7.131157e+06 |   -0.75% |  2.16e-09 |      
     1360 |   0.4705 |  7.074720e+06 |   -0.79% |  3.18e-09 |      
     1370 |   0.4305 |  7.050632e+06 |   -0.34% |  4.68e-09 |      
     1380 |   0.3922 |  7.013819e+06 |   -0.52% |  6.90e-09 |      
     1390 |   0.3603 |  6.952572e+06 |   -0.87% |  1.02e-08 |      
     1400 |   0.3260 |  6.888648e+06 |   -0.92% |  1.50e-08 |      
[INFO GPL-0040] Routability iteration: 13
[INFO GPL-0041] Total routing overflow: 176.4244
[INFO GPL-0042] Number of overflowed tiles: 2805 (0.83%)
[INFO GPL-0043] Average top 0.5% routing congestion: 1.0948
[INFO GPL-0044] Average top 1.0% routing congestion: 1.0511
[INFO GPL-0045] Average top 2.0% routing congestion: 1.0085
[INFO GPL-0046] Average top 5.0% routing congestion: 0.9514
[INFO GPL-0047] Routability iteration weighted routing congestion: 1.0729
[INFO GPL-0049] Routing congestion (1.0729) higher than minimum (1.0689). Consecutive non-improvement count: 1.
[INFO GPL-0051] Inflated area:                8405.710 um^2 (+0.56%)
[INFO GPL-0052] Placement target density:       0.5279
[INFO GPL-0076] Removing fillers, count: Before: 162165, After: 161615 (-0.34%)
[INFO GPL-0077] Filler area (um^2)     : Before: 2474751.416, After: 2466358.030 (-0.34%)
[INFO GPL-0078] Removed fillers count: 550, area removed: 8393.385 um^2. Remaining area to be compensated by modifying density: 12.325 um^2
[INFO GPL-0058] White space area:           7551518.755 um^2 (+0.00%)
[INFO GPL-0059] Movable instances area:     3986779.275 um^2 (+0.00%)
[INFO GPL-0060] Total filler area:          2466358.030 um^2 (-0.34%)
[INFO GPL-0061] Total non-inflated area:    3986876.432 um^2 (+0.00%)
[INFO GPL-0062] Total inflated area:        3995282.142 um^2 (+0.00%)
[INFO GPL-0063] New Target Density:             0.5279
[INFO GPL-0087] Routability end iteration: increase inflation and revert back to snapshot.
Iteration | Overflow |     HPWL (um) |  HPWL(%) |   Penalty | Group
---------------------------------------------------------------
     1410 |   0.6310 |  6.478650e+06 |   -5.95% |  9.12e-10 |      
     1420 |   0.5632 |  7.221682e+06 |  +11.47% |  1.25e-09 |      
     1430 |   0.5268 |  7.191503e+06 |   -0.42% |  1.84e-09 |      
     1440 |   0.4888 |  7.136200e+06 |   -0.77% |  2.71e-09 |      
     1450 |   0.4467 |  7.092663e+06 |   -0.61% |  3.99e-09 |      
     1460 |   0.4092 |  7.068597e+06 |   -0.34% |  5.88e-09 |      
     1470 |   0.3752 |  7.009060e+06 |   -0.84% |  8.66e-09 |      
     1480 |   0.3402 |  6.947816e+06 |   -0.87% |  1.28e-08 |      
     1490 |   0.3067 |  6.884298e+06 |   -0.91% |  1.88e-08 |      
[INFO GPL-0040] Routability iteration: 14
[INFO GPL-0041] Total routing overflow: 186.6429
[INFO GPL-0042] Number of overflowed tiles: 2807 (0.83%)
[INFO GPL-0043] Average top 0.5% routing congestion: 1.1004
[INFO GPL-0044] Average top 1.0% routing congestion: 1.0541
[INFO GPL-0045] Average top 2.0% routing congestion: 1.0104
[INFO GPL-0046] Average top 5.0% routing congestion: 0.9524
[INFO GPL-0047] Routability iteration weighted routing congestion: 1.0772
[INFO GPL-0049] Routing congestion (1.0772) higher than minimum (1.0689). Consecutive non-improvement count: 2.
[INFO GPL-0051] Inflated area:                8575.695 um^2 (+0.56%)
[INFO GPL-0052] Placement target density:       0.5279
[INFO GPL-0076] Removing fillers, count: Before: 161615, After: 161054 (-0.35%)
[INFO GPL-0077] Filler area (um^2)     : Before: 2466358.030, After: 2457796.778 (-0.35%)
[INFO GPL-0078] Removed fillers count: 561, area removed: 8561.253 um^2. Remaining area to be compensated by modifying density: 14.442 um^2
[INFO GPL-0058] White space area:           7551518.755 um^2 (+0.00%)
[INFO GPL-0059] Movable instances area:     3986779.275 um^2 (+0.00%)
[INFO GPL-0060] Total filler area:          2457796.778 um^2 (-0.35%)
[INFO GPL-0061] Total non-inflated area:    3986890.874 um^2 (+0.00%)
[INFO GPL-0062] Total inflated area:        3995466.570 um^2 (+0.00%)
[INFO GPL-0063] New Target Density:             0.5279
[INFO GPL-0087] Routability end iteration: increase inflation and revert back to snapshot.
Iteration | Overflow |     HPWL (um) |  HPWL(%) |   Penalty | Group
---------------------------------------------------------------
     1500 |   0.5599 |  7.358345e+06 |   +6.89% |  1.11e-09 |      
     1510 |   0.5391 |  7.262651e+06 |   -1.30% |  1.63e-09 |      
     1520 |   0.5012 |  7.216794e+06 |   -0.63% |  2.40e-09 |      
     1530 |   0.4557 |  7.156983e+06 |   -0.83% |  3.53e-09 |      
     1540 |   0.4194 |  7.130974e+06 |   -0.36% |  5.20e-09 |      
     1550 |   0.3828 |  7.073848e+06 |   -0.80% |  7.66e-09 |      
     1560 |   0.3505 |  7.007028e+06 |   -0.94% |  1.13e-08 |      
     1570 |   0.3167 |  6.932213e+06 |   -1.07% |  1.66e-08 |      
[INFO GPL-0040] Routability iteration: 15
[INFO GPL-0041] Total routing overflow: 150.0417
[INFO GPL-0042] Number of overflowed tiles: 2486 (0.73%)
[INFO GPL-0043] Average top 0.5% routing congestion: 1.0839
[INFO GPL-0044] Average top 1.0% routing congestion: 1.0419
[INFO GPL-0045] Average top 2.0% routing congestion: 1.0021
[INFO GPL-0046] Average top 5.0% routing congestion: 0.9483
[INFO GPL-0047] Routability iteration weighted routing congestion: 1.0629
[INFO GPL-0048] Routing congestion (1.0629) lower than previous minimum (1.069). Updating minimum.
[INFO GPL-0051] Inflated area:                7450.677 um^2 (+0.49%)
[INFO GPL-0052] Placement target density:       0.5279
[INFO GPL-0076] Removing fillers, count: Before: 161054, After: 160566 (-0.30%)
[INFO GPL-0077] Filler area (um^2)     : Before: 2457796.778, After: 2450349.556 (-0.30%)
[INFO GPL-0078] Removed fillers count: 488, area removed: 7447.222 um^2. Remaining area to be compensated by modifying density: 3.456 um^2
[INFO GPL-0058] White space area:           7551518.755 um^2 (+0.00%)
[INFO GPL-0059] Movable instances area:     3986779.275 um^2 (+0.00%)
[INFO GPL-0060] Total filler area:          2450349.556 um^2 (-0.30%)
[INFO GPL-0061] Total non-inflated area:    3986894.330 um^2 (+0.00%)
[INFO GPL-0062] Total inflated area:        3994345.007 um^2 (+0.00%)
[INFO GPL-0063] New Target Density:             0.5279
[INFO GPL-0087] Routability end iteration: increase inflation and revert back to snapshot.
Iteration | Overflow |     HPWL (um) |  HPWL(%) |   Penalty | Group
---------------------------------------------------------------
     1580 |   0.5805 |  7.095524e+06 |   +2.36% |  1.01e-09 |      
     1590 |   0.5588 |  7.366034e+06 |   +3.81% |  1.39e-09 |      
     1600 |   0.5143 |  7.300918e+06 |   -0.88% |  2.04e-09 |      
     1610 |   0.4737 |  7.226040e+06 |   -1.03% |  3.01e-09 |      
     1620 |   0.4364 |  7.173740e+06 |   -0.72% |  4.43e-09 |      
     1630 |   0.3986 |  7.138466e+06 |   -0.49% |  6.52e-09 |      
     1640 |   0.3627 |  7.069682e+06 |   -0.96% |  9.61e-09 |      
     1650 |   0.3288 |  6.995291e+06 |   -1.05% |  1.42e-08 |      
     1660 |   0.2965 |  6.924240e+06 |   -1.02% |  2.08e-08 |      
[INFO GPL-0040] Routability iteration: 16
[INFO GPL-0041] Total routing overflow: 143.3109
[INFO GPL-0042] Number of overflowed tiles: 2526 (0.74%)
[INFO GPL-0043] Average top 0.5% routing congestion: 1.0797
[INFO GPL-0044] Average top 1.0% routing congestion: 1.0402
[INFO GPL-0045] Average top 2.0% routing congestion: 1.0018
[INFO GPL-0046] Average top 5.0% routing congestion: 0.9486
[INFO GPL-0047] Routability iteration weighted routing congestion: 1.0600
[INFO GPL-0048] Routing congestion (1.0600) lower than previous minimum (1.063). Updating minimum.
[INFO GPL-0051] Inflated area:                7470.082 um^2 (+0.49%)
[INFO GPL-0052] Placement target density:       0.5279
[INFO GPL-0076] Removing fillers, count: Before: 160566, After: 160077 (-0.30%)
[INFO GPL-0077] Filler area (um^2)     : Before: 2450349.556, After: 2442887.074 (-0.30%)
[INFO GPL-0078] Removed fillers count: 489, area removed: 7462.482 um^2. Remaining area to be compensated by modifying density: 7.599 um^2
[INFO GPL-0058] White space area:           7551518.755 um^2 (+0.00%)
[INFO GPL-0059] Movable instances area:     3986779.275 um^2 (+0.00%)
[INFO GPL-0060] Total filler area:          2442887.074 um^2 (-0.30%)
[INFO GPL-0061] Total non-inflated area:    3986901.929 um^2 (+0.00%)
[INFO GPL-0062] Total inflated area:        3994372.011 um^2 (+0.00%)
[INFO GPL-0063] New Target Density:             0.5279
[INFO GPL-0087] Routability end iteration: increase inflation and revert back to snapshot.
Iteration | Overflow |     HPWL (um) |  HPWL(%) |   Penalty | Group
---------------------------------------------------------------
     1670 |   0.5629 |  7.430102e+06 |   +7.31% |  1.18e-09 |      
     1680 |   0.5310 |  7.349527e+06 |   -1.08% |  1.74e-09 |      
     1690 |   0.4933 |  7.298254e+06 |   -0.70% |  2.56e-09 |      
     1700 |   0.4489 |  7.222604e+06 |   -1.04% |  3.77e-09 |      
     1710 |   0.4154 |  7.190591e+06 |   -0.44% |  5.55e-09 |      
     1720 |   0.3785 |  7.136970e+06 |   -0.75% |  8.18e-09 |      
     1730 |   0.3430 |  7.054813e+06 |   -1.15% |  1.20e-08 |      
     1740 |   0.3118 |  6.979464e+06 |   -1.07% |  1.78e-08 |      
[INFO GPL-0040] Routability iteration: 17
[INFO GPL-0041] Total routing overflow: 151.8337
[INFO GPL-0042] Number of overflowed tiles: 2711 (0.80%)
[INFO GPL-0043] Average top 0.5% routing congestion: 1.0828
[INFO GPL-0044] Average top 1.0% routing congestion: 1.0436
[INFO GPL-0045] Average top 2.0% routing congestion: 1.0041
[INFO GPL-0046] Average top 5.0% routing congestion: 0.9495
[INFO GPL-0047] Routability iteration weighted routing congestion: 1.0632
[INFO GPL-0049] Routing congestion (1.0632) higher than minimum (1.0600). Consecutive non-improvement count: 1.
[INFO GPL-0051] Inflated area:                8042.998 um^2 (+0.52%)
[INFO GPL-0052] Placement target density:       0.5279
[INFO GPL-0076] Removing fillers, count: Before: 160077, After: 159550 (-0.33%)
[INFO GPL-0077] Filler area (um^2)     : Before: 2442887.074, After: 2434844.685 (-0.33%)
[INFO GPL-0078] Removed fillers count: 527, area removed: 8042.389 um^2. Remaining area to be compensated by modifying density: 0.609 um^2
[INFO GPL-0058] White space area:           7551518.755 um^2 (+0.00%)
[INFO GPL-0059] Movable instances area:     3986779.275 um^2 (+0.00%)
[INFO GPL-0060] Total filler area:          2434844.685 um^2 (-0.33%)
[INFO GPL-0061] Total non-inflated area:    3986902.538 um^2 (+0.00%)
[INFO GPL-0062] Total inflated area:        3994945.536 um^2 (+0.00%)
[INFO GPL-0063] New Target Density:             0.5279
[INFO GPL-0087] Routability end iteration: increase inflation and revert back to snapshot.
Iteration | Overflow |     HPWL (um) |  HPWL(%) |   Penalty | Group
---------------------------------------------------------------
     1750 |   0.5628 |  7.332461e+06 |   +5.06% |  1.02e-09 |      
     1760 |   0.5533 |  7.456512e+06 |   +1.69% |  1.47e-09 |      
     1770 |   0.5081 |  7.386875e+06 |   -0.93% |  2.17e-09 |      
     1780 |   0.4670 |  7.295807e+06 |   -1.23% |  3.19e-09 |      
     1790 |   0.4303 |  7.243658e+06 |   -0.71% |  4.70e-09 |      
     1800 |   0.3911 |  7.212936e+06 |   -0.42% |  6.92e-09 |      
     1810 |   0.3563 |  7.136798e+06 |   -1.06% |  1.02e-08 |      
     1820 |   0.3243 |  7.042518e+06 |   -1.32% |  1.50e-08 |      
[INFO GPL-0040] Routability iteration: 18
[INFO GPL-0041] Total routing overflow: 142.3064
[INFO GPL-0042] Number of overflowed tiles: 2542 (0.75%)
[INFO GPL-0043] Average top 0.5% routing congestion: 1.0787
[INFO GPL-0044] Average top 1.0% routing congestion: 1.0400
[INFO GPL-0045] Average top 2.0% routing congestion: 1.0011
[INFO GPL-0046] Average top 5.0% routing congestion: 0.9476
[INFO GPL-0047] Routability iteration weighted routing congestion: 1.0594
[INFO GPL-0049] Routing congestion (1.0594) higher than minimum (1.0600). Consecutive non-improvement count: 2.
[INFO GPL-0051] Inflated area:                7922.626 um^2 (+0.51%)
[INFO GPL-0052] Placement target density:       0.5279
[INFO GPL-0076] Removing fillers, count: Before: 159550, After: 159031 (-0.33%)
[INFO GPL-0077] Filler area (um^2)     : Before: 2434844.685, After: 2426924.382 (-0.33%)
[INFO GPL-0078] Removed fillers count: 519, area removed: 7920.303 um^2. Remaining area to be compensated by modifying density: 2.323 um^2
[INFO GPL-0058] White space area:           7551518.755 um^2 (+0.00%)
[INFO GPL-0059] Movable instances area:     3986779.275 um^2 (+0.00%)
[INFO GPL-0060] Total filler area:          2426924.382 um^2 (-0.33%)
[INFO GPL-0061] Total non-inflated area:    3986904.861 um^2 (+0.00%)
[INFO GPL-0062] Total inflated area:        3994827.488 um^2 (+0.00%)
[INFO GPL-0063] New Target Density:             0.5279
[INFO GPL-0087] Routability end iteration: increase inflation and revert back to snapshot.
Iteration | Overflow |     HPWL (um) |  HPWL(%) |   Penalty | Group
---------------------------------------------------------------
     1830 |   0.6245 |  6.457116e+06 |   -8.31% |  9.48e-10 |      
     1840 |   0.5666 |  7.523510e+06 |  +16.52% |  1.25e-09 |      
     1850 |   0.5230 |  7.474434e+06 |   -0.65% |  1.84e-09 |      
     1860 |   0.4856 |  7.383576e+06 |   -1.22% |  2.71e-09 |      
     1870 |   0.4452 |  7.294326e+06 |   -1.21% |  4.00e-09 |      
     1880 |   0.4060 |  7.265398e+06 |   -0.40% |  5.89e-09 |      
     1890 |   0.3691 |  7.209477e+06 |   -0.77% |  8.67e-09 |      
     1900 |   0.3362 |  7.116565e+06 |   -1.29% |  1.28e-08 |      
     1910 |   0.3063 |  7.026763e+06 |   -1.26% |  1.88e-08 |      
[INFO GPL-0040] Routability iteration: 19
[INFO GPL-0041] Total routing overflow: 130.4772
[INFO GPL-0042] Number of overflowed tiles: 2460 (0.73%)
[INFO GPL-0043] Average top 0.5% routing congestion: 1.0729
[INFO GPL-0044] Average top 1.0% routing congestion: 1.0362
[INFO GPL-0045] Average top 2.0% routing congestion: 0.9990
[INFO GPL-0046] Average top 5.0% routing congestion: 0.9473
[INFO GPL-0047] Routability iteration weighted routing congestion: 1.0545
[INFO GPL-0048] Routing congestion (1.0545) lower than previous minimum (1.06). Updating minimum.
[INFO GPL-0051] Inflated area:                6784.088 um^2 (+0.43%)
[INFO GPL-0052] Placement target density:       0.5279
[INFO GPL-0076] Removing fillers, count: Before: 159031, After: 158587 (-0.28%)
[INFO GPL-0077] Filler area (um^2)     : Before: 2426924.382, After: 2420148.631 (-0.28%)
[INFO GPL-0078] Removed fillers count: 444, area removed: 6775.751 um^2. Remaining area to be compensated by modifying density: 8.337 um^2
[INFO GPL-0058] White space area:           7551518.755 um^2 (+0.00%)
[INFO GPL-0059] Movable instances area:     3986779.275 um^2 (+0.00%)
[INFO GPL-0060] Total filler area:          2420148.631 um^2 (-0.28%)
[INFO GPL-0061] Total non-inflated area:    3986913.198 um^2 (+0.00%)
[INFO GPL-0062] Total inflated area:        3993697.286 um^2 (+0.00%)
[INFO GPL-0063] New Target Density:             0.5279
[INFO GPL-0087] Routability end iteration: increase inflation and revert back to snapshot.
Iteration | Overflow |     HPWL (um) |  HPWL(%) |   Penalty | Group
---------------------------------------------------------------
     1920 |   0.5585 |  7.675376e+06 |   +9.23% |  1.09e-09 |      
     1930 |   0.5435 |  7.518912e+06 |   -2.04% |  1.57e-09 |      
     1940 |   0.5014 |  7.479007e+06 |   -0.53% |  2.31e-09 |      
     1950 |   0.4576 |  7.360318e+06 |   -1.59% |  3.41e-09 |      
     1960 |   0.4213 |  7.324341e+06 |   -0.49% |  5.02e-09 |      
     1970 |   0.3821 |  7.279842e+06 |   -0.61% |  7.39e-09 |      
     1980 |   0.3509 |  7.187091e+06 |   -1.27% |  1.09e-08 |      
     1990 |   0.3179 |  7.091502e+06 |   -1.33% |  1.60e-08 |      
[INFO GPL-0040] Routability iteration: 20
[INFO GPL-0041] Total routing overflow: 144.7260
[INFO GPL-0042] Number of overflowed tiles: 2596 (0.77%)
[INFO GPL-0043] Average top 0.5% routing congestion: 1.0798
[INFO GPL-0044] Average top 1.0% routing congestion: 1.0408
[INFO GPL-0045] Average top 2.0% routing congestion: 1.0015
[INFO GPL-0046] Average top 5.0% routing congestion: 0.9484
[INFO GPL-0047] Routability iteration weighted routing congestion: 1.0603
[INFO GPL-0049] Routing congestion (1.0603) higher than minimum (1.0545). Consecutive non-improvement count: 1.
[INFO GPL-0051] Inflated area:                7688.126 um^2 (+0.49%)
[INFO GPL-0052] Placement target density:       0.5279
[INFO GPL-0076] Removing fillers, count: Before: 158587, After: 158084 (-0.32%)
[INFO GPL-0077] Filler area (um^2)     : Before: 2420148.631, After: 2412472.499 (-0.32%)
[INFO GPL-0078] Removed fillers count: 503, area removed: 7676.132 um^2. Remaining area to be compensated by modifying density: 11.994 um^2
[INFO GPL-0058] White space area:           7551518.755 um^2 (+0.00%)
[INFO GPL-0059] Movable instances area:     3986779.275 um^2 (+0.00%)
[INFO GPL-0060] Total filler area:          2412472.499 um^2 (-0.32%)
[INFO GPL-0061] Total non-inflated area:    3986925.192 um^2 (+0.00%)
[INFO GPL-0062] Total inflated area:        3994613.319 um^2 (+0.00%)
[INFO GPL-0063] New Target Density:             0.5279
[INFO GPL-0087] Routability end iteration: increase inflation and revert back to snapshot.
Iteration | Overflow |     HPWL (um) |  HPWL(%) |   Penalty | Group
---------------------------------------------------------------
     2000 |   0.5771 |  7.294773e+06 |   +2.87% |  9.92e-10 |      
     2010 |   0.5635 |  7.648673e+06 |   +4.85% |  1.34e-09 |      
     2020 |   0.5145 |  7.578352e+06 |   -0.92% |  1.96e-09 |      
     2030 |   0.4773 |  7.453732e+06 |   -1.64% |  2.89e-09 |      
     2040 |   0.4404 |  7.375179e+06 |   -1.05% |  4.26e-09 |      
     2050 |   0.3985 |  7.338715e+06 |   -0.49% |  6.27e-09 |      
     2060 |   0.3630 |  7.268541e+06 |   -0.96% |  9.24e-09 |      
     2070 |   0.3311 |  7.159312e+06 |   -1.50% |  1.36e-08 |      
     2080 |   0.2993 |  7.076086e+06 |   -1.16% |  2.01e-08 |      
[INFO GPL-0040] Routability iteration: 21
[INFO GPL-0041] Total routing overflow: 144.4234
[INFO GPL-0042] Number of overflowed tiles: 2564 (0.76%)
[INFO GPL-0043] Average top 0.5% routing congestion: 1.0797
[INFO GPL-0044] Average top 1.0% routing congestion: 1.0407
[INFO GPL-0045] Average top 2.0% routing congestion: 1.0015
[INFO GPL-0046] Average top 5.0% routing congestion: 0.9488
[INFO GPL-0047] Routability iteration weighted routing congestion: 1.0602
[INFO GPL-0049] Routing congestion (1.0602) higher than minimum (1.0545). Consecutive non-improvement count: 2.
[INFO GPL-0051] Inflated area:                7150.549 um^2 (+0.45%)
[INFO GPL-0052] Placement target density:       0.5279
[INFO GPL-0076] Removing fillers, count: Before: 158084, After: 157616 (-0.30%)
[INFO GPL-0077] Filler area (um^2)     : Before: 2412472.499, After: 2405330.491 (-0.30%)
[INFO GPL-0078] Removed fillers count: 468, area removed: 7142.008 um^2. Remaining area to be compensated by modifying density: 8.541 um^2
[INFO GPL-0058] White space area:           7551518.755 um^2 (+0.00%)
[INFO GPL-0059] Movable instances area:     3986779.275 um^2 (+0.00%)
[INFO GPL-0060] Total filler area:          2405330.491 um^2 (-0.30%)
[INFO GPL-0061] Total non-inflated area:    3986933.734 um^2 (+0.00%)
[INFO GPL-0062] Total inflated area:        3994084.283 um^2 (+0.00%)
[INFO GPL-0063] New Target Density:             0.5279
[INFO GPL-0087] Routability end iteration: increase inflation and revert back to snapshot.
Iteration | Overflow |     HPWL (um) |  HPWL(%) |   Penalty | Group
---------------------------------------------------------------
     2090 |   0.5634 |  7.793229e+06 |  +10.13% |  1.14e-09 |      
     2100 |   0.5335 |  7.621715e+06 |   -2.20% |  1.67e-09 |      
     2110 |   0.4944 |  7.569979e+06 |   -0.68% |  2.46e-09 |      
     2120 |   0.4548 |  7.431119e+06 |   -1.83% |  3.62e-09 |      
     2130 |   0.4148 |  7.387710e+06 |   -0.58% |  5.33e-09 |      
     2140 |   0.3765 |  7.332077e+06 |   -0.75% |  7.85e-09 |      
     2150 |   0.3457 |  7.226305e+06 |   -1.44% |  1.16e-08 |      
     2160 |   0.3117 |  7.132941e+06 |   -1.29% |  1.70e-08 |      
[INFO GPL-0040] Routability iteration: 22
[INFO GPL-0041] Total routing overflow: 144.9550
[INFO GPL-0042] Number of overflowed tiles: 2524 (0.74%)
[INFO GPL-0043] Average top 0.5% routing congestion: 1.0802
[INFO GPL-0044] Average top 1.0% routing congestion: 1.0406
[INFO GPL-0045] Average top 2.0% routing congestion: 1.0010
[INFO GPL-0046] Average top 5.0% routing congestion: 0.9485
[INFO GPL-0047] Routability iteration weighted routing congestion: 1.0604
[INFO GPL-0049] Routing congestion (1.0604) higher than minimum (1.0545). Consecutive non-improvement count: 3.
[INFO GPL-0051] Inflated area:                7036.738 um^2 (+0.44%)
[INFO GPL-0052] Placement target density:       0.5279
[INFO GPL-0076] Removing fillers, count: Before: 157616, After: 157155 (-0.29%)
[INFO GPL-0077] Filler area (um^2)     : Before: 2405330.491, After: 2398295.308 (-0.29%)
[INFO GPL-0078] Removed fillers count: 461, area removed: 7035.183 um^2. Remaining area to be compensated by modifying density: 1.556 um^2
[INFO GPL-0054] No improvement in routing congestion for 3 consecutive iterations (limit is 3).
[INFO GPL-0055] Reverting inflation values and target density from the iteration with minimum observed routing congestion.
[INFO GPL-0056] Minimum observed routing congestion: 1.0545
[INFO GPL-0057] Target density at minimum routing congestion: 0.5279
[INFO GPL-0080] Restoring 1876 previously removed fillers.
[INFO GPL-0081] Number of fillers before restoration 157155 and after 159031 . Relative change: +1.19%%
[INFO GPL-0082] Total filler area before restoration 2398295.31 and after 2426924.38 (um^2). Relative change: +1.19%%
[INFO GPL-0089] Routability finished. Reverting to minimal observed routing congestion, could not reach target.
Iteration | Overflow |     HPWL (um) |  HPWL(%) |   Penalty | Group
---------------------------------------------------------------
     2170 |   0.5585 |  7.372493e+06 |   +3.36% |  1.02e-09 |      
     2180 |   0.5496 |  7.500257e+06 |   +1.73% |  1.47e-09 |      
     2190 |   0.5034 |  7.443230e+06 |   -0.76% |  2.16e-09 |      
     2200 |   0.4625 |  7.348000e+06 |   -1.28% |  3.18e-09 |      
     2210 |   0.4254 |  7.288440e+06 |   -0.81% |  4.68e-09 |      
     2220 |   0.3869 |  7.251428e+06 |   -0.51% |  6.90e-09 |      
     2230 |   0.3544 |  7.169574e+06 |   -1.13% |  1.02e-08 |      
     2240 |   0.3197 |  7.075889e+06 |   -1.31% |  1.50e-08 |      
     2250 |   0.2885 |  6.999537e+06 |   -1.08% |  2.20e-08 |      
     2260 |   0.2600 |  6.929645e+06 |   -1.00% |  3.25e-08 |      
     2270 |   0.2318 |  6.873376e+06 |   -0.81% |  4.78e-08 |      
     2280 |   0.2060 |  6.827304e+06 |   -0.67% |  7.05e-08 |      
     2290 |   0.1844 |  6.752251e+06 |   -1.10% |  1.04e-07 |      
     2300 |   0.1609 |  6.753014e+06 |   +0.01% |  1.53e-07 |      
     2310 |   0.1404 |  6.752947e+06 |   -0.00% |  2.25e-07 |      
     2320 |   0.1223 |  6.754281e+06 |   +0.02% |  3.32e-07 |      
     2330 |   0.1079 |  6.760231e+06 |   +0.09% |  4.89e-07 |      
     2336 |   0.1000 |  6.766310e+06 |          |  6.40e-07 |      
---------------------------------------------------------------
[INFO GPL-1001] Global placement finished at iteration 2336
[INFO GPL-1003] Routability mode iteration count: 1881
[INFO GPL-1005] Routability final weighted congestion: 1.0341
[INFO GPL-1002] Placed Cell Area            1581603.2427
[INFO GPL-1003] Available Free Area         7551518.7552
[INFO GPL-1004] Minimum Feasible Density        0.1800 (cell_area / free_area)
[INFO GPL-1006]   Suggested Target Densities:
[INFO GPL-1007]     - For 90% usage of free space: 0.2327
[INFO GPL-1008]     - For 80% usage of free space: 0.2618
[INFO GPL-1009]     - For 50% usage of free space: 0.4189
[INFO GPL-1011] Original area (um^2): 1358293.25
[INFO GPL-1012] Total routability artificial inflation: 201687.23 (+14.85%)
[INFO GPL-1014] Final placement area: 1581603.24 (+16.44%)
Setting global connections for newly added cells…
[INFO] Setting global connections...
u_core.u_cf_sram_b0 matched with u_core.u_cf_sram_b0
u_core.u_cf_sram_b0 matched with u_core.u_cf_sram_b0
u_core.u_cf_sram_b0 matched with u_core.u_cf_sram_b0
u_core.u_cf_sram_b0 matched with u_core.u_cf_sram_b0
u_core.u_cf_sram_b1 matched with u_core.u_cf_sram_b1
u_core.u_cf_sram_b1 matched with u_core.u_cf_sram_b1
u_core.u_cf_sram_b1 matched with u_core.u_cf_sram_b1
u_core.u_cf_sram_b1 matched with u_core.u_cf_sram_b1
u_core.u_cf_sram_b2 matched with u_core.u_cf_sram_b2
u_core.u_cf_sram_b2 matched with u_core.u_cf_sram_b2
u_core.u_cf_sram_b2 matched with u_core.u_cf_sram_b2
u_core.u_cf_sram_b2 matched with u_core.u_cf_sram_b2
u_core.u_cf_sram_b3 matched with u_core.u_cf_sram_b3
u_core.u_cf_sram_b3 matched with u_core.u_cf_sram_b3
u_core.u_cf_sram_b3 matched with u_core.u_cf_sram_b3
u_core.u_cf_sram_b3 matched with u_core.u_cf_sram_b3
u_core.u_cf_sram_b4 matched with u_core.u_cf_sram_b4
u_core.u_cf_sram_b4 matched with u_core.u_cf_sram_b4
u_core.u_cf_sram_b4 matched with u_core.u_cf_sram_b4
u_core.u_cf_sram_b4 matched with u_core.u_cf_sram_b4
u_core.u_cf_sram_b5 matched with u_core.u_cf_sram_b5
u_core.u_cf_sram_b5 matched with u_core.u_cf_sram_b5
u_core.u_cf_sram_b5 matched with u_core.u_cf_sram_b5
u_core.u_cf_sram_b5 matched with u_core.u_cf_sram_b5
u_core.u_cf_sram_b6 matched with u_core.u_cf_sram_b6
u_core.u_cf_sram_b6 matched with u_core.u_cf_sram_b6
u_core.u_cf_sram_b6 matched with u_core.u_cf_sram_b6
u_core.u_cf_sram_b6 matched with u_core.u_cf_sram_b6
u_core.u_cf_sram_b7 matched with u_core.u_cf_sram_b7
u_core.u_cf_sram_b7 matched with u_core.u_cf_sram_b7
u_core.u_cf_sram_b7 matched with u_core.u_cf_sram_b7
u_core.u_cf_sram_b7 matched with u_core.u_cf_sram_b7
u_core.u_cf_sram_b8 matched with u_core.u_cf_sram_b8
u_core.u_cf_sram_b8 matched with u_core.u_cf_sram_b8
u_core.u_cf_sram_b8 matched with u_core.u_cf_sram_b8
u_core.u_cf_sram_b8 matched with u_core.u_cf_sram_b8
u_core.u_cf_sram_b9 matched with u_core.u_cf_sram_b9
u_core.u_cf_sram_b9 matched with u_core.u_cf_sram_b9
u_core.u_cf_sram_b9 matched with u_core.u_cf_sram_b9
u_core.u_cf_sram_b9 matched with u_core.u_cf_sram_b9
u_core.u_cf_sram_b10 matched with u_core.u_cf_sram_b10
u_core.u_cf_sram_b10 matched with u_core.u_cf_sram_b10
u_core.u_cf_sram_b10 matched with u_core.u_cf_sram_b10
u_core.u_cf_sram_b10 matched with u_core.u_cf_sram_b10
u_core.u_cf_sram_b11 matched with u_core.u_cf_sram_b11
u_core.u_cf_sram_b11 matched with u_core.u_cf_sram_b11
u_core.u_cf_sram_b11 matched with u_core.u_cf_sram_b11
u_core.u_cf_sram_b11 matched with u_core.u_cf_sram_b11
u_core.u_cf_sram_b12 matched with u_core.u_cf_sram_b12
u_core.u_cf_sram_b12 matched with u_core.u_cf_sram_b12
u_core.u_cf_sram_b12 matched with u_core.u_cf_sram_b12
u_core.u_cf_sram_b12 matched with u_core.u_cf_sram_b12
u_core.u_cf_sram_b13 matched with u_core.u_cf_sram_b13
u_core.u_cf_sram_b13 matched with u_core.u_cf_sram_b13
u_core.u_cf_sram_b13 matched with u_core.u_cf_sram_b13
u_core.u_cf_sram_b13 matched with u_core.u_cf_sram_b13
u_core.u_cf_sram_b14 matched with u_core.u_cf_sram_b14
u_core.u_cf_sram_b14 matched with u_core.u_cf_sram_b14
u_core.u_cf_sram_b14 matched with u_core.u_cf_sram_b14
u_core.u_cf_sram_b14 matched with u_core.u_cf_sram_b14
u_core.u_cf_sram_b15 matched with u_core.u_cf_sram_b15
u_core.u_cf_sram_b15 matched with u_core.u_cf_sram_b15
u_core.u_cf_sram_b15 matched with u_core.u_cf_sram_b15
u_core.u_cf_sram_b15 matched with u_core.u_cf_sram_b15
u_core.u_cf_sram_b16 matched with u_core.u_cf_sram_b16
u_core.u_cf_sram_b16 matched with u_core.u_cf_sram_b16
u_core.u_cf_sram_b16 matched with u_core.u_cf_sram_b16
u_core.u_cf_sram_b16 matched with u_core.u_cf_sram_b16
u_core.u_cf_sram_b17 matched with u_core.u_cf_sram_b17
u_core.u_cf_sram_b17 matched with u_core.u_cf_sram_b17
u_core.u_cf_sram_b17 matched with u_core.u_cf_sram_b17
u_core.u_cf_sram_b17 matched with u_core.u_cf_sram_b17
u_core.u_cf_sram_b18 matched with u_core.u_cf_sram_b18
u_core.u_cf_sram_b18 matched with u_core.u_cf_sram_b18
u_core.u_cf_sram_b18 matched with u_core.u_cf_sram_b18
u_core.u_cf_sram_b18 matched with u_core.u_cf_sram_b18
u_core.u_cf_sram_b19 matched with u_core.u_cf_sram_b19
u_core.u_cf_sram_b19 matched with u_core.u_cf_sram_b19
u_core.u_cf_sram_b19 matched with u_core.u_cf_sram_b19
u_core.u_cf_sram_b19 matched with u_core.u_cf_sram_b19
u_core.u_cf_sram_b20 matched with u_core.u_cf_sram_b20
u_core.u_cf_sram_b20 matched with u_core.u_cf_sram_b20
u_core.u_cf_sram_b20 matched with u_core.u_cf_sram_b20
u_core.u_cf_sram_b20 matched with u_core.u_cf_sram_b20
u_core.u_cf_sram_b21 matched with u_core.u_cf_sram_b21
u_core.u_cf_sram_b21 matched with u_core.u_cf_sram_b21
u_core.u_cf_sram_b21 matched with u_core.u_cf_sram_b21
u_core.u_cf_sram_b21 matched with u_core.u_cf_sram_b21
u_core.u_cf_sram_b22 matched with u_core.u_cf_sram_b22
u_core.u_cf_sram_b22 matched with u_core.u_cf_sram_b22
u_core.u_cf_sram_b22 matched with u_core.u_cf_sram_b22
u_core.u_cf_sram_b22 matched with u_core.u_cf_sram_b22
u_core.u_cf_sram_b23 matched with u_core.u_cf_sram_b23
u_core.u_cf_sram_b23 matched with u_core.u_cf_sram_b23
u_core.u_cf_sram_b23 matched with u_core.u_cf_sram_b23
u_core.u_cf_sram_b23 matched with u_core.u_cf_sram_b23
u_core.u_cf_sram_b24 matched with u_core.u_cf_sram_b24
u_core.u_cf_sram_b24 matched with u_core.u_cf_sram_b24
u_core.u_cf_sram_b24 matched with u_core.u_cf_sram_b24
u_core.u_cf_sram_b24 matched with u_core.u_cf_sram_b24
u_core.u_cf_sram_b25 matched with u_core.u_cf_sram_b25
u_core.u_cf_sram_b25 matched with u_core.u_cf_sram_b25
u_core.u_cf_sram_b25 matched with u_core.u_cf_sram_b25
u_core.u_cf_sram_b25 matched with u_core.u_cf_sram_b25
u_core.u_cf_sram_b26 matched with u_core.u_cf_sram_b26
u_core.u_cf_sram_b26 matched with u_core.u_cf_sram_b26
u_core.u_cf_sram_b26 matched with u_core.u_cf_sram_b26
u_core.u_cf_sram_b26 matched with u_core.u_cf_sram_b26
u_core.u_cf_sram_b27 matched with u_core.u_cf_sram_b27
u_core.u_cf_sram_b27 matched with u_core.u_cf_sram_b27
u_core.u_cf_sram_b27 matched with u_core.u_cf_sram_b27
u_core.u_cf_sram_b27 matched with u_core.u_cf_sram_b27
u_core.u_cf_sram_b28 matched with u_core.u_cf_sram_b28
u_core.u_cf_sram_b28 matched with u_core.u_cf_sram_b28
u_core.u_cf_sram_b28 matched with u_core.u_cf_sram_b28
u_core.u_cf_sram_b28 matched with u_core.u_cf_sram_b28
u_core.u_cf_sram_b29 matched with u_core.u_cf_sram_b29
u_core.u_cf_sram_b29 matched with u_core.u_cf_sram_b29
u_core.u_cf_sram_b29 matched with u_core.u_cf_sram_b29
u_core.u_cf_sram_b29 matched with u_core.u_cf_sram_b29
u_core.u_cf_sram_b30 matched with u_core.u_cf_sram_b30
u_core.u_cf_sram_b30 matched with u_core.u_cf_sram_b30
u_core.u_cf_sram_b30 matched with u_core.u_cf_sram_b30
u_core.u_cf_sram_b30 matched with u_core.u_cf_sram_b30
u_core.u_cf_sram_b31 matched with u_core.u_cf_sram_b31
u_core.u_cf_sram_b31 matched with u_core.u_cf_sram_b31
u_core.u_cf_sram_b31 matched with u_core.u_cf_sram_b31
u_core.u_cf_sram_b31 matched with u_core.u_cf_sram_b31
[INFO ODB-0403] 0 connections made, 0 conflicts skipped.
Updating metrics…
Cell type report:                       Count       Area
  Macro                                    32 3807642.22
  Fill cell                             10116   37971.42
  Tap cell                             110482  138235.08
  Buffer                                   10      41.29
  Inverter                               2099    7878.81
  Sequential cell                       20368  519072.83
  Multi-Input combinational cell        68935  674091.51
  Total                                212042 5184933.15
Writing OpenROAD database to '/workspace/nc-project-20260529-210526/mspm33c321a_derivative_mcu/openlane/mspm33c321a_derivative_mcu_wrapper/runs/pnr_run_v2/46-openroad-globalplacement/mspm33c321a_derivative_mcu_wrapper.odb'…
Writing netlist to '/workspace/nc-project-20260529-210526/mspm33c321a_derivative_mcu/openlane/mspm33c321a_derivative_mcu_wrapper/runs/pnr_run_v2/46-openroad-globalplacement/mspm33c321a_derivative_mcu_wrapper.nl.v'…
Writing powered netlist to '/workspace/nc-project-20260529-210526/mspm33c321a_derivative_mcu/openlane/mspm33c321a_derivative_mcu_wrapper/runs/pnr_run_v2/46-openroad-globalplacement/mspm33c321a_derivative_mcu_wrapper.pnl.v'…
Writing layout to '/workspace/nc-project-20260529-210526/mspm33c321a_derivative_mcu/openlane/mspm33c321a_derivative_mcu_wrapper/runs/pnr_run_v2/46-openroad-globalplacement/mspm33c321a_derivative_mcu_wrapper.def'…
Writing timing constraints to '/workspace/nc-project-20260529-210526/mspm33c321a_derivative_mcu/openlane/mspm33c321a_derivative_mcu_wrapper/runs/pnr_run_v2/46-openroad-globalplacement/mspm33c321a_derivative_mcu_wrapper.sdc'…
