violation type: Unconnected shape
	srcs: net:VCCD
	bbox = (319.0300, 330.8650) - (698.8400, 331.7450) on Layer met2
violation type: Unconnected shape
	srcs: net:VCCD
	bbox = (319.0300, 330.7450) - (493.4300, 330.8650) on Layer met2
violation type: Unconnected shape
	srcs: net:VCCD
	bbox = (319.0300, 837.5200) - (493.4300, 837.6400) on Layer met2
violation type: Unconnected shape
	srcs: net:VCCD
	bbox = (319.0300, 837.6400) - (698.8400, 838.5200) on Layer met2
violation type: Unconnected shape
	srcs: net:VCCD
	bbox = (319.0300, 1344.2950) - (493.4300, 1344.4150) on Layer met2
violation type: Unconnected shape
	srcs: net:VCCD
	bbox = (319.0300, 1344.4150) - (698.8400, 1345.2950) on Layer met2
violation type: Unconnected shape
	srcs: net:VCCD
	bbox = (319.0300, 1851.0700) - (493.4300, 1851.1900) on Layer met2
violation type: Unconnected shape
	srcs: net:VCCD
	bbox = (319.0300, 1851.1900) - (698.8400, 1852.0700) on Layer met2
violation type: Unconnected shape
	srcs: net:VCCD
	bbox = (319.0300, 2357.8450) - (493.4300, 2357.9650) on Layer met2
violation type: Unconnected shape
	srcs: net:VCCD
	bbox = (319.0300, 2357.9650) - (698.8400, 2358.8450) on Layer met2
violation type: Unconnected shape
	srcs: net:VCCD
	bbox = (319.0300, 2864.6200) - (493.4300, 2864.7400) on Layer met2
violation type: Unconnected shape
	srcs: net:VCCD
	bbox = (319.0300, 2864.7400) - (698.8400, 2865.6200) on Layer met2
violation type: Unconnected shape
	srcs: net:VCCD
	bbox = (524.4400, 330.7450) - (698.8400, 330.8650) on Layer met2
violation type: Unconnected shape
	srcs: net:VCCD
	bbox = (524.4400, 837.5200) - (698.8400, 837.6400) on Layer met2
violation type: Unconnected shape
	srcs: net:VCCD
	bbox = (524.4400, 1344.2950) - (698.8400, 1344.4150) on Layer met2
violation type: Unconnected shape
	srcs: net:VCCD
	bbox = (524.4400, 1851.0700) - (698.8400, 1851.1900) on Layer met2
violation type: Unconnected shape
	srcs: net:VCCD
	bbox = (524.4400, 2357.8450) - (698.8400, 2357.9650) on Layer met2
violation type: Unconnected shape
	srcs: net:VCCD
	bbox = (524.4400, 2864.6200) - (698.8400, 2864.7400) on Layer met2
violation type: Unconnected shape
	srcs: net:VCCD
	bbox = (906.9000, 330.7450) - (1081.3000, 330.8650) on Layer met2
violation type: Unconnected shape
	srcs: net:VCCD
	bbox = (906.9000, 330.8650) - (1286.7100, 331.7450) on Layer met2
violation type: Unconnected shape
	srcs: net:VCCD
	bbox = (906.9000, 837.5200) - (1081.3000, 837.6400) on Layer met2
violation type: Unconnected shape
	srcs: net:VCCD
	bbox = (906.9000, 837.6400) - (1286.7100, 838.5200) on Layer met2
violation type: Unconnected shape
	srcs: net:VCCD
	bbox = (906.9000, 1344.2950) - (1081.3000, 1344.4150) on Layer met2
violation type: Unconnected shape
	srcs: net:VCCD
	bbox = (906.9000, 1344.4150) - (1286.7100, 1345.2950) on Layer met2
violation type: Unconnected shape
	srcs: net:VCCD
	bbox = (906.9000, 1851.0700) - (1081.3000, 1851.1900) on Layer met2
violation type: Unconnected shape
	srcs: net:VCCD
	bbox = (906.9000, 1851.1900) - (1286.7100, 1852.0700) on Layer met2
violation type: Unconnected shape
	srcs: net:VCCD
	bbox = (906.9000, 2357.8450) - (1081.3000, 2357.9650) on Layer met2
violation type: Unconnected shape
	srcs: net:VCCD
	bbox = (906.9000, 2357.9650) - (1286.7100, 2358.8450) on Layer met2
violation type: Unconnected shape
	srcs: net:VCCD
	bbox = (906.9000, 2864.6200) - (1081.3000, 2864.7400) on Layer met2
violation type: Unconnected shape
	srcs: net:VCCD
	bbox = (906.9000, 2864.7400) - (1286.7100, 2865.6200) on Layer met2
violation type: Unconnected shape
	srcs: net:VCCD
	bbox = (1112.3100, 330.7450) - (1286.7100, 330.8650) on Layer met2
violation type: Unconnected shape
	srcs: net:VCCD
	bbox = (1112.3100, 837.5200) - (1286.7100, 837.6400) on Layer met2
violation type: Unconnected shape
	srcs: net:VCCD
	bbox = (1112.3100, 1344.2950) - (1286.7100, 1344.4150) on Layer met2
violation type: Unconnected shape
	srcs: net:VCCD
	bbox = (1112.3100, 1851.0700) - (1286.7100, 1851.1900) on Layer met2
violation type: Unconnected shape
	srcs: net:VCCD
	bbox = (1112.3100, 2357.8450) - (1286.7100, 2357.9650) on Layer met2
violation type: Unconnected shape
	srcs: net:VCCD
	bbox = (1112.3100, 2864.6200) - (1286.7100, 2864.7400) on Layer met2
violation type: Unconnected shape
	srcs: net:VCCD
	bbox = (1494.7700, 330.7450) - (1669.1700, 330.8650) on Layer met2
violation type: Unconnected shape
	srcs: net:VCCD
	bbox = (1494.7700, 330.8650) - (1874.5800, 331.7450) on Layer met2
violation type: Unconnected shape
	srcs: net:VCCD
	bbox = (1494.7700, 837.5200) - (1669.1700, 837.6400) on Layer met2
violation type: Unconnected shape
	srcs: net:VCCD
	bbox = (1494.7700, 837.6400) - (1874.5800, 838.5200) on Layer met2
violation type: Unconnected shape
	srcs: net:VCCD
	bbox = (1494.7700, 1344.2950) - (1669.1700, 1344.4150) on Layer met2
violation type: Unconnected shape
	srcs: net:VCCD
	bbox = (1494.7700, 1344.4150) - (1874.5800, 1345.2950) on Layer met2
violation type: Unconnected shape
	srcs: net:VCCD
	bbox = (1494.7700, 1851.1900) - (1874.5800, 1852.0700) on Layer met2
violation type: Unconnected shape
	srcs: net:VCCD
	bbox = (1494.7700, 1851.0700) - (1669.1700, 1851.1900) on Layer met2
violation type: Unconnected shape
	srcs: net:VCCD
	bbox = (1494.7700, 2357.8450) - (1669.1700, 2357.9650) on Layer met2
violation type: Unconnected shape
	srcs: net:VCCD
	bbox = (1494.7700, 2357.9650) - (1874.5800, 2358.8450) on Layer met2
violation type: Unconnected shape
	srcs: net:VCCD
	bbox = (1700.1800, 330.7450) - (1874.5800, 330.8650) on Layer met2
violation type: Unconnected shape
	srcs: net:VCCD
	bbox = (1700.1800, 837.5200) - (1874.5800, 837.6400) on Layer met2
violation type: Unconnected shape
	srcs: net:VCCD
	bbox = (1700.1800, 1344.2950) - (1874.5800, 1344.4150) on Layer met2
violation type: Unconnected shape
	srcs: net:VCCD
	bbox = (1700.1800, 1851.0700) - (1874.5800, 1851.1900) on Layer met2
violation type: Unconnected shape
	srcs: net:VCCD
	bbox = (1700.1800, 2357.8450) - (1874.5800, 2357.9650) on Layer met2
violation type: Unconnected shape
	srcs: net:VCCD
	bbox = (2082.6400, 330.7450) - (2257.0400, 330.8650) on Layer met2
violation type: Unconnected shape
	srcs: net:VCCD
	bbox = (2082.6400, 330.8650) - (2462.4500, 331.7450) on Layer met2
violation type: Unconnected shape
	srcs: net:VCCD
	bbox = (2082.6400, 837.6400) - (2462.4500, 838.5200) on Layer met2
violation type: Unconnected shape
	srcs: net:VCCD
	bbox = (2082.6400, 837.5200) - (2257.0400, 837.6400) on Layer met2
violation type: Unconnected shape
	srcs: net:VCCD
	bbox = (2082.6400, 1344.2950) - (2257.0400, 1344.4150) on Layer met2
violation type: Unconnected shape
	srcs: net:VCCD
	bbox = (2082.6400, 1344.4150) - (2462.4500, 1345.2950) on Layer met2
violation type: Unconnected shape
	srcs: net:VCCD
	bbox = (2082.6400, 1851.1900) - (2462.4500, 1852.0700) on Layer met2
violation type: Unconnected shape
	srcs: net:VCCD
	bbox = (2082.6400, 1851.0700) - (2257.0400, 1851.1900) on Layer met2
violation type: Unconnected shape
	srcs: net:VCCD
	bbox = (2082.6400, 2357.8450) - (2257.0400, 2357.9650) on Layer met2
violation type: Unconnected shape
	srcs: net:VCCD
	bbox = (2082.6400, 2357.9650) - (2462.4500, 2358.8450) on Layer met2
violation type: Unconnected shape
	srcs: net:VCCD
	bbox = (2288.0500, 330.7450) - (2462.4500, 330.8650) on Layer met2
violation type: Unconnected shape
	srcs: net:VCCD
	bbox = (2288.0500, 837.5200) - (2462.4500, 837.6400) on Layer met2
violation type: Unconnected shape
	srcs: net:VCCD
	bbox = (2288.0500, 1344.2950) - (2462.4500, 1344.4150) on Layer met2
violation type: Unconnected shape
	srcs: net:VCCD
	bbox = (2288.0500, 1851.0700) - (2462.4500, 1851.1900) on Layer met2
violation type: Unconnected shape
	srcs: net:VCCD
	bbox = (2288.0500, 2357.8450) - (2462.4500, 2357.9650) on Layer met2
violation type: Unconnected shape
	srcs: net:VCCD
	bbox = (2670.5100, 330.8650) - (3050.3200, 331.7450) on Layer met2
violation type: Unconnected shape
	srcs: net:VCCD
	bbox = (2670.5100, 330.7450) - (2844.9100, 330.8650) on Layer met2
violation type: Unconnected shape
	srcs: net:VCCD
	bbox = (2670.5100, 837.5200) - (2844.9100, 837.6400) on Layer met2
violation type: Unconnected shape
	srcs: net:VCCD
	bbox = (2670.5100, 837.6400) - (3050.3200, 838.5200) on Layer met2
violation type: Unconnected shape
	srcs: net:VCCD
	bbox = (2670.5100, 1344.2950) - (2844.9100, 1344.4150) on Layer met2
violation type: Unconnected shape
	srcs: net:VCCD
	bbox = (2670.5100, 1344.4150) - (3050.3200, 1345.2950) on Layer met2
violation type: Unconnected shape
	srcs: net:VCCD
	bbox = (2670.5100, 1851.0700) - (2844.9100, 1851.1900) on Layer met2
violation type: Unconnected shape
	srcs: net:VCCD
	bbox = (2670.5100, 1851.1900) - (3050.3200, 1852.0700) on Layer met2
violation type: Unconnected shape
	srcs: net:VCCD
	bbox = (2670.5100, 2357.8450) - (2844.9100, 2357.9650) on Layer met2
violation type: Unconnected shape
	srcs: net:VCCD
	bbox = (2670.5100, 2357.9650) - (3050.3200, 2358.8450) on Layer met2
violation type: Unconnected shape
	srcs: net:VCCD
	bbox = (2875.9200, 330.7450) - (3050.3200, 330.8650) on Layer met2
violation type: Unconnected shape
	srcs: net:VCCD
	bbox = (2875.9200, 837.5200) - (3050.3200, 837.6400) on Layer met2
violation type: Unconnected shape
	srcs: net:VCCD
	bbox = (2875.9200, 1344.2950) - (3050.3200, 1344.4150) on Layer met2
violation type: Unconnected shape
	srcs: net:VCCD
	bbox = (2875.9200, 1851.0700) - (3050.3200, 1851.1900) on Layer met2
violation type: Unconnected shape
	srcs: net:VCCD
	bbox = (2875.9200, 2357.8450) - (3050.3200, 2357.9650) on Layer met2
violation type: Unconnected shape
	srcs: net:VCCD
	bbox = (3258.3800, 330.7450) - (3432.7800, 330.8650) on Layer met2
violation type: Unconnected shape
	srcs: net:VCCD
	bbox = (3258.3800, 330.8650) - (3638.1900, 331.7450) on Layer met2
violation type: Unconnected shape
	srcs: net:VCCD
	bbox = (3258.3800, 837.5200) - (3432.7800, 837.6400) on Layer met2
violation type: Unconnected shape
	srcs: net:VCCD
	bbox = (3258.3800, 837.6400) - (3638.1900, 838.5200) on Layer met2
violation type: Unconnected shape
	srcs: net:VCCD
	bbox = (3258.3800, 1344.2950) - (3432.7800, 1344.4150) on Layer met2
violation type: Unconnected shape
	srcs: net:VCCD
	bbox = (3258.3800, 1344.4150) - (3638.1900, 1345.2950) on Layer met2
violation type: Unconnected shape
	srcs: net:VCCD
	bbox = (3258.3800, 1851.0700) - (3432.7800, 1851.1900) on Layer met2
violation type: Unconnected shape
	srcs: net:VCCD
	bbox = (3258.3800, 1851.1900) - (3638.1900, 1852.0700) on Layer met2
violation type: Unconnected shape
	srcs: net:VCCD
	bbox = (3258.3800, 2357.8450) - (3432.7800, 2357.9650) on Layer met2
violation type: Unconnected shape
	srcs: net:VCCD
	bbox = (3258.3800, 2357.9650) - (3638.1900, 2358.8450) on Layer met2
violation type: Unconnected shape
	srcs: net:VCCD
	bbox = (3463.7900, 330.7450) - (3638.1900, 330.8650) on Layer met2
violation type: Unconnected shape
	srcs: net:VCCD
	bbox = (3463.7900, 837.5200) - (3638.1900, 837.6400) on Layer met2
violation type: Unconnected shape
	srcs: net:VCCD
	bbox = (3463.7900, 1344.2950) - (3638.1900, 1344.4150) on Layer met2
violation type: Unconnected shape
	srcs: net:VCCD
	bbox = (3463.7900, 1851.0700) - (3638.1900, 1851.1900) on Layer met2
violation type: Unconnected shape
	srcs: net:VCCD
	bbox = (3463.7900, 2357.8450) - (3638.1900, 2357.9650) on Layer met2
violation type: Unconnected instance
	srcs: inst:u_core.u_cf_sram_b0
	bbox = (315.0000, 315.0000) - (702.8700, 621.7750) on Layer -
violation type: Unconnected instance
	srcs: inst:u_core.u_cf_sram_b1
	bbox = (902.8700, 315.0000) - (1290.7400, 621.7750) on Layer -
violation type: Unconnected instance
	srcs: inst:u_core.u_cf_sram_b10
	bbox = (2666.4800, 821.7750) - (3054.3500, 1128.5500) on Layer -
violation type: Unconnected instance
	srcs: inst:u_core.u_cf_sram_b11
	bbox = (3254.3500, 821.7750) - (3642.2200, 1128.5500) on Layer -
violation type: Unconnected instance
	srcs: inst:u_core.u_cf_sram_b12
	bbox = (315.0000, 1328.5500) - (702.8700, 1635.3250) on Layer -
violation type: Unconnected instance
	srcs: inst:u_core.u_cf_sram_b13
	bbox = (902.8700, 1328.5500) - (1290.7400, 1635.3250) on Layer -
violation type: Unconnected instance
	srcs: inst:u_core.u_cf_sram_b14
	bbox = (1490.7400, 1328.5500) - (1878.6100, 1635.3250) on Layer -
violation type: Unconnected instance
	srcs: inst:u_core.u_cf_sram_b15
	bbox = (2078.6100, 1328.5500) - (2466.4800, 1635.3250) on Layer -
violation type: Unconnected instance
	srcs: inst:u_core.u_cf_sram_b16
	bbox = (2666.4800, 1328.5500) - (3054.3500, 1635.3250) on Layer -
violation type: Unconnected instance
	srcs: inst:u_core.u_cf_sram_b17
	bbox = (3254.3500, 1328.5500) - (3642.2200, 1635.3250) on Layer -
violation type: Unconnected instance
	srcs: inst:u_core.u_cf_sram_b18
	bbox = (315.0000, 1835.3250) - (702.8700, 2142.1000) on Layer -
violation type: Unconnected instance
	srcs: inst:u_core.u_cf_sram_b19
	bbox = (902.8700, 1835.3250) - (1290.7400, 2142.1000) on Layer -
violation type: Unconnected instance
	srcs: inst:u_core.u_cf_sram_b2
	bbox = (1490.7400, 315.0000) - (1878.6100, 621.7750) on Layer -
violation type: Unconnected instance
	srcs: inst:u_core.u_cf_sram_b20
	bbox = (1490.7400, 1835.3250) - (1878.6100, 2142.1000) on Layer -
violation type: Unconnected instance
	srcs: inst:u_core.u_cf_sram_b21
	bbox = (2078.6100, 1835.3250) - (2466.4800, 2142.1000) on Layer -
violation type: Unconnected instance
	srcs: inst:u_core.u_cf_sram_b22
	bbox = (2666.4800, 1835.3250) - (3054.3500, 2142.1000) on Layer -
violation type: Unconnected instance
	srcs: inst:u_core.u_cf_sram_b23
	bbox = (3254.3500, 1835.3250) - (3642.2200, 2142.1000) on Layer -
violation type: Unconnected instance
	srcs: inst:u_core.u_cf_sram_b24
	bbox = (315.0000, 2342.1000) - (702.8700, 2648.8750) on Layer -
violation type: Unconnected instance
	srcs: inst:u_core.u_cf_sram_b25
	bbox = (902.8700, 2342.1000) - (1290.7400, 2648.8750) on Layer -
violation type: Unconnected instance
	srcs: inst:u_core.u_cf_sram_b26
	bbox = (1490.7400, 2342.1000) - (1878.6100, 2648.8750) on Layer -
violation type: Unconnected instance
	srcs: inst:u_core.u_cf_sram_b27
	bbox = (2078.6100, 2342.1000) - (2466.4800, 2648.8750) on Layer -
violation type: Unconnected instance
	srcs: inst:u_core.u_cf_sram_b28
	bbox = (2666.4800, 2342.1000) - (3054.3500, 2648.8750) on Layer -
violation type: Unconnected instance
	srcs: inst:u_core.u_cf_sram_b29
	bbox = (3254.3500, 2342.1000) - (3642.2200, 2648.8750) on Layer -
violation type: Unconnected instance
	srcs: inst:u_core.u_cf_sram_b3
	bbox = (2078.6100, 315.0000) - (2466.4800, 621.7750) on Layer -
violation type: Unconnected instance
	srcs: inst:u_core.u_cf_sram_b30
	bbox = (315.0000, 2848.8750) - (702.8700, 3155.6500) on Layer -
violation type: Unconnected instance
	srcs: inst:u_core.u_cf_sram_b31
	bbox = (902.8700, 2848.8750) - (1290.7400, 3155.6500) on Layer -
violation type: Unconnected instance
	srcs: inst:u_core.u_cf_sram_b4
	bbox = (2666.4800, 315.0000) - (3054.3500, 621.7750) on Layer -
violation type: Unconnected instance
	srcs: inst:u_core.u_cf_sram_b5
	bbox = (3254.3500, 315.0000) - (3642.2200, 621.7750) on Layer -
violation type: Unconnected instance
	srcs: inst:u_core.u_cf_sram_b6
	bbox = (315.0000, 821.7750) - (702.8700, 1128.5500) on Layer -
violation type: Unconnected instance
	srcs: inst:u_core.u_cf_sram_b7
	bbox = (902.8700, 821.7750) - (1290.7400, 1128.5500) on Layer -
violation type: Unconnected instance
	srcs: inst:u_core.u_cf_sram_b8
	bbox = (1490.7400, 821.7750) - (1878.6100, 1128.5500) on Layer -
violation type: Unconnected instance
	srcs: inst:u_core.u_cf_sram_b9
	bbox = (2078.6100, 821.7750) - (2466.4800, 1128.5500) on Layer -
