Reading timing models for corner nom_tt_025C_1v80…
Reading timing library for the 'nom_tt_025C_1v80' corner at '/nc/pdk/ciel/sky130/versions/8afc8346a57fe1ab7934ba5a6056ea8b43078e71/sky130A/libs.ref/sky130_fd_sc_hd/lib/sky130_fd_sc_hd__tt_025C_1v80.lib'…
Reading timing library for the 'nom_tt_025C_1v80' corner at '/nc/ip/CF_SRAM_1024x32/v2.2.0-nc/lib/CF_SRAM_1024x32_tt_180V_25C.lib'…
[WARNING STA-1173] /nc/ip/CF_SRAM_1024x32/v2.2.0-nc/lib/CF_SRAM_1024x32_tt_180V_25C.lib line 62, default_fanout_load is 0.0.
Reading explicitly-specified extra libs for nom_tt_025C_1v80…
Reading extra timing library for the 'nom_tt_025C_1v80' corner at '/nc/ip/CF_SRAM_1024x32/v2.2.0-nc/lib/CF_SRAM_1024x32_ff_195V_100C.lib'…
[WARNING STA-1173] /nc/ip/CF_SRAM_1024x32/v2.2.0-nc/lib/CF_SRAM_1024x32_ff_195V_100C.lib line 76, default_fanout_load is 0.0.
Reading extra timing library for the 'nom_tt_025C_1v80' corner at '/nc/ip/CF_SRAM_1024x32/v2.2.0-nc/lib/CF_SRAM_1024x32_ss_160V_100C.lib'…
[WARNING STA-1173] /nc/ip/CF_SRAM_1024x32/v2.2.0-nc/lib/CF_SRAM_1024x32_ss_160V_100C.lib line 76, default_fanout_load is 0.0.
Reading extra timing library for the 'nom_tt_025C_1v80' corner at '/nc/ip/CF_SRAM_1024x32/v2.2.0-nc/lib/CF_SRAM_1024x32_tt_180V_25C.lib'…
[WARNING STA-1140] /nc/ip/CF_SRAM_1024x32/v2.2.0-nc/lib/CF_SRAM_1024x32_tt_180V_25C.lib line 29, library CF_SRAM_1024x32_tt_180V_25C already exists.
[WARNING STA-1173] /nc/ip/CF_SRAM_1024x32/v2.2.0-nc/lib/CF_SRAM_1024x32_tt_180V_25C.lib line 62, default_fanout_load is 0.0.
Reading technology LEF file at '/nc/pdk/ciel/sky130/versions/8afc8346a57fe1ab7934ba5a6056ea8b43078e71/sky130A/libs.ref/sky130_fd_sc_hd/techlef/sky130_fd_sc_hd__nom.tlef'…
[INFO ODB-0227] LEF file: /nc/pdk/ciel/sky130/versions/8afc8346a57fe1ab7934ba5a6056ea8b43078e71/sky130A/libs.ref/sky130_fd_sc_hd/techlef/sky130_fd_sc_hd__nom.tlef, created 14 layers, 25 vias
Reading cell LEF file at '/nc/pdk/ciel/sky130/versions/8afc8346a57fe1ab7934ba5a6056ea8b43078e71/sky130A/libs.ref/sky130_fd_sc_hd/lef/sky130_fd_sc_hd.lef'…
[WARNING ODB-0220] WARNING (LEFPARS-2008): NOWIREEXTENSIONATPIN statement is obsolete in version 5.6 or later.
The NOWIREEXTENSIONATPIN statement will be ignored. See file /nc/pdk/ciel/sky130/versions/8afc8346a57fe1ab7934ba5a6056ea8b43078e71/sky130A/libs.ref/sky130_fd_sc_hd/lef/sky130_fd_sc_hd.lef at line 2.

[INFO ODB-0227] LEF file: /nc/pdk/ciel/sky130/versions/8afc8346a57fe1ab7934ba5a6056ea8b43078e71/sky130A/libs.ref/sky130_fd_sc_hd/lef/sky130_fd_sc_hd.lef, created 437 library cells
Reading cell LEF file at '/nc/pdk/ciel/sky130/versions/8afc8346a57fe1ab7934ba5a6056ea8b43078e71/sky130A/libs.ref/sky130_fd_sc_hd/lef/sky130_ef_sc_hd.lef'…
[WARNING ODB-0220] WARNING (LEFPARS-2008): NOWIREEXTENSIONATPIN statement is obsolete in version 5.6 or later.
The NOWIREEXTENSIONATPIN statement will be ignored. See file /nc/pdk/ciel/sky130/versions/8afc8346a57fe1ab7934ba5a6056ea8b43078e71/sky130A/libs.ref/sky130_fd_sc_hd/lef/sky130_ef_sc_hd.lef at line 2.

[INFO ODB-0227] LEF file: /nc/pdk/ciel/sky130/versions/8afc8346a57fe1ab7934ba5a6056ea8b43078e71/sky130A/libs.ref/sky130_fd_sc_hd/lef/sky130_ef_sc_hd.lef, created 8 library cells
Reading macro LEF file at '/nc/ip/CF_SRAM_1024x32/v2.2.0-nc/lef/CF_SRAM_1024x32.lef'…
[WARNING ODB-0220] WARNING (LEFPARS-2008): NOWIREEXTENSIONATPIN statement is obsolete in version 5.6 or later.
The NOWIREEXTENSIONATPIN statement will be ignored. See file /nc/ip/CF_SRAM_1024x32/v2.2.0-nc/lef/CF_SRAM_1024x32.lef at line 26.

[INFO ODB-0227] LEF file: /nc/ip/CF_SRAM_1024x32/v2.2.0-nc/lef/CF_SRAM_1024x32.lef, created 1 library cells
Reading extra LEF file at '/nc/ip/CF_SRAM_1024x32/v2.2.0-nc/lef/CF_SRAM_1024x32.lef'…
[WARNING ODB-0229] Error: library (CF_SRAM_1024x32) already exists
[INFO ODB-0127] Reading DEF file: /workspace/nc-project-20260529-210526/mspm33c321a_derivative_mcu/openlane/mspm33c321a_derivative_mcu_wrapper/runs/pnr_run_v2/30-openroad-floorplan/mspm33c321a_derivative_mcu_wrapper.def
[INFO ODB-0128] Design: mspm33c321a_derivative_mcu_wrapper
[INFO ODB-0094] 		Created 100000 Insts
[INFO ODB-0094] 		Created 200000 Insts
[INFO ODB-0130]     Created 1291 pins.
[INFO ODB-0131]     Created 212042 components and 1005358 component-terminals.
[INFO ODB-0132]     Created 2 special nets and 627268 connections.
[INFO ODB-0133]     Created 92786 nets and 376713 connections.
[INFO ODB-0134] Finished DEF file: /workspace/nc-project-20260529-210526/mspm33c321a_derivative_mcu/openlane/mspm33c321a_derivative_mcu_wrapper/runs/pnr_run_v2/30-openroad-floorplan/mspm33c321a_derivative_mcu_wrapper.def
%OL_CREATE_REPORT tlef_values.rpt
 time 1ns
 capacitance 1pF
 resistance 1kohm
 voltage 1v
 current 1mA
 power 1nW
 distance 1um
== Technology LEF Values ==
=== Routing Layers ===
Name                Direction           Res/Unit Distance   Cap/Unit Distance   
li1                 VERTICAL            7.529412e-02        8.768172e-05        
met1                HORIZONTAL          8.928571e-04        8.474298e-05        
met2                VERTICAL            8.928571e-04        7.788992e-05        
met3                HORIZONTAL          1.566667e-04        8.568987e-05        
met4                VERTICAL            1.566667e-04        7.587661e-05        
met5                HORIZONTAL          1.781250e-05        8.781501e-05        
=== Vias ===
Name                Cut Resistance      
licon               0.000000e+00        
mcon                9.300000e-03        
via                 4.500000e-03        
via2                3.410000e-03        
via3                3.410000e-03        
via4                3.800000e-04        
%OL_END_REPORT
%OL_CREATE_REPORT layer_values_after.rpt
 time 1ns
 capacitance 1pF
 resistance 1kohm
 voltage 1v
 current 1mA
 power 1nW
 distance 1um
== Layer Values (After Set RC) ==
=== Routing Layers ===
Name                Direction           Res/Unit Distance   Cap/Unit Distance   
li1                 VERTICAL            7.529412e-02        8.768172e-05        
met1                HORIZONTAL          8.928571e-04        8.474298e-05        
met2                VERTICAL            8.928571e-04        7.788992e-05        
met3                HORIZONTAL          1.566667e-04        8.568987e-05        
met4                VERTICAL            1.566667e-04        7.587661e-05        
met5                HORIZONTAL          1.781250e-05        8.781501e-05        
=== Vias ===
Name                Cut Resistance      
licon               0.000000e+00        
mcon                9.300000e-03        
via                 4.500000e-03        
via2                3.410000e-03        
via3                3.410000e-03        
via4                3.800000e-04        
%OL_END_REPORT
%OL_CREATE_REPORT resizer_values_after.rpt
 time 1ns
 capacitance 1pF
 resistance 1kohm
 voltage 1v
 current 1mA
 power 1nW
 distance 1um
== Resizer RC Values (After Set RC) ==
=== Corner nom_tt_025C_1v80 ===
==== Estimation RC Values ====
Name                Direction           Res/Unit Distance   Cap/Unit Distance   
Signal              Avg                 4.402703e-04        8.148294e-05        
Clock               Avg                 4.402703e-04        8.148294e-05        
==== Rt. Layer RC Values ====
Name                Direction           Res/Unit Distance   Cap/Unit Distance   
li1                 VERTICAL            0.000000e+00        0.000000e+00        
met1                HORIZONTAL          0.000000e+00        0.000000e+00        
met2                VERTICAL            0.000000e+00        0.000000e+00        
met3                HORIZONTAL          0.000000e+00        0.000000e+00        
met4                VERTICAL            0.000000e+00        0.000000e+00        
met5                HORIZONTAL          0.000000e+00        0.000000e+00        
==== Via R Values ====
Name                Res/Unit Distance   
licon               0.000000e+00        
mcon                0.000000e+00        
via                 0.000000e+00        
via2                0.000000e+00        
via3                0.000000e+00        
via4                0.000000e+00        
%OL_END_REPORT
