333. Printing statistics.

=== mspm33c321a_derivative_mcu_wrapper ===

        +----------Local Count, excluding submodules.
        |        +-Local Area, excluding submodules.
        |        | 
    92788        - wires
    92788        - wire bits
    23275        - public wires
    23275        - public wire bits
     1291        - ports
     1291        - port bits
    91444  1.2E+06 cells
       32        -   CF_SRAM_1024x32
      397 4.97E+03   sky130_fd_sc_hd__a2111o_2
       18  270.259   sky130_fd_sc_hd__a2111oi_2
     1511 1.51E+04   sky130_fd_sc_hd__a211o_2
      107 1.34E+03   sky130_fd_sc_hd__a211oi_2
      184 1.84E+03   sky130_fd_sc_hd__a21bo_2
       76  855.821   sky130_fd_sc_hd__a21boi_2
     2365 2.07E+04   sky130_fd_sc_hd__a21o_2
     1991 1.74E+04   sky130_fd_sc_hd__a21oi_2
     3155 3.55E+04   sky130_fd_sc_hd__a221o_2
       60  900.864   sky130_fd_sc_hd__a221oi_2
     7062 7.07E+04   sky130_fd_sc_hd__a22o_2
       61  763.232   sky130_fd_sc_hd__a22oi_2
      408 4.59E+03   sky130_fd_sc_hd__a2bb2o_2
      279 3.14E+03   sky130_fd_sc_hd__a311o_2
        9   135.13   sky130_fd_sc_hd__a311oi_2
     1503 1.32E+04   sky130_fd_sc_hd__a31o_2
       44  550.528   sky130_fd_sc_hd__a31oi_2
      599 6.75E+03   sky130_fd_sc_hd__a32o_2
        1   16.266   sky130_fd_sc_hd__a32oi_2
       89    1E+03   sky130_fd_sc_hd__a41o_2
        6   97.594   sky130_fd_sc_hd__a41oi_2
     2167 1.63E+04   sky130_fd_sc_hd__and2_2
      399 3.49E+03   sky130_fd_sc_hd__and2b_2
     1728  1.3E+04   sky130_fd_sc_hd__and3_2
      255 2.55E+03   sky130_fd_sc_hd__and3b_2
      300  3002.88   sky130_fd_sc_hd__and4_2
      153 1.72E+03   sky130_fd_sc_hd__and4b_2
       63  788.256   sky130_fd_sc_hd__and4bb_2
        7   26.275   sky130_fd_sc_hd__buf_1
        3   15.014   sky130_fd_sc_hd__buf_2
     1345 5.05E+03   sky130_fd_sc_hd__conb_1
    15608  4.1E+05   sky130_fd_sc_hd__dfrtp_2
     1543 4.05E+04   sky130_fd_sc_hd__dfstp_2
     3217 6.84E+04   sky130_fd_sc_hd__dfxtp_2
     2099 7.88E+03   sky130_fd_sc_hd__inv_2
    12508 1.41E+05   sky130_fd_sc_hd__mux2_1
      754  1.7E+04   sky130_fd_sc_hd__mux4_2
     3440 2.15E+04   sky130_fd_sc_hd__nand2_2
      333 2.92E+03   sky130_fd_sc_hd__nand2b_2
      130  1.3E+03   sky130_fd_sc_hd__nand3_2
       33  371.606   sky130_fd_sc_hd__nand3b_2
       20   250.24   sky130_fd_sc_hd__nand4_2
        8  120.115   sky130_fd_sc_hd__nand4b_2
     3717 2.33E+04   sky130_fd_sc_hd__nor2_2
      159 1.59E+03   sky130_fd_sc_hd__nor3_2
       29  362.848   sky130_fd_sc_hd__nor3b_2
       46  575.552   sky130_fd_sc_hd__nor4_2
        7  105.101   sky130_fd_sc_hd__nor4b_2
      106 1.33E+03   sky130_fd_sc_hd__o2111a_2
       23  345.331   sky130_fd_sc_hd__o2111ai_2
     2206 2.21E+04   sky130_fd_sc_hd__o211a_2
       88  1.1E+03   sky130_fd_sc_hd__o211ai_2
     1818 1.59E+04   sky130_fd_sc_hd__o21a_2
     1373  1.2E+04   sky130_fd_sc_hd__o21ai_2
      277 2.77E+03   sky130_fd_sc_hd__o21ba_2
       63   709.43   sky130_fd_sc_hd__o21bai_2
     1736 1.95E+04   sky130_fd_sc_hd__o221a_2
       70 1.05E+03   sky130_fd_sc_hd__o221ai_2
     2823 2.83E+04   sky130_fd_sc_hd__o22a_2
       99 1.24E+03   sky130_fd_sc_hd__o22ai_2
      270 3.04E+03   sky130_fd_sc_hd__o2bb2a_2
        1   15.014   sky130_fd_sc_hd__o2bb2ai_2
      458 5.16E+03   sky130_fd_sc_hd__o311a_2
        2   32.531   sky130_fd_sc_hd__o311ai_2
      427 4.27E+03   sky130_fd_sc_hd__o31a_2
       48  600.576   sky130_fd_sc_hd__o31ai_2
      332 3.74E+03   sky130_fd_sc_hd__o32a_2
        7  113.859   sky130_fd_sc_hd__o32ai_2
       53  663.136   sky130_fd_sc_hd__o41a_2
        3   48.797   sky130_fd_sc_hd__o41ai_2
     3367 2.11E+04   sky130_fd_sc_hd__or2_2
     1255 9.42E+03   sky130_fd_sc_hd__or3_2
      322 2.82E+03   sky130_fd_sc_hd__or3b_2
      806  7059.27   sky130_fd_sc_hd__or4_2
      189 1.89E+03   sky130_fd_sc_hd__or4b_2
       29  362.848   sky130_fd_sc_hd__or4bb_2
     2216  3.6E+04   sky130_fd_sc_hd__xnor2_2
      949 1.54E+04   sky130_fd_sc_hd__xor2_2

   Area for cell type \CF_SRAM_1024x32 is unknown!

   Chip area for module '\mspm33c321a_derivative_mcu_wrapper': 1201084.435200
     of which used for sequential elements: 519072.832000 (43.22%)

