Clock: clk_in
Sources: clk_in 
Generated: no
Virtual: yes
Propagated: no
Period: 25.000000

===========================================================================
report_clock_properties
============================================================================
Clock                   Period          Waveform
----------------------------------------------------
clk_in               25.000000    0.000000 12.500000

===========================================================================
report_clock_latency
============================================================================
Clock clk_in
rise -> rise
    min     max
0.000000 0.000000 source latency
6.983129         network latency u_core.u_cf_sram_b2/CLKin
        36.979134 network latency _155224_/CLK
---------------
6.983129 36.979134 latency
        29.996006 skew

fall -> fall
    min     max
0.000000 0.000000 source latency
6.620621         network latency u_core.u_cf_sram_b2/CLKin
        34.946175 network latency _155224_/CLK
---------------
6.620621 34.946175 latency
        28.325552 skew



===========================================================================
report_clock_min_period
============================================================================
clk_in period_min = 104.36 fmax = 9.58
